0	2.003	1.815	26.607	33.544
1	1.750	1.695	35.280	37.620
2	1.619	1.532	40.026	43.379
3	1.520	1.462	44.123	46.394
4	1.434	1.371	47.957	50.120
5	1.363	1.285	50.415	53.155
6	1.300	1.279	53.035	53.856
7	1.242	1.232	55.280	55.980
8	1.193	1.158	57.240	58.153
9	1.154	1.161	58.770	58.193
10	1.112	1.246	60.136	57.011
11	1.079	1.055	61.563	61.879
12	1.040	1.028	62.939	62.981
13	1.017	1.014	63.620	63.462
14	0.990	1.015	64.742	63.522
15	0.959	0.987	65.847	65.124
16	0.944	0.967	66.486	65.565
17	0.915	0.958	67.628	66.556
18	0.895	0.948	68.253	66.927
19	0.877	0.924	68.900	66.967
20	0.863	0.907	69.385	68.289
21	0.846	0.938	69.974	67.778
22	0.825	0.883	70.779	69.101
23	0.819	0.915	71.102	67.768
24	0.808	0.839	71.392	70.052
25	0.789	0.788	72.031	72.336
26	0.787	0.841	72.183	70.773
27	0.765	0.905	72.945	69.281
28	0.763	0.851	72.915	70.403
29	0.758	0.958	73.301	67.358
30	0.746	0.798	73.660	72.636
31	0.739	1.019	73.810	66.126
32	0.733	0.899	73.910	69.311
33	0.727	0.879	74.235	70.272
34	0.716	0.813	74.776	71.865
35	0.712	0.824	74.902	71.845
36	0.699	0.801	75.493	71.945
37	0.702	0.803	75.467	72.416
38	0.696	0.814	75.479	72.175
39	0.683	0.728	76.006	75.040
40	0.675	0.736	76.370	74.559
41	0.679	0.699	76.166	75.701
42	0.664	0.827	76.587	71.474
43	0.665	0.792	76.414	73.438
44	0.661	0.794	76.881	72.736
45	0.653	0.723	77.222	75.511
46	0.643	0.846	77.278	70.713
47	0.647	0.704	77.318	75.260
48	0.636	0.766	77.794	73.618
49	0.634	0.717	77.784	75.060
50	0.626	0.969	78.087	69.231
51	0.621	0.754	78.033	74.269
52	0.618	0.707	78.271	75.591
53	0.609	0.763	78.494	74.529
54	0.613	0.901	78.429	71.094
55	0.604	0.744	78.718	74.369
56	0.598	0.750	79.181	74.089
57	0.601	0.669	78.940	76.603
58	0.593	0.689	79.173	76.613
59	0.591	0.686	79.301	76.823
60	0.595	0.753	79.077	74.599
61	0.596	0.693	79.151	76.082
62	0.582	0.692	79.597	76.532
63	0.580	0.755	79.581	75.200
64	0.578	0.824	79.852	72.186
65	0.582	0.724	79.477	74.800
66	0.570	0.707	80.020	76.052
67	0.568	0.664	80.178	77.163
68	0.566	0.708	80.290	75.711
69	0.563	0.646	80.312	77.774
70	0.566	0.751	80.248	74.990
71	0.568	0.915	80.266	70.613
72	0.557	0.847	80.593	72.175
73	0.557	0.614	80.537	78.706
74	0.556	0.720	80.467	75.651
75	0.565	0.754	80.343	75.691
76	0.558	0.713	80.439	75.751
77	0.555	0.741	80.833	75.521
78	0.558	0.825	80.467	71.975
79	0.548	0.661	80.797	77.013
80	0.545	0.681	80.938	77.424
81	0.544	0.672	80.851	77.654
82	0.542	0.742	80.996	74.810
83	0.540	0.822	81.158	71.855
84	0.546	0.625	80.978	78.456
85	0.537	0.741	81.244	75.471
86	0.537	0.624	81.198	78.425
87	0.541	0.690	81.128	76.703
88	0.536	0.745	81.194	75.230
89	0.542	0.686	80.964	77.304
90	0.535	0.656	81.208	77.364
91	0.534	0.827	81.342	73.377
92	0.536	0.685	81.292	77.334
93	0.535	0.688	81.410	76.763
94	0.531	0.621	81.330	78.526
95	0.528	0.765	81.615	74.069
96	0.533	0.741	81.284	75.521
97	0.525	0.676	81.697	76.402
98	0.523	0.669	81.709	77.063
99	0.526	0.689	81.522	77.063
100	0.514	0.601	82.256	79.667
101	0.521	0.674	81.833	77.304
102	0.523	0.651	81.851	78.065
103	0.518	0.587	81.927	79.637
104	0.517	0.775	81.877	74.730
105	0.515	0.630	81.879	79.097
106	0.516	0.727	82.167	76.162
107	0.517	0.659	81.901	76.573
108	0.510	0.688	82.039	77.224
109	0.522	0.693	81.919	77.063
110	0.513	0.844	82.232	72.175
111	0.519	0.800	81.763	72.596
112	0.517	0.650	81.895	78.055
113	0.514	0.698	82.003	76.442
114	0.509	0.709	82.246	75.341
115	0.510	0.727	82.216	76.613
116	0.517	0.722	82.005	75.931
117	0.509	0.805	82.424	73.818
118	0.511	0.735	82.143	75.831
119	0.507	0.768	82.256	75.441
120	0.506	0.756	82.370	75.321
121	0.506	0.631	82.426	78.776
122	0.510	0.694	82.234	77.734
123	0.502	0.679	82.540	76.763
124	0.507	0.715	82.286	76.432
125	0.511	0.798	82.212	74.219
126	0.501	0.622	82.672	78.816
127	0.504	0.603	82.356	79.677
128	0.506	0.671	82.324	77.935
129	0.502	0.604	82.392	80.018
130	0.505	0.674	82.300	77.003
131	0.510	0.655	82.262	77.714
132	0.499	0.617	82.612	78.746
133	0.496	0.699	82.756	76.903
134	0.498	0.841	82.514	72.025
135	0.498	0.888	82.833	71.715
136	0.495	0.630	82.674	79.167
137	0.500	0.705	82.544	76.943
138	0.499	0.596	82.578	79.718
139	0.494	0.826	82.610	73.498
140	0.498	0.791	82.452	73.848
141	0.500	0.550	82.514	80.509
142	0.505	0.661	82.372	77.424
143	0.488	0.593	82.957	79.818
144	0.492	0.760	82.702	76.182
145	0.496	0.672	82.660	77.274
146	0.491	0.695	82.772	76.593
147	0.494	0.773	82.640	74.649
148	0.497	0.667	82.498	77.264
149	0.487	0.681	82.907	76.863
150	0.489	0.585	82.867	80.409
151	0.491	0.664	82.899	77.794
152	0.489	0.602	82.891	79.567
153	0.491	0.635	82.889	77.985
154	0.492	0.625	82.724	78.425
155	0.493	0.681	82.582	77.935
156	0.484	0.793	82.939	71.905
157	0.496	0.621	82.620	79.046
158	0.488	0.736	82.877	76.813
159	0.482	0.661	83.153	77.804
160	0.487	0.788	83.157	74.649
161	0.481	0.583	83.083	80.018
162	0.485	0.666	83.139	77.845
163	0.489	0.657	82.899	78.195
164	0.487	0.748	83.019	75.581
165	0.481	0.598	83.149	79.748
166	0.480	0.836	83.401	72.496
167	0.478	0.769	83.241	74.619
168	0.484	0.676	83.069	77.013
169	0.475	0.649	83.285	78.706
170	0.482	0.669	83.169	76.693
171	0.482	0.651	83.143	77.504
172	0.483	0.700	83.081	76.552
173	0.485	0.546	83.167	80.990
174	0.472	0.643	83.544	77.784
175	0.482	0.688	83.345	76.843
176	0.481	0.579	83.383	80.339
177	0.477	0.701	83.329	76.963
178	0.478	0.622	83.325	78.516
179	0.482	0.681	83.313	77.895
180	0.472	0.733	83.327	75.331
181	0.478	0.603	83.259	79.347
182	0.481	0.628	83.165	79.187
183	0.474	0.645	83.498	78.405
184	0.469	0.715	83.602	75.952
185	0.475	0.588	83.462	80.258
186	0.475	0.579	83.233	80.379
187	0.473	0.629	83.632	78.436
188	0.478	0.660	83.221	77.394
189	0.473	0.690	83.446	77.494
190	0.473	0.619	83.444	79.567
191	0.476	0.716	83.319	76.402
192	0.476	0.834	83.381	72.336
193	0.473	0.623	83.419	78.486
194	0.472	0.587	83.682	79.768
195	0.470	0.571	83.560	80.609
196	0.474	0.610	83.498	79.167
197	0.474	0.681	83.436	77.384
198	0.474	0.985	83.456	70.413
199	0.475	0.608	83.243	79.537
200	0.473	0.564	83.488	80.789
201	0.464	0.607	83.802	79.798
202	0.469	0.628	83.674	78.626
203	0.459	0.733	83.970	75.982
204	0.467	0.613	83.680	79.507
205	0.471	0.715	83.524	76.843
206	0.464	0.714	83.818	76.733
207	0.464	0.532	83.766	81.571
208	0.470	0.634	83.646	78.235
209	0.468	0.646	83.714	77.764
210	0.471	0.768	83.624	74.910
211	0.467	0.848	83.704	73.458
212	0.465	0.816	83.640	73.508
213	0.462	0.696	83.788	77.454
214	0.466	0.616	83.564	80.198
215	0.462	0.564	84.008	80.679
216	0.464	0.643	83.776	78.746
217	0.462	0.890	83.656	70.984
218	0.467	0.671	83.660	77.103
219	0.464	0.673	83.770	77.885
220	0.462	0.587	83.840	80.048
221	0.464	0.708	83.700	77.594
222	0.459	0.639	83.934	78.275
223	0.460	0.634	83.910	78.496
224	0.460	0.785	83.748	74.950
225	0.456	0.633	83.994	78.646
226	0.462	0.634	83.950	78.516
227	0.464	0.561	83.848	80.579
228	0.455	0.681	84.091	76.913
229	0.461	0.663	83.872	78.075
230	0.453	0.585	84.335	80.248
231	0.455	0.683	84.014	78.005
232	0.462	0.714	83.860	76.242
233	0.455	0.933	84.149	69.732
234	0.462	0.634	83.846	78.365
235	0.454	0.734	84.191	75.541
236	0.456	0.662	84.137	77.855
237	0.457	0.598	83.942	79.958
238	0.454	0.680	84.251	78.005
239	0.454	0.711	84.167	76.262
240	0.455	0.578	84.149	80.138
241	0.455	0.627	84.247	78.866
242	0.453	1.075	83.996	68.329
243	0.456	0.635	84.050	78.976
244	0.456	0.584	84.113	79.357
245	0.452	0.751	84.133	76.502
246	0.453	0.702	84.135	76.843
247	0.450	0.716	84.431	76.973
248	0.455	0.562	84.159	80.559
249	0.454	0.571	84.115	80.879
250	0.450	0.667	84.259	78.265
251	0.448	0.665	84.147	77.574
252	0.446	0.586	84.301	80.409
253	0.449	0.614	84.165	79.567
254	0.448	0.686	84.287	76.983
255	0.454	1.055	84.143	69.661
256	0.452	0.577	84.175	80.649
257	0.452	0.539	84.289	81.330
258	0.451	0.606	84.247	79.547
259	0.444	0.605	84.417	78.986
260	0.449	0.590	84.307	80.168
261	0.441	0.623	84.521	79.537
262	0.444	0.649	84.599	78.796
263	0.441	0.576	84.503	80.439
264	0.447	0.604	84.453	79.107
265	0.443	0.776	84.537	75.751
266	0.445	0.715	84.435	75.821
267	0.442	0.556	84.505	80.569
268	0.445	0.998	84.387	70.142
269	0.443	0.613	84.641	80.188
270	0.447	0.527	84.275	82.602
271	0.451	0.871	84.099	74.990
272	0.446	0.591	84.337	79.998
273	0.450	0.689	84.233	77.153
274	0.438	0.532	84.690	81.941
275	0.440	0.604	84.599	79.597
276	0.439	0.562	84.766	81.020
277	0.441	0.708	84.555	77.374
278	0.439	0.571	84.828	80.759
279	0.438	0.654	84.708	78.476
280	0.440	0.584	84.663	79.898
281	0.443	0.700	84.413	76.723
282	0.436	0.792	84.776	74.589
283	0.434	0.583	84.970	80.108
284	0.437	0.603	84.690	79.637
285	0.443	0.571	84.601	80.799
286	0.437	0.656	84.647	78.035
287	0.441	0.770	84.505	74.770
288	0.436	0.650	84.688	78.836
289	0.432	0.620	85.160	78.446
290	0.435	0.602	84.758	79.046
291	0.435	0.595	84.716	80.088
292	0.432	0.677	84.724	77.985
293	0.436	0.643	84.824	78.536
294	0.437	0.741	84.798	75.030
295	0.440	0.699	84.571	76.873
296	0.438	0.514	84.792	82.522
297	0.436	0.664	84.621	77.544
298	0.431	0.802	85.032	75.531
299	0.434	0.650	84.922	78.425
300	0.421	0.717	85.206	77.053
301	0.431	0.596	84.944	80.679
302	0.434	0.668	84.936	77.404
303	0.431	0.617	84.954	78.415
304	0.430	0.708	84.916	76.863
305	0.431	0.569	84.834	80.308
306	0.426	0.670	85.026	77.975
307	0.426	0.653	85.096	78.355
308	0.423	0.579	85.224	80.288
309	0.430	0.664	84.968	78.225
310	0.429	0.680	85.046	77.424
311	0.422	0.578	85.276	80.078
312	0.419	0.626	85.475	79.307
313	0.426	0.696	85.084	76.562
314	0.429	0.578	84.936	80.329
315	0.423	0.757	85.399	75.591
316	0.416	0.547	85.294	81.370
317	0.427	0.542	84.906	81.150
318	0.422	0.615	85.296	79.277
319	0.427	0.645	84.990	77.043
320	0.423	0.621	85.232	79.187
321	0.419	0.556	85.220	80.940
322	0.421	0.549	85.228	81.420
323	0.429	0.559	84.990	80.609
324	0.421	0.654	85.327	78.205
325	0.425	0.833	85.158	73.257
326	0.417	0.697	85.449	76.232
327	0.414	0.787	85.515	75.811
328	0.417	0.569	85.529	80.589
329	0.416	0.617	85.585	78.916
330	0.419	0.532	85.425	81.691
331	0.419	0.544	85.357	81.310
332	0.422	0.655	85.132	78.315
333	0.416	0.627	85.311	78.906
334	0.427	0.523	85.048	82.262
335	0.414	0.608	85.613	79.577
336	0.417	0.563	85.511	81.210
337	0.413	0.875	85.433	73.638
338	0.416	0.875	85.621	72.696
339	0.411	0.711	85.427	77.113
340	0.411	0.691	85.545	77.734
341	0.420	0.543	85.230	81.631
342	0.412	0.581	85.459	80.689
343	0.414	0.590	85.421	79.978
344	0.416	0.577	85.393	81.040
345	0.407	0.565	85.597	80.980
346	0.412	0.653	85.509	78.536
347	0.409	0.724	85.641	75.631
348	0.414	0.738	85.443	76.472
349	0.413	0.790	85.451	75.581
350	0.410	0.662	85.585	79.097
351	0.415	0.577	85.533	80.529
352	0.408	0.569	85.651	81.390
353	0.413	0.585	85.471	80.889
354	0.410	0.632	85.575	80.058
355	0.408	0.577	85.785	79.928
356	0.408	0.595	85.775	80.829
357	0.405	0.606	85.767	80.088
358	0.403	0.554	85.927	82.091
359	0.408	0.599	85.669	80.909
360	0.405	0.566	85.805	80.819
361	0.405	0.515	85.829	82.512
362	0.408	0.674	85.873	77.133
363	0.409	0.573	85.619	81.390
364	0.409	0.554	85.609	81.310
365	0.401	0.653	85.994	78.836
366	0.402	0.589	85.671	80.629
367	0.399	0.551	86.040	80.990
368	0.396	0.652	86.100	79.427
369	0.400	0.529	85.827	82.512
370	0.402	0.533	85.873	81.891
371	0.402	0.571	85.929	81.200
372	0.399	0.560	86.122	81.360
373	0.401	0.543	85.954	81.841
374	0.400	0.544	85.907	81.951
375	0.396	0.528	86.114	82.141
376	0.408	0.516	85.545	82.562
377	0.403	0.772	85.739	75.982
378	0.397	0.602	85.927	80.619
379	0.398	0.780	86.112	74.870
380	0.394	0.562	86.198	81.520
381	0.400	0.559	85.897	81.110
382	0.399	0.661	86.080	79.107
383	0.405	0.637	85.791	78.666
384	0.400	0.596	86.060	80.439
385	0.400	1.014	86.034	69.381
386	0.396	0.546	86.150	81.711
387	0.395	1.033	86.174	71.094
388	0.395	0.642	86.080	78.746
389	0.396	0.570	86.182	80.909
390	0.394	0.558	86.224	81.510
391	0.394	0.526	86.338	82.011
392	0.395	0.792	86.058	75.581
393	0.394	0.560	86.192	82.021
394	0.392	0.523	86.274	82.672
395	0.391	0.511	86.308	82.833
396	0.392	0.603	86.114	80.369
397	0.396	0.533	86.132	82.101
398	0.399	0.578	86.176	80.879
399	0.387	0.661	86.442	77.935
400	0.396	0.577	86.138	81.771
401	0.395	0.596	86.112	80.339
402	0.393	0.612	86.192	79.477
403	0.392	0.715	86.290	76.382
404	0.390	0.905	86.346	72.686
405	0.393	0.575	86.282	80.919
406	0.384	0.900	86.480	73.357
407	0.392	0.580	86.144	80.689
408	0.393	0.602	85.992	80.308
409	0.390	0.603	86.310	80.529
410	0.387	0.526	86.358	82.492
411	0.391	0.549	86.208	81.440
412	0.390	0.599	86.318	80.268
413	0.387	0.535	86.573	81.240
414	0.389	0.638	86.308	79.908
415	0.388	0.570	86.374	80.799
416	0.389	0.640	86.358	79.197
417	0.387	0.900	86.438	72.566
418	0.388	0.602	86.242	80.749
419	0.385	0.541	86.484	81.641
420	0.389	0.702	86.306	77.825
421	0.384	0.534	86.605	82.181
422	0.388	0.531	86.302	82.141
423	0.384	0.708	86.516	77.394
424	0.386	0.624	86.418	80.178
425	0.378	0.647	86.731	79.087
426	0.381	0.736	86.651	77.554
427	0.382	0.593	86.621	80.519
428	0.388	0.525	86.296	81.931
429	0.381	0.573	86.498	81.711
430	0.381	0.563	86.609	81.080
431	0.386	0.646	86.597	79.607
432	0.375	0.789	86.861	75.200
433	0.379	0.493	86.773	83.383
434	0.382	0.537	86.550	81.881
435	0.383	0.676	86.528	77.484
436	0.382	0.500	86.599	83.554
437	0.374	0.622	86.791	79.748
438	0.378	0.699	86.861	77.334
439	0.383	0.487	86.482	83.604
440	0.378	0.556	86.709	81.060
441	0.380	0.541	86.715	81.831
442	0.381	0.527	86.607	82.552
443	0.379	0.598	86.843	81.030
444	0.377	0.633	86.745	78.656
445	0.379	0.497	86.681	83.013
446	0.376	0.583	86.891	81.010
447	0.374	0.599	86.929	80.268
448	0.372	0.580	87.025	80.689
449	0.376	0.638	86.833	79.036
450	0.380	0.542	86.853	82.051
451	0.373	0.501	86.959	83.403
452	0.370	0.505	87.177	82.652
453	0.371	0.598	86.995	80.469
454	0.376	0.667	86.845	77.965
455	0.372	0.612	86.991	79.738
456	0.374	0.542	86.861	82.081
457	0.372	0.481	86.883	83.323
458	0.368	0.550	87.135	81.430
459	0.374	0.513	86.887	83.373
460	0.366	0.618	87.244	79.758
461	0.374	0.534	86.693	82.081
462	0.370	0.569	86.999	80.980
463	0.368	0.656	87.013	78.626
464	0.371	0.696	86.895	78.145
465	0.372	0.638	86.975	79.177
466	0.373	0.534	86.777	82.232
467	0.373	0.599	86.983	80.639
468	0.371	0.524	86.915	82.702
469	0.368	0.547	87.169	82.001
470	0.371	0.527	86.821	82.131
471	0.372	0.728	86.959	77.254
472	0.365	0.516	87.250	82.522
473	0.370	0.664	87.041	79.527
474	0.372	0.588	86.929	80.649
475	0.365	0.475	87.115	83.804
476	0.374	0.609	86.769	80.409
477	0.372	0.562	86.987	81.470
478	0.367	0.819	87.204	75.621
479	0.366	0.554	87.222	80.599
480	0.369	0.506	87.077	82.843
481	0.368	0.705	87.069	77.324
482	0.367	0.563	87.123	81.270
483	0.366	0.724	87.127	77.093
484	0.370	0.502	86.935	83.554
485	0.368	0.799	86.937	74.519
486	0.371	0.629	87.055	80.298
487	0.364	0.565	87.362	81.901
488	0.362	0.728	87.258	77.344
489	0.368	0.525	86.893	82.602
490	0.363	0.497	87.244	83.143
491	0.368	0.628	87.003	79.718
492	0.357	0.590	87.358	80.479
493	0.362	0.501	87.416	83.303
494	0.366	0.528	87.167	82.742
495	0.364	0.516	87.266	82.432
496	0.366	0.461	87.286	84.615
497	0.363	0.598	87.322	80.940
498	0.366	0.592	87.169	80.960
499	0.362	0.591	87.298	80.990
500	0.359	0.499	87.394	82.792
501	0.364	0.573	87.276	80.819
502	0.362	0.707	87.450	77.354
503	0.357	0.569	87.394	80.639
504	0.368	0.517	87.083	82.592
505	0.366	0.576	87.254	81.330
506	0.369	0.515	87.103	83.474
507	0.363	0.539	87.222	81.781
508	0.358	0.495	87.598	83.704
509	0.364	0.515	87.242	82.532
510	0.364	0.743	87.364	76.823
511	0.361	0.680	87.348	78.335
512	0.356	0.576	87.460	81.350
513	0.361	0.555	87.400	81.911
514	0.355	0.541	87.488	82.712
515	0.359	0.505	87.340	83.023
516	0.356	0.570	87.464	81.771
517	0.360	0.489	87.508	83.694
518	0.364	0.478	87.081	83.894
519	0.361	0.490	87.256	83.604
520	0.356	0.543	87.462	81.881
521	0.359	0.676	87.368	78.626
522	0.356	0.520	87.478	82.853
523	0.358	0.502	87.332	82.752
524	0.355	0.537	87.552	82.512
525	0.354	0.612	87.560	80.389
526	0.352	0.562	87.592	81.581
527	0.354	0.463	87.536	84.315
528	0.354	0.467	87.456	84.014
529	0.361	0.536	87.153	82.021
530	0.357	0.556	87.340	81.901
531	0.354	0.498	87.636	83.954
532	0.352	0.491	87.692	83.594
533	0.359	0.540	87.324	82.011
534	0.355	0.524	87.490	82.692
535	0.357	0.736	87.486	77.815
536	0.353	0.497	87.462	83.323
537	0.352	0.567	87.604	81.330
538	0.351	0.594	87.618	80.819
539	0.354	0.495	87.576	83.714
540	0.350	0.540	87.728	81.881
541	0.353	0.549	87.612	81.971
542	0.348	0.488	87.885	83.554
543	0.349	0.535	87.788	82.973
544	0.353	0.537	87.654	81.991
545	0.352	0.450	87.722	84.806
546	0.352	0.573	87.518	81.290
547	0.345	0.540	87.847	82.572
548	0.348	0.525	87.833	83.143
549	0.340	0.468	87.987	84.245
550	0.351	0.542	87.514	82.312
551	0.347	0.513	87.712	83.253
552	0.353	0.568	87.568	81.300
553	0.345	0.492	87.931	83.674
554	0.342	0.552	87.977	82.202
555	0.352	0.555	87.618	81.881
556	0.339	0.515	87.977	83.273
557	0.351	0.571	87.887	81.601
558	0.347	0.735	87.620	78.335
559	0.345	0.530	87.855	83.143
560	0.344	0.586	87.865	80.970
561	0.344	0.565	87.841	80.849
562	0.346	0.531	87.760	82.552
563	0.342	0.514	88.027	82.923
564	0.343	0.493	87.937	83.444
565	0.343	0.545	87.879	82.552
566	0.347	0.482	87.841	83.574
567	0.342	0.535	87.979	82.041
568	0.340	0.512	88.071	82.652
569	0.341	0.535	87.891	82.222
570	0.344	0.511	87.724	82.322
571	0.342	0.507	88.135	83.223
572	0.339	0.487	88.025	83.794
573	0.340	0.543	88.191	81.200
574	0.337	0.496	88.173	83.564
575	0.340	0.486	88.019	83.444
576	0.340	0.659	88.043	79.708
577	0.339	0.543	87.955	82.592
578	0.346	0.682	87.851	77.975
579	0.347	0.476	87.764	83.814
580	0.343	0.509	87.975	82.602
581	0.341	0.467	88.119	84.615
582	0.342	0.744	87.929	76.953
583	0.341	0.497	88.143	83.353
584	0.337	0.649	88.083	80.499
585	0.339	0.503	88.155	83.644
586	0.333	0.541	88.225	82.442
587	0.341	0.485	87.995	83.854
588	0.340	0.615	88.039	80.950
589	0.336	0.493	88.081	83.423
590	0.338	0.564	88.041	81.240
591	0.340	0.529	87.869	82.462
592	0.338	0.495	87.905	83.393
593	0.338	0.472	88.151	84.235
594	0.329	0.522	88.395	82.412
595	0.343	0.545	87.857	82.322
596	0.336	0.489	88.401	83.403
597	0.333	0.513	88.301	82.792
598	0.336	0.584	88.195	80.919
599	0.337	0.631	88.209	80.008
600	0.333	0.543	88.287	82.151
601	0.336	0.531	88.129	81.761
602	0.337	0.474	88.165	83.894
603	0.334	0.589	88.183	81.751
604	0.335	0.527	88.205	82.382
605	0.338	0.454	88.259	84.716
606	0.335	0.466	88.093	84.465
607	0.329	0.490	88.444	83.774
608	0.331	0.520	88.407	83.333
609	0.332	0.475	88.307	84.235
610	0.330	0.621	88.265	80.879
611	0.332	0.443	88.361	84.946
612	0.333	0.517	88.383	83.193
613	0.330	0.647	88.466	79.577
614	0.335	0.474	88.201	84.195
615	0.330	0.448	88.564	85.126
616	0.329	0.464	88.452	84.054
617	0.328	0.568	88.355	81.831
618	0.333	0.485	88.173	83.794
619	0.327	0.477	88.586	84.065
620	0.331	0.462	88.243	84.615
621	0.326	0.469	88.468	84.425
622	0.329	0.532	88.472	82.662
623	0.335	0.537	88.369	82.402
624	0.329	0.492	88.281	83.724
625	0.326	0.488	88.486	83.714
626	0.325	0.483	88.608	84.065
627	0.329	0.579	88.536	81.180
628	0.323	0.508	88.464	83.824
629	0.326	0.481	88.618	84.115
630	0.330	0.495	88.540	83.444
631	0.328	0.657	88.359	79.818
632	0.331	0.569	88.301	81.631
633	0.325	0.496	88.670	83.974
634	0.324	0.548	88.546	82.171
635	0.330	0.498	88.474	83.674
636	0.323	0.569	88.582	81.821
637	0.327	0.490	88.421	83.634
638	0.326	0.439	88.490	85.337
639	0.324	0.528	88.638	82.662
640	0.320	0.473	88.632	84.535
641	0.326	0.496	88.456	83.173
642	0.320	0.505	88.550	83.724
643	0.319	0.504	88.812	83.063
644	0.318	0.506	88.844	82.903
645	0.323	0.499	88.576	83.794
646	0.321	0.779	88.596	75.741
647	0.318	0.503	88.876	83.584
648	0.319	0.462	88.728	84.505
649	0.318	0.475	88.810	83.934
650	0.315	0.485	88.944	83.524
651	0.311	0.488	89.107	83.774
652	0.317	0.498	88.848	83.964
653	0.318	0.512	88.892	83.293
654	0.310	0.528	89.024	83.904
655	0.317	0.508	88.760	83.313
656	0.316	0.568	88.842	81.731
657	0.314	0.473	88.920	84.816
658	0.313	0.458	88.922	84.916
659	0.310	0.460	89.135	85.286
660	0.315	0.466	88.854	84.866
661	0.315	0.465	88.980	84.696
662	0.315	0.564	88.720	81.500
663	0.312	0.501	89.014	84.195
664	0.311	0.503	89.026	83.904
665	0.313	0.493	89.054	83.634
666	0.311	0.536	88.910	82.792
667	0.311	0.598	88.974	81.180
668	0.312	0.465	88.964	84.635
669	0.311	0.528	89.095	82.923
670	0.307	0.492	89.054	84.415
671	0.308	0.438	89.034	85.317
672	0.312	0.507	89.111	83.784
673	0.307	0.457	89.201	85.357
674	0.313	0.498	88.862	83.974
675	0.312	0.488	88.954	84.385
676	0.306	0.454	89.301	85.216
677	0.308	0.510	89.107	83.704
678	0.307	0.579	89.129	81.180
679	0.306	0.473	89.109	84.545
680	0.307	0.487	89.219	83.974
681	0.306	0.485	89.227	84.305
682	0.309	0.514	89.069	83.313
683	0.303	0.526	89.253	83.594
684	0.300	0.515	89.533	83.413
685	0.308	0.473	88.954	84.315
686	0.307	0.548	89.115	82.792
687	0.307	0.510	89.079	83.904
688	0.305	0.443	89.087	85.747
689	0.301	0.427	89.295	85.887
690	0.302	0.474	89.217	84.485
691	0.301	0.500	89.297	83.934
692	0.308	0.502	89.036	83.934
693	0.297	0.523	89.543	82.893
694	0.303	0.499	89.277	83.794
695	0.301	0.483	89.269	84.295
696	0.304	0.479	89.159	84.495
697	0.302	0.549	89.395	82.562
698	0.302	0.547	89.177	83.003
699	0.301	0.464	89.443	84.665
700	0.304	0.515	89.389	82.863
701	0.302	0.475	89.295	84.726
702	0.295	0.510	89.665	82.993
703	0.299	0.575	89.409	82.021
704	0.300	0.476	89.535	84.635
705	0.294	0.527	89.571	83.053
706	0.297	0.505	89.429	83.514
707	0.299	0.506	89.503	83.233
708	0.299	0.560	89.447	81.490
709	0.295	0.467	89.577	84.836
710	0.300	0.537	89.463	82.913
711	0.298	0.447	89.511	85.226
712	0.295	0.480	89.740	84.425
713	0.295	0.481	89.411	84.846
714	0.292	0.461	89.629	84.966
715	0.293	0.444	89.718	85.317
716	0.294	0.457	89.671	85.196
717	0.290	0.430	89.724	86.028
718	0.293	0.424	89.567	85.978
719	0.293	0.462	89.649	84.195
720	0.294	0.474	89.559	84.816
721	0.294	0.442	89.567	85.417
722	0.294	0.438	89.527	85.397
723	0.293	0.434	89.523	86.058
724	0.290	0.444	89.696	85.096
725	0.290	0.483	89.758	84.615
726	0.289	0.461	89.673	84.966
727	0.293	0.482	89.531	84.716
728	0.288	0.442	89.726	85.677
729	0.295	0.420	89.535	86.408
730	0.289	0.503	89.796	83.524
731	0.290	0.537	89.698	83.143
732	0.289	0.454	89.760	85.377
733	0.288	0.462	89.710	84.966
734	0.283	0.442	89.846	85.166
735	0.291	0.428	89.675	86.168
736	0.287	0.481	89.724	84.605
737	0.285	0.481	90.130	84.806
738	0.284	0.464	90.008	84.986
739	0.289	0.469	89.882	84.716
740	0.290	0.500	89.754	84.285
741	0.286	0.450	89.752	85.377
742	0.285	0.456	89.954	85.296
743	0.288	0.449	89.625	85.517
744	0.284	0.508	90.066	84.135
745	0.283	0.473	90.060	84.535
746	0.290	0.429	89.754	85.877
747	0.280	0.479	90.102	84.345
748	0.284	0.453	89.990	85.276
749	0.284	0.457	89.906	85.677
750	0.284	0.533	89.908	83.103
751	0.283	0.442	90.034	85.757
752	0.286	0.461	89.862	85.577
753	0.281	0.431	90.080	85.737
754	0.281	0.452	89.966	85.327
755	0.280	0.439	90.028	85.867
756	0.284	0.466	89.858	84.946
757	0.280	0.452	90.196	85.747
758	0.280	0.436	90.056	85.857
759	0.278	0.432	90.112	85.948
760	0.284	0.465	90.070	84.786
761	0.279	0.474	90.180	84.906
762	0.283	0.430	90.002	85.757
763	0.280	0.434	90.096	85.938
764	0.281	0.449	90.026	85.347
765	0.280	0.474	90.018	84.916
766	0.275	0.490	90.278	84.936
767	0.282	0.447	89.986	85.647
768	0.277	0.419	90.272	86.238
769	0.276	0.453	90.144	85.657
770	0.281	0.483	90.082	84.886
771	0.274	0.462	90.258	85.116
772	0.274	0.435	90.266	85.927
773	0.278	0.411	90.132	86.408
774	0.272	0.424	90.397	86.258
775	0.277	0.432	90.276	85.767
776	0.271	0.452	90.286	85.206
777	0.275	0.443	90.447	85.337
778	0.270	0.460	90.317	85.817
779	0.266	0.441	90.463	85.717
780	0.271	0.480	90.367	84.235
781	0.274	0.450	90.517	85.817
782	0.274	0.430	90.395	85.988
783	0.273	0.482	90.226	83.684
784	0.270	0.426	90.397	86.008
785	0.275	0.488	90.256	84.095
786	0.268	0.434	90.547	86.068
787	0.271	0.437	90.296	86.258
788	0.269	0.457	90.371	85.206
789	0.267	0.436	90.477	86.278
790	0.271	0.442	90.515	85.687
791	0.270	0.445	90.423	85.407
792	0.273	0.427	90.335	86.328
793	0.266	0.447	90.473	85.747
794	0.270	0.406	90.459	86.458
795	0.270	0.406	90.535	86.518
796	0.265	0.431	90.765	85.687
797	0.267	0.453	90.687	85.467
798	0.269	0.436	90.421	86.148
799	0.267	0.445	90.655	85.777
800	0.269	0.431	90.465	85.867
801	0.265	0.417	90.479	86.779
802	0.266	0.419	90.521	86.498
803	0.265	0.431	90.605	86.058
804	0.263	0.439	90.675	85.907
805	0.266	0.433	90.381	85.917
806	0.262	0.421	90.683	86.178
807	0.262	0.425	90.693	86.238
808	0.260	0.440	90.687	86.048
809	0.261	0.471	90.697	85.226
810	0.263	0.430	90.605	85.978
811	0.261	0.459	90.695	84.916
812	0.262	0.416	90.553	86.779
813	0.264	0.449	90.703	85.507
814	0.262	0.425	90.695	86.168
815	0.258	0.440	90.873	85.767
816	0.257	0.413	90.905	86.719
817	0.258	0.410	90.990	86.599
818	0.259	0.434	90.829	85.958
819	0.258	0.429	90.789	85.988
820	0.259	0.442	90.829	85.958
821	0.259	0.465	90.901	85.337
822	0.255	0.428	90.911	86.248
823	0.259	0.405	90.749	86.749
824	0.257	0.462	90.952	84.956
825	0.258	0.433	90.948	85.897
826	0.257	0.436	90.946	85.747
827	0.254	0.438	90.903	85.927
828	0.257	0.413	90.946	86.709
829	0.254	0.423	90.919	86.589
830	0.253	0.405	90.986	86.639
831	0.252	0.429	90.889	86.228
832	0.251	0.425	91.206	86.148
833	0.254	0.444	90.968	85.797
834	0.255	0.431	90.895	85.847
835	0.250	0.427	91.106	86.288
836	0.249	0.438	91.010	85.917
837	0.255	0.411	90.966	86.659
838	0.247	0.477	91.200	84.826
839	0.251	0.407	91.106	86.478
840	0.251	0.446	91.142	86.088
841	0.249	0.419	91.192	86.609
842	0.252	0.430	91.048	85.847
843	0.252	0.435	90.976	86.458
844	0.250	0.414	91.170	86.518
845	0.248	0.433	91.160	85.887
846	0.255	0.445	90.885	86.218
847	0.245	0.446	91.338	86.048
848	0.251	0.445	91.094	85.667
849	0.247	0.439	91.224	85.687
850	0.251	0.400	91.156	86.859
851	0.247	0.408	91.246	86.839
852	0.246	0.416	91.410	86.508
853	0.247	0.415	91.276	86.629
854	0.248	0.431	91.208	85.917
855	0.251	0.419	91.088	86.268
856	0.249	0.453	91.188	85.877
857	0.244	0.424	91.454	86.358
858	0.247	0.472	91.248	85.236
859	0.245	0.454	91.256	85.927
860	0.245	0.428	91.338	86.548
861	0.242	0.433	91.380	86.228
862	0.240	0.434	91.344	86.158
863	0.245	0.414	91.354	86.619
864	0.244	0.427	91.242	86.639
865	0.242	0.442	91.514	85.637
866	0.246	0.438	91.186	86.108
867	0.241	0.421	91.464	86.148
868	0.246	0.423	91.244	86.438
869	0.238	0.428	91.470	86.458
870	0.240	0.424	91.514	86.749
871	0.237	0.424	91.536	86.228
872	0.239	0.430	91.484	86.068
873	0.240	0.433	91.416	86.478
874	0.238	0.425	91.498	86.498
875	0.237	0.437	91.651	86.488
876	0.239	0.448	91.456	86.078
877	0.238	0.417	91.398	86.979
878	0.237	0.411	91.524	86.629
879	0.238	0.441	91.528	86.038
880	0.239	0.411	91.506	86.989
881	0.237	0.419	91.516	86.729
882	0.240	0.412	91.426	86.769
883	0.235	0.411	91.707	87.109
884	0.231	0.416	91.913	86.809
885	0.234	0.421	91.643	86.629
886	0.238	0.413	91.462	86.669
887	0.234	0.413	91.639	86.318
888	0.232	0.395	91.661	86.999
889	0.237	0.404	91.522	87.079
890	0.233	0.430	91.657	86.438
891	0.236	0.414	91.544	86.709
892	0.229	0.407	91.885	86.849
893	0.231	0.429	91.783	86.478
894	0.232	0.420	91.855	86.619
895	0.232	0.408	91.705	86.789
896	0.230	0.426	91.779	86.579
897	0.234	0.423	91.683	86.979
898	0.231	0.415	91.767	86.709
899	0.233	0.434	91.657	86.759
900	0.233	0.407	91.765	87.280
901	0.229	0.415	91.815	86.729
902	0.230	0.421	91.773	86.739
903	0.225	0.411	91.945	87.119
904	0.230	0.445	91.799	85.897
905	0.226	0.412	91.893	86.919
906	0.229	0.431	91.841	86.188
907	0.230	0.421	91.799	86.899
908	0.230	0.413	91.753	87.029
909	0.230	0.414	91.843	87.099
910	0.224	0.417	91.945	86.659
911	0.223	0.414	92.091	87.019
912	0.225	0.414	92.011	86.839
913	0.226	0.430	91.853	86.589
914	0.226	0.408	91.871	87.129
915	0.227	0.402	91.909	87.109
916	0.228	0.393	91.897	87.410
917	0.224	0.401	91.831	87.119
918	0.225	0.424	92.059	86.769
919	0.224	0.413	92.051	87.009
920	0.221	0.407	92.127	87.240
921	0.224	0.420	92.033	86.518
922	0.222	0.409	92.089	86.779
923	0.221	0.409	92.031	86.969
924	0.223	0.412	92.079	86.458
925	0.225	0.413	91.905	86.939
926	0.221	0.392	92.177	87.270
927	0.220	0.412	92.153	87.280
928	0.220	0.408	92.099	87.129
929	0.223	0.401	91.983	86.889
930	0.218	0.402	92.280	87.450
931	0.223	0.395	92.029	87.640
932	0.218	0.398	92.224	87.390
933	0.219	0.405	92.224	87.270
934	0.220	0.402	92.171	87.029
935	0.218	0.406	92.212	86.889
936	0.217	0.412	92.258	87.260
937	0.216	0.401	92.280	87.450
938	0.216	0.420	92.418	86.999
939	0.216	0.395	92.400	87.360
940	0.217	0.434	92.133	86.228
941	0.216	0.393	92.318	87.620
942	0.217	0.386	92.167	87.630
943	0.216	0.394	92.388	87.660
944	0.216	0.398	92.286	87.129
945	0.212	0.404	92.414	86.929
946	0.214	0.398	92.494	87.500
947	0.215	0.408	92.296	87.059
948	0.213	0.406	92.438	87.340
949	0.216	0.405	92.364	87.190
950	0.211	0.409	92.448	86.879
951	0.214	0.391	92.358	87.861
952	0.214	0.409	92.302	87.099
953	0.209	0.408	92.528	87.049
954	0.211	0.394	92.406	87.350
955	0.213	0.406	92.474	87.300
956	0.208	0.400	92.712	87.400
957	0.211	0.396	92.518	87.650
958	0.208	0.393	92.498	87.470
959	0.211	0.393	92.508	87.260
960	0.210	0.389	92.416	87.871
961	0.211	0.401	92.422	87.270
962	0.208	0.403	92.472	87.320
963	0.207	0.416	92.576	86.899
964	0.210	0.391	92.504	87.800
965	0.208	0.396	92.540	87.560
966	0.210	0.395	92.548	87.220
967	0.211	0.395	92.356	87.420
968	0.208	0.404	92.624	87.280
969	0.210	0.394	92.500	87.520
970	0.207	0.398	92.648	87.480
971	0.209	0.393	92.548	87.370
972	0.209	0.399	92.442	87.490
973	0.205	0.392	92.768	87.770
974	0.209	0.398	92.554	87.290
975	0.209	0.388	92.568	87.540
976	0.205	0.406	92.630	87.500
977	0.204	0.390	92.829	87.550
978	0.207	0.397	92.544	87.560
979	0.208	0.405	92.576	87.300
980	0.208	0.388	92.570	87.450
981	0.207	0.391	92.520	87.540
982	0.208	0.399	92.428	87.610
983	0.205	0.384	92.788	87.991
984	0.204	0.379	92.760	87.841
985	0.204	0.394	92.756	87.530
986	0.206	0.394	92.624	87.280
987	0.201	0.392	92.895	87.450
988	0.207	0.383	92.606	87.891
989	0.205	0.389	92.760	87.540
990	0.203	0.385	92.758	87.770
991	0.205	0.379	92.823	87.921
992	0.203	0.392	92.734	87.750
993	0.202	0.387	92.700	87.811
994	0.201	0.393	92.774	87.530
995	0.202	0.395	92.798	87.891
996	0.203	0.385	92.782	87.971
997	0.199	0.389	92.965	87.821
998	0.199	0.400	92.871	87.480
999	0.201	0.387	92.788	87.770
