Namespace(arch='resnet20_1w1a', workers=4, epochs=1000, warm_up_epochs=16, start_epoch=0, batch_size=256, lr=0.1, momentum=0.9, weight_decay=0.0001, num_classes=10, seed=0, dynamic_range=[0.8, 0.0], resume='', evaluate=False, save_dir='saveModel-008', print_freq=200, save_every=200)
Epoch	train_loss	val_loss	train_acc	val_acc	
0	2.002	1.798	27.141	32.051
1	1.734	1.647	35.869	38.091
2	1.596	1.541	41.226	43.119
3	1.514	1.549	44.405	42.218
4	1.434	1.422	48.181	47.486
5	1.358	1.268	50.699	54.217
6	1.286	1.203	53.798	57.712
7	1.220	1.308	56.380	53.305
8	1.159	1.248	58.882	57.362
9	1.121	1.084	60.178	61.258
10	1.089	1.204	61.320	58.704
11	1.052	1.177	62.624	59.906
12	1.013	1.076	63.964	61.629
13	0.999	1.086	64.401	61.749
14	0.973	1.071	65.341	63.271
15	0.948	1.028	66.468	64.643
16	0.930	1.007	67.147	66.176
17	0.897	1.057	68.141	64.633
18	0.887	0.991	68.640	66.867
19	0.865	1.066	69.319	66.056
20	0.853	1.023	70.062	66.787
21	0.835	0.930	70.449	68.630
22	0.819	1.025	71.106	67.929
23	0.802	0.951	71.755	68.209
24	0.795	0.993	71.931	67.117
25	0.783	0.973	72.292	68.199
26	0.768	1.112	72.606	65.715
27	0.758	0.968	73.079	67.959
28	0.747	0.882	73.554	70.543
29	0.740	0.892	73.826	69.371
30	0.727	0.868	74.485	71.124
31	0.719	0.996	74.816	67.849
32	0.711	0.805	74.888	72.456
33	0.702	0.849	75.455	71.124
34	0.694	0.881	75.583	71.595
35	0.681	0.778	76.132	74.089
36	0.672	0.897	76.577	70.042
37	0.661	0.829	76.959	72.536
38	0.654	0.897	77.033	70.062
39	0.659	0.717	76.855	75.501
40	0.643	0.729	77.568	75.240
41	0.643	0.701	77.384	75.621
42	0.631	0.817	77.857	73.327
43	0.629	0.734	77.975	74.980
44	0.619	0.735	78.225	74.880
45	0.628	0.928	77.949	69.191
46	0.617	0.685	78.450	77.093
47	0.619	0.735	78.343	75.040
48	0.606	0.687	78.940	76.132
49	0.605	0.746	78.726	75.160
50	0.608	0.754	78.822	73.958
51	0.601	0.730	79.251	75.711
52	0.592	0.634	79.395	78.065
53	0.592	0.637	79.377	77.614
54	0.589	0.738	79.423	75.150
55	0.582	0.685	79.752	77.704
56	0.590	0.601	79.569	78.876
57	0.578	0.691	79.838	76.803
58	0.582	0.644	79.762	78.075
59	0.574	0.809	80.132	72.646
60	0.576	0.676	79.960	77.083
61	0.571	0.785	80.098	73.898
62	0.565	0.718	80.234	75.561
63	0.560	0.706	80.443	75.962
64	0.567	0.723	80.230	75.972
65	0.563	0.662	80.244	77.494
66	0.555	0.889	80.673	70.312
67	0.558	0.722	80.589	75.711
68	0.555	0.646	80.525	78.245
69	0.550	0.685	80.970	77.594
70	0.543	0.791	80.986	73.728
71	0.548	0.796	80.974	74.339
72	0.550	0.736	80.865	76.052
73	0.540	0.667	81.154	77.394
74	0.542	0.657	81.090	78.345
75	0.543	0.755	81.026	73.738
76	0.535	0.685	81.426	77.153
77	0.527	0.735	81.585	75.661
78	0.537	0.682	81.356	77.153
79	0.543	0.710	81.102	75.421
80	0.536	0.631	81.430	77.995
81	0.538	0.697	81.344	76.903
82	0.527	0.632	81.653	79.137
83	0.535	0.650	81.558	77.875
84	0.529	0.748	81.422	75.911
85	0.526	0.655	81.520	77.634
86	0.531	0.817	81.641	73.508
87	0.527	0.744	81.603	75.321
88	0.526	0.611	81.709	79.187
89	0.524	0.677	81.709	77.274
90	0.526	0.586	81.747	79.818
91	0.526	0.700	81.633	76.923
92	0.518	0.755	81.857	74.079
93	0.526	0.711	81.725	75.831
94	0.522	0.579	81.811	80.278
95	0.519	0.624	81.877	79.127
96	0.516	0.789	81.965	74.609
97	0.510	0.664	82.175	78.025
98	0.511	0.830	82.103	72.927
99	0.512	0.666	81.969	78.165
100	0.516	0.689	82.051	76.723
101	0.514	0.734	81.847	76.122
102	0.510	0.713	82.111	75.371
103	0.512	0.633	82.085	79.207
104	0.512	0.750	82.105	74.980
105	0.505	0.587	82.470	79.337
106	0.507	0.629	82.534	79.097
107	0.513	0.621	81.901	79.067
108	0.508	0.635	82.398	78.826
109	0.507	0.827	82.224	73.257
110	0.506	0.738	82.284	74.880
111	0.504	0.588	82.446	79.808
112	0.502	0.642	82.702	77.594
113	0.502	0.678	82.456	77.654
114	0.498	0.712	82.544	75.671
115	0.510	0.671	82.220	77.444
116	0.497	0.614	82.730	78.936
117	0.497	0.661	82.692	77.935
118	0.497	0.590	82.504	79.798
119	0.501	0.730	82.574	76.172
120	0.499	0.685	82.526	76.963
121	0.500	0.585	82.582	80.098
122	0.496	0.630	82.520	78.686
123	0.505	0.659	82.306	78.806
124	0.492	0.610	82.796	79.407
125	0.498	0.605	82.478	79.197
126	0.501	0.580	82.488	80.208
127	0.495	0.691	82.702	76.793
128	0.499	0.588	82.678	80.389
129	0.491	0.723	82.855	76.042
130	0.493	0.922	82.702	72.927
131	0.491	0.623	82.897	78.506
132	0.495	0.770	82.700	74.569
133	0.488	0.684	83.001	76.843
134	0.498	0.776	82.684	74.990
135	0.494	0.681	82.811	77.163
136	0.490	0.731	82.806	75.931
137	0.483	0.777	83.343	75.871
138	0.481	0.705	83.207	76.362
139	0.490	0.785	82.871	74.299
140	0.495	0.884	82.592	72.065
141	0.484	0.833	83.039	73.007
142	0.485	0.619	83.073	79.257
143	0.487	0.689	82.993	76.833
144	0.495	0.647	82.522	78.696
145	0.486	0.627	83.149	79.197
146	0.486	0.654	83.069	77.604
147	0.484	0.581	83.097	79.567
148	0.482	0.664	83.089	78.415
149	0.483	0.687	83.137	77.093
150	0.484	0.683	83.227	77.584
151	0.479	0.708	83.113	75.831
152	0.485	0.660	83.047	78.165
153	0.474	0.625	83.492	79.347
154	0.484	0.566	82.955	80.278
155	0.478	0.613	83.325	78.656
156	0.484	0.742	83.043	75.781
157	0.481	0.629	83.367	78.726
158	0.482	0.756	83.217	74.679
159	0.485	0.657	83.171	78.235
160	0.478	0.655	83.397	77.875
161	0.476	0.598	83.417	79.788
162	0.480	0.623	83.277	78.265
163	0.475	0.608	83.542	78.836
164	0.486	0.616	82.975	79.157
165	0.481	0.577	83.093	80.609
166	0.478	0.744	83.229	75.992
167	0.480	0.564	83.239	80.889
168	0.475	0.617	83.359	79.167
169	0.474	0.637	83.460	78.265
170	0.477	0.575	83.281	80.619
171	0.473	0.643	83.444	78.856
172	0.480	0.567	83.259	80.709
173	0.467	0.721	83.742	76.332
174	0.469	0.572	83.544	80.879
175	0.471	0.769	83.558	74.750
176	0.475	0.698	83.397	76.763
177	0.471	0.652	83.522	77.324
178	0.468	0.657	83.738	78.395
179	0.472	0.688	83.566	77.103
180	0.475	0.656	83.397	77.644
181	0.470	0.746	83.546	76.813
182	0.467	0.630	83.682	79.067
183	0.473	0.708	83.413	76.573
184	0.472	0.607	83.580	80.028
185	0.471	0.722	83.431	74.669
186	0.469	0.635	83.780	78.155
187	0.469	0.585	83.652	80.639
188	0.468	0.630	83.427	78.896
189	0.471	0.688	83.548	77.554
190	0.463	0.731	83.842	75.751
191	0.472	0.746	83.494	75.010
192	0.466	0.614	83.850	80.499
193	0.460	0.632	83.746	79.467
194	0.464	0.546	83.668	81.300
195	0.463	0.700	83.930	76.613
196	0.461	0.581	83.786	80.449
197	0.461	0.592	83.970	79.798
198	0.462	0.773	83.870	73.197
199	0.462	0.623	83.888	79.397
200	0.462	0.773	83.870	74.489
201	0.459	0.821	84.014	74.920
202	0.464	0.636	83.644	78.486
203	0.457	0.595	84.117	79.587
204	0.458	0.760	83.872	74.850
205	0.464	0.581	83.740	80.489
206	0.460	0.706	83.888	76.302
207	0.464	0.613	83.824	79.087
208	0.456	0.604	84.058	79.968
209	0.461	0.713	83.832	76.723
210	0.460	0.596	83.978	79.918
211	0.464	0.673	83.950	78.005
212	0.458	0.737	84.010	76.603
213	0.457	0.565	84.056	81.070
214	0.458	0.560	84.004	80.779
215	0.453	0.566	84.040	81.180
216	0.453	0.615	84.297	79.407
217	0.461	0.618	83.834	79.287
218	0.452	0.802	84.237	74.038
219	0.449	0.785	84.265	74.169
220	0.459	0.631	83.952	78.836
221	0.455	0.564	84.004	80.829
222	0.452	0.741	84.221	75.150
223	0.453	0.647	84.028	78.075
224	0.450	0.744	84.189	76.222
225	0.452	0.651	84.385	78.846
226	0.456	0.638	84.085	78.846
227	0.452	0.650	84.197	78.295
228	0.447	0.626	84.475	78.906
229	0.456	0.601	84.022	80.369
230	0.448	0.730	84.367	75.621
231	0.449	0.612	84.371	79.667
232	0.451	0.674	84.139	78.005
233	0.455	0.548	84.109	81.240
234	0.449	0.724	84.387	76.362
235	0.447	0.644	84.231	79.016
236	0.446	0.614	84.507	78.806
237	0.447	0.592	84.359	80.138
238	0.445	0.640	84.445	79.577
239	0.449	0.741	84.387	75.571
240	0.445	0.711	84.341	77.284
241	0.449	0.565	84.315	79.988
242	0.439	0.636	84.591	78.536
243	0.445	0.613	84.525	79.667
244	0.447	0.608	84.329	79.237
245	0.448	1.061	84.249	67.047
246	0.441	0.842	84.760	72.997
247	0.443	0.529	84.483	82.031
248	0.441	0.720	84.561	75.952
249	0.442	0.756	84.712	74.910
250	0.438	0.572	84.637	80.499
251	0.452	0.503	84.117	82.873
252	0.437	0.708	84.806	77.033
253	0.441	0.660	84.597	78.656
254	0.435	0.655	84.778	78.235
255	0.443	0.631	84.317	79.377
256	0.436	0.627	84.704	79.447
257	0.438	0.636	84.653	79.377
258	0.442	0.654	84.615	78.105
259	0.442	0.795	84.545	74.649
260	0.430	0.645	84.996	77.985
261	0.439	0.553	84.744	81.561
262	0.433	0.613	85.014	78.506
263	0.431	0.837	85.004	72.877
264	0.437	0.666	84.870	77.905
265	0.437	0.663	84.671	78.365
266	0.431	0.618	84.976	80.088
267	0.438	0.569	84.671	81.040
268	0.438	0.570	84.694	80.679
269	0.433	0.644	84.756	79.357
270	0.428	0.673	85.156	77.955
271	0.430	0.562	84.926	81.500
272	0.428	1.031	85.024	68.389
273	0.428	0.615	85.038	79.427
274	0.435	0.614	84.950	79.036
275	0.436	0.685	84.848	76.222
276	0.431	0.576	84.968	80.499
277	0.430	0.707	85.018	77.073
278	0.429	0.689	85.236	77.364
279	0.427	0.688	85.112	77.424
280	0.427	0.572	84.942	80.369
281	0.428	0.740	84.960	75.771
282	0.426	0.678	84.992	78.966
283	0.422	0.579	85.286	80.689
284	0.433	0.583	84.916	80.278
285	0.425	0.561	85.160	81.631
286	0.427	0.569	85.066	81.140
287	0.426	0.677	85.180	77.244
288	0.425	0.652	85.158	78.776
289	0.425	0.619	85.008	78.916
290	0.427	0.672	84.916	77.694
291	0.423	0.565	85.028	81.050
292	0.429	0.866	84.978	73.117
293	0.427	0.573	84.980	80.709
294	0.416	0.559	85.268	81.130
295	0.416	0.592	85.389	80.118
296	0.420	0.676	85.367	78.706
297	0.419	0.598	85.270	80.659
298	0.423	0.561	85.176	80.579
299	0.419	0.600	85.339	80.519
300	0.416	0.592	85.467	80.329
301	0.424	0.672	85.090	77.945
302	0.420	0.884	85.278	73.848
303	0.419	0.654	85.425	77.885
304	0.429	0.757	85.066	74.559
305	0.419	0.671	85.319	78.425
306	0.415	0.600	85.585	79.748
307	0.414	0.605	85.469	79.898
308	0.415	0.599	85.489	79.667
309	0.419	0.592	85.230	80.298
310	0.412	0.546	85.777	81.430
311	0.414	0.817	85.381	75.170
312	0.419	0.806	85.325	74.149
313	0.418	0.582	85.319	80.298
314	0.416	0.667	85.379	78.085
315	0.417	0.553	85.393	81.040
316	0.417	0.598	85.515	80.238
317	0.417	0.678	85.365	78.175
318	0.414	0.562	85.591	81.721
319	0.409	0.639	85.647	78.906
320	0.415	0.591	85.417	79.968
321	0.415	0.624	85.609	78.876
322	0.412	0.641	85.461	79.217
323	0.412	0.746	85.383	76.292
324	0.416	0.596	85.525	80.188
325	0.412	0.580	85.697	81.550
326	0.409	0.636	85.643	78.095
327	0.414	0.604	85.635	79.978
328	0.413	0.568	85.391	81.360
329	0.414	0.619	85.541	78.996
330	0.409	0.556	85.699	81.190
331	0.410	0.593	85.557	80.459
332	0.408	0.804	85.791	74.920
333	0.407	0.612	85.849	79.337
334	0.407	0.595	85.707	80.349
335	0.409	0.618	85.621	78.976
336	0.404	0.641	85.851	79.006
337	0.412	0.608	85.759	79.497
338	0.408	0.795	85.697	75.461
339	0.401	0.742	85.883	76.723
340	0.406	0.540	85.853	81.631
341	0.405	0.591	85.825	80.339
342	0.404	0.681	85.891	79.257
343	0.402	0.638	85.895	79.056
344	0.404	0.727	85.837	76.983
345	0.407	0.570	85.795	80.919
346	0.403	0.552	85.960	81.140
347	0.400	0.731	86.018	75.721
348	0.400	0.663	86.058	78.726
349	0.405	0.522	85.717	82.402
350	0.399	0.667	85.994	78.796
351	0.406	0.612	85.685	79.848
352	0.400	0.545	86.014	81.250
353	0.398	0.500	86.022	82.883
354	0.404	0.599	85.677	80.729
355	0.402	0.732	85.980	75.942
356	0.401	0.579	86.000	80.629
357	0.398	0.532	85.998	82.161
358	0.394	0.568	86.094	81.721
359	0.396	0.600	86.068	80.108
360	0.398	0.541	86.106	82.342
361	0.394	0.523	86.268	83.053
362	0.396	0.606	86.298	80.178
363	0.398	0.733	86.194	77.163
364	0.394	0.680	86.202	77.153
365	0.394	0.535	86.266	82.151
366	0.393	0.578	86.334	80.679
367	0.392	0.666	86.122	79.127
368	0.394	0.519	86.128	82.452
369	0.393	0.719	86.104	77.133
370	0.393	0.588	86.248	80.459
371	0.389	0.670	86.214	78.976
372	0.397	0.664	86.036	79.087
373	0.394	0.668	86.160	77.995
374	0.388	0.580	86.544	81.080
375	0.397	0.566	85.946	80.409
376	0.392	0.612	86.330	80.719
377	0.396	0.636	86.182	79.878
378	0.391	0.619	86.388	79.487
379	0.391	1.026	86.176	69.281
380	0.393	0.655	86.356	78.586
381	0.388	0.616	86.254	79.477
382	0.391	0.515	86.224	82.532
383	0.391	0.662	86.316	78.015
384	0.386	0.687	86.506	77.334
385	0.389	0.570	86.304	81.060
386	0.390	0.659	86.406	78.205
387	0.391	0.518	86.322	82.752
388	0.389	0.661	86.402	77.744
389	0.387	0.669	86.494	78.165
390	0.384	0.590	86.607	80.469
391	0.382	0.588	86.542	80.469
392	0.381	0.559	86.536	81.180
393	0.385	0.646	86.655	79.948
394	0.386	0.508	86.486	82.562
395	0.381	0.567	86.747	81.360
396	0.387	0.630	86.438	79.497
397	0.378	0.553	86.787	81.490
398	0.384	0.623	86.562	79.928
399	0.386	0.543	86.498	81.601
400	0.386	0.586	86.386	80.579
401	0.382	0.615	86.605	80.168
402	0.383	0.475	86.502	83.804
403	0.373	0.551	86.861	81.921
404	0.388	0.521	86.320	82.252
405	0.380	0.533	86.488	81.661
406	0.380	0.811	86.587	75.371
407	0.380	0.669	86.554	79.437
408	0.386	0.589	86.613	80.339
409	0.376	0.565	86.893	80.629
410	0.380	0.627	86.707	79.207
411	0.372	0.514	86.837	82.632
412	0.377	0.517	86.677	82.782
413	0.379	0.483	86.767	83.714
414	0.376	0.590	86.833	80.659
415	0.382	0.612	86.643	80.278
416	0.379	0.758	86.683	75.100
417	0.377	0.805	86.783	75.230
418	0.379	0.552	86.659	82.682
419	0.384	0.689	86.577	77.424
420	0.376	0.712	86.801	78.035
421	0.373	0.603	86.989	80.609
422	0.371	0.617	86.869	79.918
423	0.375	0.778	86.841	75.901
424	0.375	0.591	86.905	81.020
425	0.380	0.582	86.781	81.010
426	0.374	0.544	87.067	82.061
427	0.375	0.539	86.827	82.141
428	0.377	0.495	86.661	82.993
429	0.372	0.574	87.013	80.268
430	0.371	0.606	86.863	79.738
431	0.372	0.515	87.005	82.121
432	0.367	0.526	87.171	82.262
433	0.370	0.493	86.953	83.013
434	0.369	0.562	87.079	81.160
435	0.369	0.544	86.993	81.751
436	0.376	0.576	86.701	80.459
437	0.369	0.531	86.993	81.921
438	0.378	0.562	86.825	81.901
439	0.368	0.493	87.063	83.694
440	0.375	0.595	86.881	79.768
441	0.368	0.635	87.091	78.726
442	0.371	0.539	86.829	82.091
443	0.365	0.577	87.135	80.950
444	0.369	0.522	87.097	82.292
445	0.374	0.675	86.829	79.187
446	0.366	0.591	87.149	80.178
447	0.367	0.525	87.051	82.452
448	0.374	0.523	86.751	82.041
449	0.365	0.633	87.181	78.916
450	0.366	0.586	87.123	80.619
451	0.365	0.569	87.133	81.480
452	0.363	0.509	87.258	83.333
453	0.363	0.578	87.320	81.210
454	0.366	0.563	87.175	81.450
455	0.369	0.575	87.173	81.110
456	0.362	0.634	87.342	79.768
457	0.363	0.516	87.284	82.572
458	0.362	0.550	87.398	82.001
459	0.365	0.522	87.143	82.792
460	0.366	0.532	87.318	82.823
461	0.364	0.492	87.284	82.973
462	0.364	0.596	87.151	79.698
463	0.361	0.553	87.406	82.041
464	0.362	0.538	87.244	82.081
465	0.365	0.567	87.023	81.500
466	0.367	0.523	87.025	82.001
467	0.358	0.567	87.490	81.280
468	0.362	0.531	87.362	82.212
469	0.362	0.665	87.194	79.507
470	0.358	0.539	87.356	81.791
471	0.358	0.535	87.464	81.470
472	0.356	0.545	87.548	81.621
473	0.358	0.487	87.280	83.494
474	0.355	0.594	87.596	81.170
475	0.356	0.556	87.344	81.530
476	0.363	0.505	87.274	83.283
477	0.356	0.554	87.428	81.280
478	0.357	0.546	87.244	81.561
479	0.361	0.799	87.282	74.529
480	0.354	0.528	87.478	81.831
481	0.358	0.554	87.472	81.130
482	0.356	0.536	87.604	82.111
483	0.356	0.473	87.474	84.235
484	0.355	0.539	87.706	81.971
485	0.351	0.512	87.676	82.682
486	0.352	0.561	87.580	80.579
487	0.349	0.514	87.768	82.502
488	0.359	0.779	87.420	75.351
489	0.352	0.522	87.668	82.893
490	0.353	0.484	87.590	83.614
491	0.352	0.574	87.632	81.020
492	0.353	0.522	87.666	82.612
493	0.357	0.701	87.396	78.996
494	0.353	0.455	87.644	84.716
495	0.353	0.498	87.584	83.003
496	0.349	0.577	87.716	81.030
497	0.351	0.544	87.704	81.450
498	0.350	0.580	87.626	80.779
499	0.349	0.480	87.871	83.464
500	0.351	0.478	87.754	83.664
501	0.348	0.446	87.869	84.665
502	0.344	0.533	87.903	82.342
503	0.355	0.594	87.502	80.108
504	0.353	0.569	87.590	80.950
505	0.350	0.600	87.730	80.248
506	0.347	0.521	87.598	82.322
507	0.350	0.449	87.786	85.106
508	0.350	0.631	87.788	78.436
509	0.354	0.574	87.386	80.759
510	0.346	0.493	87.885	83.724
511	0.347	0.475	87.831	83.844
512	0.344	0.502	87.843	82.933
513	0.349	0.434	87.634	85.306
514	0.345	0.556	87.997	81.310
515	0.350	0.602	87.700	80.148
516	0.338	0.516	88.051	82.512
517	0.343	0.582	87.941	80.459
518	0.348	0.711	87.666	77.574
519	0.345	0.544	87.819	81.671
520	0.343	0.512	88.045	82.542
521	0.347	0.527	87.873	82.161
522	0.343	0.713	88.117	78.415
523	0.346	0.504	87.985	83.363
524	0.343	0.496	88.103	83.694
525	0.338	0.782	88.127	75.511
526	0.346	0.468	87.835	84.185
527	0.341	0.727	88.007	78.526
528	0.346	0.456	87.849	84.435
529	0.346	0.595	87.989	80.589
530	0.341	0.454	88.135	84.545
531	0.341	0.526	87.995	83.043
532	0.336	0.511	88.177	82.812
533	0.341	0.534	88.027	82.672
534	0.340	0.593	87.857	80.529
535	0.341	0.559	88.001	82.232
536	0.337	0.550	88.175	81.340
537	0.342	0.569	87.969	81.751
538	0.342	0.460	88.155	84.696
539	0.338	0.536	88.277	82.352
540	0.341	0.489	88.007	83.594
541	0.340	0.510	88.075	82.823
542	0.341	0.572	88.035	81.000
543	0.341	0.503	88.085	82.853
544	0.339	0.625	88.101	79.728
545	0.343	0.507	87.885	83.454
546	0.332	0.477	88.397	83.974
547	0.337	0.502	88.255	83.433
548	0.332	0.675	88.253	79.407
549	0.336	0.568	88.125	80.899
550	0.340	0.518	87.939	82.292
551	0.334	0.529	88.149	81.951
552	0.334	0.473	88.281	84.105
553	0.336	0.676	88.277	77.674
554	0.335	0.479	88.265	84.014
555	0.337	0.483	87.969	84.024
556	0.333	0.561	88.217	81.951
557	0.337	0.511	88.239	82.292
558	0.335	0.554	88.177	81.691
559	0.331	0.518	88.540	83.093
560	0.336	0.486	88.253	84.105
561	0.332	0.567	88.221	81.500
562	0.335	0.539	88.133	81.761
563	0.331	0.503	88.401	83.373
564	0.332	0.487	88.361	83.604
565	0.335	0.696	88.213	77.183
566	0.331	0.599	88.337	81.280
567	0.330	0.474	88.337	84.355
568	0.327	0.478	88.646	83.804
569	0.333	0.466	88.271	84.175
570	0.328	0.492	88.544	83.534
571	0.332	0.451	88.315	84.575
572	0.330	0.484	88.399	83.834
573	0.327	0.499	88.377	83.153
574	0.328	0.467	88.564	84.936
575	0.326	0.581	88.536	80.539
576	0.325	0.466	88.568	84.575
577	0.326	0.550	88.620	81.831
578	0.331	0.490	88.251	83.484
579	0.327	0.502	88.319	83.544
580	0.326	0.530	88.526	83.173
581	0.328	0.500	88.478	83.433
582	0.327	0.500	88.385	83.343
583	0.321	0.474	88.620	84.345
584	0.324	0.531	88.642	82.272
585	0.326	0.574	88.506	81.060
586	0.326	0.554	88.504	81.781
587	0.323	0.535	88.692	82.622
588	0.323	0.544	88.634	82.001
589	0.324	0.540	88.550	82.472
590	0.323	0.477	88.676	84.205
591	0.326	0.443	88.431	85.116
592	0.318	0.506	88.770	83.123
593	0.325	0.508	88.550	83.614
594	0.325	0.498	88.578	83.484
595	0.317	0.514	88.606	83.423
596	0.321	0.448	88.620	84.846
597	0.317	0.482	88.830	84.024
598	0.319	0.441	88.908	85.166
599	0.321	0.504	88.634	83.834
600	0.319	0.490	88.738	84.065
601	0.312	0.519	88.988	82.552
602	0.321	0.445	88.626	84.706
603	0.323	0.510	88.738	83.013
604	0.314	0.599	88.886	79.748
605	0.315	0.538	88.900	82.171
606	0.313	0.487	89.004	83.183
607	0.319	0.476	88.776	83.884
608	0.316	0.433	88.830	85.427
609	0.317	0.456	88.824	84.635
610	0.315	0.519	88.772	83.303
611	0.311	0.495	88.942	83.664
612	0.315	0.567	88.900	82.242
613	0.312	0.440	89.147	85.527
614	0.308	0.457	89.157	85.206
615	0.318	0.544	88.610	83.193
616	0.314	0.561	88.912	81.961
617	0.321	0.463	88.544	84.405
618	0.311	0.609	88.976	80.689
619	0.315	0.455	88.814	85.196
620	0.315	0.480	88.840	84.004
621	0.312	0.546	88.986	82.031
622	0.310	0.495	89.075	83.103
623	0.311	0.526	89.054	82.792
624	0.312	0.553	88.974	82.412
625	0.313	0.589	88.902	80.609
626	0.308	0.502	89.339	83.514
627	0.310	0.451	89.034	85.296
628	0.313	0.434	88.864	85.787
629	0.304	0.534	89.205	83.103
630	0.305	0.522	89.361	82.762
631	0.312	0.617	89.062	79.778
632	0.307	0.514	89.062	82.863
633	0.306	0.505	89.195	83.213
634	0.305	0.467	89.259	84.575
635	0.303	0.455	89.363	85.086
636	0.308	0.519	89.155	83.003
637	0.314	0.515	88.858	83.474
638	0.309	0.435	89.061	85.857
639	0.303	0.581	89.257	81.350
640	0.308	0.504	89.163	83.644
641	0.307	0.462	89.253	84.966
642	0.307	0.521	89.249	83.373
643	0.306	0.460	89.241	84.425
644	0.303	0.440	89.423	85.407
645	0.306	0.490	89.223	83.403
646	0.306	0.491	89.251	83.784
647	0.303	0.502	89.305	82.953
648	0.302	0.592	89.333	81.641
649	0.306	0.540	89.177	82.772
650	0.300	0.492	89.445	83.904
651	0.301	0.481	89.339	84.034
652	0.303	0.519	89.289	83.594
653	0.302	0.437	89.289	85.577
654	0.304	0.575	89.143	81.971
655	0.303	0.493	89.369	83.724
656	0.298	0.522	89.423	82.582
657	0.307	0.469	89.099	84.425
658	0.299	0.522	89.331	82.863
659	0.304	0.514	89.109	83.233
660	0.301	0.518	89.445	83.363
661	0.298	0.533	89.417	83.273
662	0.294	0.519	89.439	84.065
663	0.300	0.463	89.345	85.537
664	0.294	0.506	89.539	82.893
665	0.296	0.473	89.639	84.696
666	0.299	0.467	89.409	84.155
667	0.297	0.487	89.497	84.465
668	0.305	0.472	89.173	84.776
669	0.301	0.491	89.397	83.714
670	0.296	0.450	89.613	85.026
671	0.299	0.582	89.499	81.250
672	0.301	0.475	89.423	84.595
673	0.295	0.464	89.405	84.565
674	0.292	0.522	89.730	83.103
675	0.294	0.494	89.581	83.894
676	0.300	0.543	89.319	81.961
677	0.295	0.519	89.569	83.744
678	0.297	0.579	89.503	81.180
679	0.293	0.437	89.673	85.347
680	0.297	0.476	89.365	84.385
681	0.292	0.462	89.649	85.186
682	0.298	0.477	89.287	84.405
683	0.295	0.502	89.545	84.095
684	0.289	0.477	89.690	84.145
685	0.289	0.566	89.872	82.442
686	0.296	0.500	89.483	84.165
687	0.294	0.465	89.665	84.455
688	0.291	0.497	89.754	84.054
689	0.293	0.472	89.581	84.625
690	0.291	0.436	89.677	85.086
691	0.289	0.478	89.698	84.054
692	0.289	0.546	89.734	81.981
693	0.292	0.494	89.675	84.065
694	0.290	0.455	89.766	85.156
695	0.285	0.524	89.806	83.484
696	0.288	0.489	89.738	84.175
697	0.290	0.499	89.710	83.784
698	0.283	0.502	89.964	83.934
699	0.292	0.532	89.637	82.662
700	0.287	0.467	89.800	84.896
701	0.284	0.496	89.974	83.674
702	0.286	0.510	89.900	83.133
703	0.286	0.491	89.808	84.054
704	0.285	0.466	89.838	84.996
705	0.292	0.427	89.681	85.867
706	0.285	0.483	89.958	84.816
707	0.288	0.493	89.738	84.505
708	0.290	0.449	89.683	85.327
709	0.286	0.436	89.796	85.347
710	0.286	0.448	89.792	85.537
711	0.283	0.495	90.146	83.754
712	0.287	0.465	89.860	85.317
713	0.281	0.472	90.006	84.595
714	0.285	0.530	89.898	83.073
715	0.286	0.505	89.962	83.584
716	0.286	0.446	89.894	85.647
717	0.287	0.411	89.972	86.158
718	0.279	0.476	90.078	84.345
719	0.279	0.440	90.290	85.417
720	0.279	0.498	90.162	84.085
721	0.281	0.522	89.998	83.704
722	0.273	0.405	90.308	86.789
723	0.284	0.458	89.992	85.467
724	0.278	0.460	90.070	85.166
725	0.284	0.489	89.946	84.024
726	0.277	0.454	90.270	84.966
727	0.279	0.449	90.086	85.176
728	0.278	0.509	90.088	84.255
729	0.278	0.445	90.100	85.978
730	0.282	0.418	89.886	86.609
731	0.275	0.448	90.278	85.847
732	0.274	0.483	90.162	84.105
733	0.276	0.561	90.212	82.462
734	0.276	0.418	90.331	86.098
735	0.278	0.539	90.158	83.664
736	0.278	0.442	90.158	85.857
737	0.278	0.501	90.212	84.645
738	0.268	0.477	90.415	84.806
739	0.281	0.438	90.076	85.447
740	0.280	0.480	90.050	84.415
741	0.274	0.482	90.343	84.615
742	0.272	0.534	90.232	82.682
743	0.273	0.485	90.381	84.095
744	0.273	0.486	90.196	84.595
745	0.273	0.429	90.214	86.048
746	0.277	0.450	90.118	85.647
747	0.275	0.508	90.284	84.155
748	0.275	0.431	90.262	85.737
749	0.269	0.457	90.415	85.236
750	0.271	0.445	90.361	85.517
751	0.267	0.439	90.433	86.008
752	0.275	0.419	90.323	85.998
753	0.270	0.403	90.489	86.679
754	0.275	0.451	90.196	85.327
755	0.273	0.509	90.294	84.185
756	0.267	0.455	90.501	85.397
757	0.269	0.437	90.419	85.477
758	0.270	0.569	90.563	82.612
759	0.271	0.456	90.445	85.437
760	0.271	0.500	90.377	83.934
761	0.270	0.443	90.423	85.988
762	0.266	0.457	90.611	85.317
763	0.267	0.596	90.549	81.330
764	0.269	0.420	90.365	85.907
765	0.265	0.459	90.565	85.086
766	0.264	0.426	90.619	85.817
767	0.263	0.464	90.661	85.196
768	0.264	0.448	90.551	85.777
769	0.263	0.456	90.703	85.006
770	0.267	0.518	90.497	84.385
771	0.260	0.416	90.873	86.428
772	0.267	0.419	90.565	85.807
773	0.266	0.479	90.589	84.485
774	0.266	0.445	90.547	85.807
775	0.266	0.528	90.399	83.714
776	0.259	0.446	90.913	85.797
777	0.260	0.468	90.719	84.625
778	0.263	0.485	90.677	84.585
779	0.263	0.409	90.667	86.378
780	0.261	0.422	90.767	86.318
781	0.263	0.505	90.681	84.135
782	0.259	0.428	90.759	85.897
783	0.264	0.457	90.753	85.727
784	0.261	0.441	90.659	85.687
785	0.264	0.453	90.599	84.926
786	0.261	0.450	90.553	85.367
787	0.255	0.431	91.056	85.998
788	0.261	0.440	90.715	85.917
789	0.257	0.424	90.697	86.428
790	0.258	0.438	90.779	85.777
791	0.257	0.420	90.693	87.029
792	0.256	0.461	90.954	85.266
793	0.258	0.498	90.869	83.934
794	0.257	0.445	90.927	85.577
795	0.254	0.434	90.879	86.008
796	0.255	0.424	90.879	86.148
797	0.249	0.413	91.172	86.478
798	0.252	0.494	90.936	84.295
799	0.252	0.450	91.014	86.028
800	0.258	0.440	90.817	85.697
801	0.254	0.448	90.863	85.507
802	0.255	0.431	90.913	85.897
803	0.252	0.478	91.036	84.625
804	0.252	0.437	91.116	85.887
805	0.254	0.407	90.962	86.458
806	0.255	0.448	91.000	85.978
807	0.252	0.421	90.793	86.398
808	0.251	0.488	91.158	85.196
809	0.251	0.432	91.122	85.837
810	0.248	0.442	91.056	85.907
811	0.250	0.424	91.072	86.328
812	0.252	0.445	90.927	85.577
813	0.253	0.444	91.088	85.988
814	0.252	0.432	91.084	85.938
815	0.248	0.419	91.144	86.558
816	0.247	0.431	91.208	86.128
817	0.247	0.401	91.254	87.009
818	0.242	0.439	91.402	85.757
819	0.246	0.411	91.234	86.448
820	0.250	0.409	91.226	86.849
821	0.242	0.430	91.308	86.528
822	0.245	0.430	91.356	86.558
823	0.246	0.464	91.334	85.427
824	0.245	0.422	91.384	86.458
825	0.249	0.409	91.108	86.589
826	0.246	0.415	91.336	86.178
827	0.244	0.417	91.342	86.849
828	0.243	0.426	91.398	86.378
829	0.244	0.415	91.310	86.679
830	0.244	0.395	91.280	87.200
831	0.245	0.429	91.234	86.338
832	0.244	0.427	91.304	86.228
833	0.242	0.404	91.428	87.630
834	0.241	0.433	91.506	86.148
835	0.247	0.436	91.198	86.068
836	0.243	0.443	91.304	86.418
837	0.239	0.410	91.504	86.959
838	0.242	0.415	91.414	86.739
839	0.243	0.415	91.466	87.019
840	0.236	0.429	91.597	85.887
841	0.238	0.412	91.516	86.498
842	0.241	0.420	91.442	86.528
843	0.237	0.428	91.508	86.769
844	0.237	0.418	91.575	86.759
845	0.240	0.393	91.404	87.200
846	0.238	0.406	91.480	87.039
847	0.237	0.445	91.474	85.958
848	0.237	0.456	91.561	85.777
849	0.239	0.413	91.482	86.889
850	0.236	0.435	91.593	85.968
851	0.233	0.441	91.595	85.827
852	0.237	0.421	91.617	86.528
853	0.235	0.426	91.554	86.759
854	0.238	0.416	91.631	86.839
855	0.237	0.432	91.504	86.579
856	0.236	0.403	91.573	87.099
857	0.233	0.428	91.671	86.639
858	0.234	0.414	91.701	86.919
859	0.233	0.452	91.683	85.637
860	0.230	0.431	91.831	86.679
861	0.233	0.416	91.723	86.619
862	0.231	0.424	91.679	86.809
863	0.232	0.455	91.763	86.048
864	0.232	0.427	91.587	86.518
865	0.232	0.406	91.693	87.310
866	0.234	0.398	91.534	87.400
867	0.233	0.415	91.552	86.999
868	0.230	0.409	91.805	86.719
869	0.227	0.433	91.963	86.458
870	0.229	0.414	91.761	87.370
871	0.230	0.420	91.829	86.919
872	0.232	0.395	91.691	87.530
873	0.232	0.412	91.845	86.669
874	0.228	0.432	91.871	86.719
875	0.231	0.391	91.865	87.981
876	0.225	0.414	91.951	86.989
877	0.228	0.398	91.919	86.869
878	0.228	0.407	91.931	86.849
879	0.226	0.396	91.883	87.580
880	0.224	0.390	92.063	87.270
881	0.226	0.396	91.923	87.730
882	0.225	0.406	91.925	86.769
883	0.225	0.411	92.007	87.230
884	0.223	0.419	92.019	87.260
885	0.226	0.400	91.913	87.099
886	0.223	0.403	92.001	87.380
887	0.221	0.423	91.979	86.468
888	0.223	0.414	91.961	86.789
889	0.220	0.395	92.260	87.620
890	0.222	0.396	92.145	87.330
891	0.217	0.435	92.274	86.508
892	0.222	0.395	92.053	87.580
893	0.221	0.408	92.021	87.039
894	0.224	0.396	91.869	87.470
895	0.218	0.391	92.256	87.190
896	0.223	0.406	91.927	87.340
897	0.221	0.414	92.017	87.250
898	0.219	0.418	92.135	87.300
899	0.216	0.409	92.312	87.270
900	0.214	0.413	92.304	87.009
901	0.216	0.404	92.228	86.729
902	0.218	0.408	92.248	87.159
903	0.218	0.420	92.300	86.669
904	0.216	0.399	92.280	86.899
905	0.215	0.405	92.308	87.500
906	0.211	0.387	92.414	87.931
907	0.217	0.404	92.226	86.929
908	0.217	0.392	92.157	87.610
909	0.215	0.385	92.196	87.841
910	0.219	0.407	92.145	87.470
911	0.214	0.413	92.456	87.099
912	0.211	0.385	92.494	87.630
913	0.217	0.407	92.330	87.500
914	0.212	0.405	92.372	87.300
915	0.212	0.388	92.420	87.650
916	0.215	0.392	92.390	87.640
917	0.212	0.424	92.554	86.538
918	0.209	0.392	92.572	87.630
919	0.212	0.379	92.426	87.901
920	0.210	0.399	92.436	87.420
921	0.208	0.399	92.584	87.530
922	0.211	0.418	92.360	86.859
923	0.206	0.384	92.664	87.811
924	0.210	0.395	92.414	87.590
925	0.206	0.399	92.698	87.570
926	0.210	0.408	92.534	87.059
927	0.207	0.392	92.538	87.089
928	0.208	0.386	92.588	87.680
929	0.206	0.386	92.686	87.490
930	0.207	0.399	92.570	87.320
931	0.211	0.384	92.520	88.181
932	0.206	0.397	92.578	87.370
933	0.205	0.389	92.658	87.921
934	0.204	0.401	92.716	87.750
935	0.204	0.389	92.710	87.630
936	0.204	0.399	92.636	87.901
937	0.199	0.386	92.875	87.841
938	0.204	0.392	92.796	87.340
939	0.206	0.400	92.640	87.811
940	0.203	0.378	92.674	88.021
941	0.207	0.387	92.618	87.951
942	0.204	0.376	92.606	88.161
943	0.200	0.373	92.869	88.391
944	0.205	0.387	92.664	87.780
945	0.204	0.377	92.658	88.261
946	0.202	0.386	92.770	87.720
947	0.200	0.386	92.812	87.881
948	0.199	0.389	92.917	87.931
949	0.202	0.384	92.851	88.161
950	0.198	0.394	92.967	87.700
951	0.197	0.386	92.965	87.861
952	0.200	0.384	92.750	87.891
953	0.196	0.391	93.027	87.630
954	0.203	0.382	92.815	87.981
955	0.198	0.387	93.019	87.670
956	0.200	0.378	92.833	87.991
957	0.198	0.387	93.061	87.720
958	0.198	0.392	92.963	87.861
959	0.199	0.389	92.887	88.001
960	0.199	0.389	92.837	87.901
961	0.197	0.380	92.975	88.151
962	0.201	0.380	92.891	88.321
963	0.196	0.383	92.881	88.201
964	0.197	0.391	93.033	87.530
965	0.195	0.390	92.963	87.931
966	0.200	0.377	92.796	88.131
967	0.193	0.391	93.223	87.861
968	0.194	0.381	93.011	87.931
969	0.195	0.376	93.017	88.031
970	0.192	0.378	93.125	88.071
971	0.196	0.387	92.911	87.891
972	0.195	0.393	93.107	87.921
973	0.197	0.387	92.979	87.991
974	0.191	0.389	93.079	88.111
975	0.194	0.376	93.093	88.101
976	0.196	0.385	92.935	87.931
977	0.196	0.384	92.983	87.680
978	0.192	0.374	93.151	88.191
979	0.196	0.375	93.047	88.091
980	0.193	0.382	93.177	88.211
981	0.190	0.378	93.159	88.071
982	0.193	0.375	93.049	88.271
983	0.194	0.382	93.163	88.071
984	0.195	0.366	93.001	88.301
985	0.194	0.386	93.053	87.901
986	0.194	0.391	93.139	88.101
987	0.192	0.379	93.135	88.051
988	0.189	0.376	93.153	88.221
989	0.192	0.386	93.111	87.851
990	0.191	0.372	93.187	88.271
991	0.190	0.381	93.251	88.121
992	0.192	0.380	93.157	87.981
993	0.191	0.376	93.129	87.991
994	0.188	0.372	93.355	88.462
995	0.191	0.371	93.195	88.291
996	0.190	0.372	93.223	88.001
997	0.189	0.376	93.349	88.011
998	0.188	0.381	93.417	88.221
999	0.186	0.372	93.295	88.502
