Namespace(arch='resnet20_1w1a', workers=4, epochs=1000, warm_up_epochs=16, start_epoch=0, batch_size=256, lr=0.1, momentum=0.9, weight_decay=0.0001, num_classes=10, seed=0, dynamic_range=[0.8, 0.0], resume='', evaluate=False, Use_tSNE=True, save_dir='saveModel-003', print_freq=200, save_every=200)
Epoch	train_loss	val_loss	train_acc	val_acc	
0	1.980	1.793	27.478	33.864
1	1.729	1.684	36.110	37.961
2	1.594	1.513	41.086	43.870
3	1.500	1.456	44.996	46.544
4	1.420	1.346	47.849	50.230
5	1.350	1.283	50.821	52.734
6	1.285	1.299	53.381	52.794
7	1.235	1.169	55.333	57.292
8	1.192	1.119	57.145	59.445
9	1.156	1.171	58.347	58.113
10	1.129	1.074	59.708	61.639
11	1.091	1.063	60.765	62.079
12	1.058	1.032	62.141	63.582
13	1.029	1.057	63.315	62.891
14	1.001	0.959	64.395	66.116
15	0.973	1.104	65.587	62.290
16	0.952	0.977	66.190	66.156
17	0.922	0.963	67.169	66.767
18	0.903	0.938	68.137	67.338
19	0.886	0.974	68.498	67.348
20	0.865	0.973	69.353	66.847
21	0.847	1.033	69.948	66.336
22	0.828	1.192	70.897	62.891
23	0.812	0.883	71.154	69.922
24	0.801	0.923	71.482	69.301
25	0.779	0.906	72.400	69.882
26	0.765	0.936	73.003	68.870
27	0.759	0.829	73.239	71.675
28	0.741	0.860	73.812	71.605
29	0.736	0.979	74.165	68.039
30	0.725	0.812	74.425	73.738
31	0.719	0.910	74.884	70.853
32	0.705	0.747	75.349	74.179
33	0.694	0.737	75.701	74.549
34	0.686	0.716	76.010	75.601
35	0.679	0.707	76.042	75.751
36	0.664	0.819	76.773	73.508
37	0.662	0.745	76.929	73.828
38	0.654	0.712	77.294	75.311
39	0.647	0.703	77.330	75.701
40	0.642	0.658	77.640	76.903
41	0.639	0.693	77.744	76.282
42	0.632	0.831	77.855	72.676
43	0.627	0.779	78.073	73.958
44	0.628	0.682	78.161	76.522
45	0.614	0.722	78.678	75.521
46	0.613	0.647	78.690	77.955
47	0.610	0.713	78.720	75.491
48	0.599	0.672	79.089	76.673
49	0.603	0.709	78.836	76.012
50	0.601	0.737	79.133	74.820
51	0.597	0.654	79.062	77.865
52	0.590	0.660	79.441	77.624
53	0.584	0.640	79.495	78.355
54	0.581	0.707	79.579	75.401
55	0.578	0.733	79.870	75.581
56	0.580	0.656	79.826	77.494
57	0.580	0.686	79.828	76.302
58	0.577	0.652	79.984	78.295
59	0.576	0.640	79.844	77.955
60	0.575	0.643	80.222	77.654
61	0.573	0.697	80.096	76.502
62	0.569	0.703	80.220	75.030
63	0.569	0.600	80.024	79.157
64	0.566	0.708	80.236	76.452
65	0.565	0.616	80.214	78.285
66	0.558	0.662	80.623	77.654
67	0.562	0.733	80.308	75.140
68	0.553	0.614	80.671	78.956
69	0.553	0.669	80.699	77.093
70	0.549	0.657	80.713	77.073
71	0.549	0.703	80.887	76.402
72	0.546	0.620	80.954	78.926
73	0.548	0.732	80.819	74.780
74	0.547	0.704	80.821	76.192
75	0.551	0.611	80.863	79.357
76	0.541	0.706	81.164	76.673
77	0.545	0.598	81.000	79.788
78	0.546	0.730	80.990	75.180
79	0.535	0.633	81.170	78.295
80	0.537	0.596	81.198	79.297
81	0.533	0.616	81.428	78.936
82	0.530	0.662	81.540	78.115
83	0.530	0.635	81.502	78.586
84	0.531	0.596	81.508	79.587
85	0.530	0.681	81.492	77.935
86	0.526	0.692	81.569	76.923
87	0.528	0.660	81.490	78.095
88	0.530	0.694	81.494	76.683
89	0.526	0.647	81.532	77.724
90	0.524	0.578	81.715	80.188
91	0.522	0.650	81.941	77.774
92	0.518	0.619	81.979	78.546
93	0.522	0.655	81.607	77.815
94	0.523	0.792	81.639	72.927
95	0.519	0.638	81.925	78.195
96	0.514	0.592	82.163	79.908
97	0.519	0.611	81.961	79.207
98	0.518	0.630	81.843	78.085
99	0.513	0.649	81.987	78.335
100	0.513	0.691	81.995	76.973
101	0.508	0.643	82.348	78.005
102	0.511	0.636	82.290	78.085
103	0.510	0.614	82.105	79.036
104	0.516	0.601	82.025	79.147
105	0.513	0.718	82.246	75.942
106	0.503	0.614	82.354	79.447
107	0.505	0.633	82.282	78.165
108	0.508	0.573	82.218	80.559
109	0.510	0.622	82.310	79.077
110	0.509	0.799	82.346	73.608
111	0.504	0.656	82.464	78.265
112	0.501	0.712	82.456	76.142
113	0.502	0.606	82.614	79.718
114	0.501	0.690	82.630	77.214
115	0.506	0.594	82.398	79.597
116	0.500	0.650	82.544	77.855
117	0.500	0.548	82.536	81.120
118	0.494	0.608	82.815	79.357
119	0.502	0.634	82.202	78.586
120	0.503	0.603	82.454	80.098
121	0.496	0.591	82.710	80.028
122	0.501	0.646	82.448	77.604
123	0.491	0.752	82.861	74.569
124	0.496	0.699	82.774	76.172
125	0.496	0.670	82.672	77.624
126	0.493	0.574	82.859	79.908
127	0.488	0.559	83.027	80.819
128	0.492	0.623	82.909	78.856
129	0.492	0.644	82.967	78.526
130	0.487	0.651	82.758	77.644
131	0.485	0.569	83.133	80.138
132	0.486	0.775	82.999	74.790
133	0.488	0.587	82.931	80.188
134	0.485	0.658	83.079	78.055
135	0.486	0.601	83.033	79.938
136	0.488	0.675	83.177	78.065
137	0.484	0.709	83.177	77.304
138	0.490	0.624	82.829	78.626
139	0.483	0.688	83.019	76.963
140	0.479	0.572	83.317	80.519
141	0.487	0.607	83.027	79.187
142	0.478	0.607	83.285	79.357
143	0.479	0.587	83.277	79.938
144	0.477	0.618	83.365	78.936
145	0.480	0.687	83.069	77.905
146	0.478	0.599	83.287	79.838
147	0.482	0.619	83.159	78.866
148	0.475	0.625	83.385	78.596
149	0.478	0.637	83.391	78.776
150	0.474	0.588	83.395	79.688
151	0.482	0.588	83.281	79.698
152	0.473	0.561	83.506	81.210
153	0.471	0.663	83.498	77.214
154	0.473	0.683	83.506	77.774
155	0.478	0.602	83.429	79.507
156	0.469	0.672	83.638	76.913
157	0.471	0.581	83.648	80.439
158	0.470	0.828	83.389	74.119
159	0.472	0.637	83.542	78.365
160	0.472	0.655	83.576	78.045
161	0.468	0.749	83.706	75.651
162	0.470	0.574	83.578	81.150
163	0.468	0.706	83.680	77.173
164	0.466	0.709	83.550	76.522
165	0.472	0.591	83.516	80.238
166	0.467	0.727	83.814	75.891
167	0.470	0.634	83.540	79.307
168	0.468	0.656	83.714	78.085
169	0.470	0.615	83.690	79.237
170	0.467	0.634	83.630	79.317
171	0.468	0.590	83.644	80.208
172	0.466	0.612	83.648	79.577
173	0.464	0.596	84.012	79.637
174	0.464	0.605	83.782	80.539
175	0.464	0.660	83.886	77.925
176	0.467	0.622	83.626	79.036
177	0.466	0.547	83.818	81.310
178	0.462	0.565	83.898	80.379
179	0.460	0.743	83.926	75.942
180	0.461	0.747	84.038	75.601
181	0.459	0.588	83.856	80.028
182	0.462	0.597	83.744	79.688
183	0.457	0.541	83.998	81.310
184	0.454	0.569	84.151	80.749
185	0.462	0.708	83.826	76.542
186	0.460	0.634	83.946	78.205
187	0.459	0.661	84.016	78.425
188	0.462	0.661	83.814	78.025
189	0.455	0.660	84.207	79.036
190	0.457	0.666	84.069	77.724
191	0.449	0.611	84.283	79.036
192	0.452	0.718	84.181	75.631
193	0.451	0.598	84.207	79.417
194	0.457	0.640	83.990	78.996
195	0.455	0.672	83.900	78.135
196	0.457	0.679	83.912	76.432
197	0.454	0.642	83.924	78.826
198	0.456	0.717	84.016	76.302
199	0.457	0.626	83.976	79.337
200	0.457	0.592	83.856	79.657
201	0.452	0.601	84.257	79.928
202	0.454	0.581	84.034	80.339
203	0.455	0.567	84.119	81.200
204	0.452	0.608	84.277	80.258
205	0.449	0.768	84.163	75.451
206	0.446	0.644	84.369	78.776
207	0.454	0.561	84.217	81.090
208	0.451	0.699	84.409	77.244
209	0.452	0.866	84.181	73.117
210	0.446	0.596	84.489	80.278
211	0.451	0.811	84.149	74.439
212	0.448	0.607	84.231	80.419
213	0.447	0.616	84.433	78.946
214	0.450	0.661	84.295	78.335
215	0.453	0.561	84.269	80.689
216	0.450	0.604	84.447	80.058
217	0.442	0.662	84.431	78.045
218	0.448	0.936	84.191	71.635
219	0.446	0.564	84.389	80.960
220	0.442	0.620	84.515	78.706
221	0.441	0.721	84.611	75.911
222	0.445	0.553	84.485	81.711
223	0.443	0.537	84.591	81.290
224	0.439	0.647	84.569	78.045
225	0.445	0.570	84.431	80.799
226	0.449	0.594	84.255	79.617
227	0.451	0.632	84.335	78.996
228	0.446	0.735	84.483	76.032
229	0.442	0.569	84.501	81.040
230	0.446	0.591	84.401	79.327
231	0.436	0.606	84.784	79.377
232	0.440	0.590	84.661	80.359
233	0.442	0.561	84.451	81.180
234	0.445	0.632	84.433	78.886
235	0.447	0.561	84.407	81.080
236	0.441	0.609	84.527	79.497
237	0.444	0.547	84.513	81.480
238	0.443	0.791	84.367	74.159
239	0.443	0.559	84.641	81.100
240	0.437	0.537	84.700	81.450
241	0.434	0.525	84.858	82.352
242	0.433	0.611	84.888	80.038
243	0.440	0.656	84.621	78.295
244	0.434	0.672	84.792	77.754
245	0.435	0.893	84.696	71.665
246	0.438	0.632	84.565	78.946
247	0.430	0.562	84.900	80.829
248	0.438	0.677	84.722	78.365
249	0.436	0.568	84.730	80.950
250	0.430	0.699	84.992	77.414
251	0.433	0.622	84.942	79.647
252	0.430	0.610	85.010	79.728
253	0.438	0.610	84.677	79.557
254	0.436	0.775	84.798	75.541
255	0.437	0.579	84.874	80.218
256	0.444	0.524	84.431	82.141
257	0.435	0.725	84.732	76.753
258	0.432	0.676	84.896	77.794
259	0.426	0.669	85.126	77.905
260	0.430	0.648	84.922	78.836
261	0.426	0.614	85.164	79.016
262	0.428	0.807	85.094	74.058
263	0.434	0.675	84.880	77.845
264	0.432	0.583	84.912	79.637
265	0.428	0.588	85.102	79.567
266	0.430	0.600	85.060	79.447
267	0.427	0.700	85.152	77.424
268	0.430	0.571	84.914	80.459
269	0.423	0.675	85.304	78.155
270	0.425	0.534	85.084	81.450
271	0.426	0.602	85.258	79.637
272	0.426	0.612	85.132	79.247
273	0.432	0.701	84.788	77.604
274	0.425	0.659	85.186	78.145
275	0.427	0.533	85.046	82.141
276	0.426	0.648	85.186	77.804
277	0.422	0.597	85.168	80.329
278	0.426	0.571	85.124	80.940
279	0.428	0.607	85.074	80.108
280	0.425	0.542	85.112	81.390
281	0.431	0.573	85.036	80.950
282	0.426	0.605	85.152	79.187
283	0.427	0.563	85.128	80.549
284	0.418	0.600	85.505	79.788
285	0.420	0.551	85.236	81.190
286	0.420	0.727	85.315	76.673
287	0.421	0.582	85.142	80.218
288	0.419	0.706	85.341	76.953
289	0.420	0.685	85.441	77.784
290	0.423	0.623	85.224	78.966
291	0.418	0.522	85.543	82.552
292	0.420	0.586	85.385	79.898
293	0.422	0.602	85.198	80.549
294	0.410	0.630	85.573	79.006
295	0.419	0.515	85.325	82.322
296	0.415	0.828	85.557	74.840
297	0.416	0.572	85.565	80.629
298	0.414	0.638	85.669	78.976
299	0.413	0.624	85.647	79.267
300	0.412	0.823	85.585	75.240
301	0.415	0.571	85.467	81.160
302	0.416	0.525	85.517	82.612
303	0.409	0.622	85.699	79.647
304	0.412	0.556	85.603	81.480
305	0.417	0.528	85.395	81.781
306	0.415	0.607	85.409	79.838
307	0.408	0.583	85.551	80.839
308	0.420	0.583	85.335	80.869
309	0.414	0.543	85.571	82.272
310	0.410	0.588	85.647	79.868
311	0.410	0.562	85.547	80.729
312	0.413	0.566	85.627	81.200
313	0.409	0.677	85.733	78.045
314	0.407	0.519	85.719	82.332
315	0.412	0.563	85.571	81.460
316	0.415	0.631	85.411	79.387
317	0.405	0.597	86.000	80.359
318	0.407	0.637	85.761	78.055
319	0.407	0.743	85.925	76.432
320	0.412	0.572	85.557	81.170
321	0.401	0.506	85.909	83.363
322	0.411	0.656	85.557	78.175
323	0.410	0.588	85.571	80.469
324	0.406	0.552	85.789	80.919
325	0.405	0.702	85.851	77.464
326	0.404	0.678	85.879	77.895
327	0.404	0.627	85.909	80.048
328	0.405	0.463	85.831	84.044
329	0.404	0.578	86.002	80.619
330	0.406	0.530	85.765	82.021
331	0.407	0.556	85.671	81.040
332	0.401	0.665	85.741	77.865
333	0.401	0.619	86.104	79.788
334	0.400	0.615	86.118	78.966
335	0.408	0.661	85.667	77.634
336	0.397	0.588	86.106	81.090
337	0.403	0.515	85.885	82.532
338	0.401	0.679	86.018	79.087
339	0.398	0.532	86.106	81.921
340	0.403	0.526	85.887	82.582
341	0.399	0.583	85.980	80.369
342	0.401	0.686	85.925	78.055
343	0.404	0.576	85.966	79.958
344	0.395	0.518	86.122	82.442
345	0.397	0.590	85.825	80.248
346	0.398	0.512	86.084	82.642
347	0.399	0.598	85.972	79.998
348	0.394	0.613	86.196	79.708
349	0.396	0.809	86.090	74.800
350	0.398	0.585	86.120	80.829
351	0.390	0.531	86.238	82.242
352	0.391	0.537	86.328	82.131
353	0.393	0.646	86.146	79.277
354	0.394	0.613	86.196	80.719
355	0.392	0.542	86.196	81.851
356	0.392	0.523	86.184	82.372
357	0.391	0.722	86.144	77.654
358	0.388	0.632	86.182	80.088
359	0.396	0.520	85.992	82.021
360	0.387	0.565	86.338	81.420
361	0.391	0.576	86.370	80.909
362	0.392	0.628	86.206	79.367
363	0.388	0.501	86.496	83.143
364	0.391	0.543	86.290	81.520
365	0.390	0.547	86.188	81.731
366	0.395	0.507	86.208	82.472
367	0.392	0.666	86.292	78.576
368	0.389	0.571	86.340	81.280
369	0.393	0.702	86.384	77.744
370	0.392	0.610	86.406	80.048
371	0.384	0.622	86.490	79.798
372	0.388	0.574	86.420	80.419
373	0.385	0.584	86.442	79.617
374	0.387	0.538	86.488	81.991
375	0.391	0.559	86.470	81.250
376	0.390	0.494	86.282	83.333
377	0.388	0.632	86.288	79.567
378	0.388	0.586	86.276	80.349
379	0.381	0.519	86.607	82.963
380	0.384	0.586	86.516	80.178
381	0.385	0.552	86.482	81.901
382	0.380	0.655	86.711	78.816
383	0.385	0.508	86.504	82.512
384	0.385	0.492	86.554	83.373
385	0.383	0.520	86.709	82.662
386	0.383	0.606	86.562	80.218
387	0.382	0.588	86.765	80.799
388	0.382	0.524	86.532	82.382
389	0.381	0.713	86.484	76.823
390	0.378	0.587	86.789	80.108
391	0.381	0.569	86.538	81.050
392	0.383	0.515	86.651	82.843
393	0.379	0.533	86.785	82.332
394	0.380	0.494	86.528	83.203
395	0.377	0.537	86.667	82.031
396	0.376	0.827	87.033	75.711
397	0.379	0.579	86.667	80.449
398	0.380	0.666	86.573	78.125
399	0.378	0.595	86.749	79.637
400	0.379	0.481	86.621	83.373
401	0.378	0.586	86.803	80.078
402	0.378	0.462	86.833	84.325
403	0.376	0.548	86.827	82.101
404	0.378	0.576	86.769	80.599
405	0.374	0.683	86.869	78.085
406	0.373	0.555	87.023	81.060
407	0.379	0.627	86.875	79.237
408	0.377	0.605	86.817	80.339
409	0.377	0.584	86.705	80.359
410	0.385	0.623	86.546	79.367
411	0.374	0.479	86.963	83.413
412	0.372	0.492	87.009	83.433
413	0.370	0.599	87.033	79.808
414	0.382	0.539	86.530	81.370
415	0.375	0.506	86.971	82.382
416	0.372	0.496	87.007	83.193
417	0.371	0.603	86.993	79.748
418	0.375	0.528	86.873	82.192
419	0.371	0.554	87.135	81.370
420	0.375	0.514	86.697	82.141
421	0.371	0.619	86.877	79.818
422	0.365	0.568	87.246	80.579
423	0.371	0.507	86.911	82.853
424	0.374	0.611	86.849	79.828
425	0.368	0.482	87.091	83.594
426	0.375	0.535	86.953	81.921
427	0.367	0.529	87.202	82.292
428	0.370	0.545	87.063	81.961
429	0.370	0.843	86.997	74.960
430	0.368	0.715	86.953	77.244
431	0.365	0.538	87.236	81.851
432	0.369	0.574	87.179	81.000
433	0.371	0.453	86.935	84.675
434	0.370	0.541	87.071	81.080
435	0.372	0.523	87.049	82.041
436	0.366	0.484	87.258	83.714
437	0.370	0.524	87.083	82.262
438	0.367	0.644	87.256	79.247
439	0.364	0.515	87.228	82.913
440	0.368	0.519	87.075	82.833
441	0.365	0.577	87.356	81.230
442	0.373	0.567	86.789	81.370
443	0.368	0.542	87.045	81.931
444	0.367	0.531	87.041	81.911
445	0.366	0.469	87.123	84.115
446	0.366	0.859	87.055	73.037
447	0.363	0.582	87.334	80.499
448	0.362	0.551	87.236	81.370
449	0.366	0.555	87.322	81.130
450	0.358	0.548	87.476	81.571
451	0.361	0.555	87.352	81.100
452	0.363	0.681	87.350	76.983
453	0.361	0.538	87.406	81.851
454	0.365	0.581	87.157	80.379
455	0.358	0.483	87.450	83.233
456	0.360	0.511	87.266	82.712
457	0.360	0.500	87.334	82.933
458	0.362	0.643	87.350	78.466
459	0.361	0.668	87.262	77.504
460	0.367	0.519	87.181	83.203
461	0.363	0.512	87.179	82.282
462	0.356	0.549	87.462	81.921
463	0.360	0.594	87.171	80.419
464	0.359	0.514	87.412	82.612
465	0.360	0.730	87.342	76.512
466	0.363	0.539	87.145	81.571
467	0.362	0.574	87.320	81.250
468	0.361	0.479	87.230	84.065
469	0.354	0.523	87.482	82.412
470	0.356	0.526	87.478	83.013
471	0.357	0.674	87.420	78.486
472	0.361	0.509	87.250	82.552
473	0.357	0.522	87.438	82.742
474	0.361	0.530	87.264	82.242
475	0.350	0.517	87.879	82.302
476	0.357	0.510	87.408	82.322
477	0.356	0.515	87.474	82.562
478	0.356	0.509	87.390	82.702
479	0.354	0.639	87.460	79.407
480	0.360	0.557	87.344	81.150
481	0.361	0.585	87.274	80.929
482	0.354	0.471	87.574	84.255
483	0.355	0.516	87.438	82.853
484	0.351	0.589	87.580	80.789
485	0.351	0.512	87.574	82.302
486	0.353	0.526	87.604	82.141
487	0.353	0.558	87.634	81.811
488	0.354	0.593	87.438	80.599
489	0.350	0.541	87.658	81.801
490	0.353	0.534	87.570	82.312
491	0.348	0.564	87.811	82.101
492	0.353	0.611	87.486	79.888
493	0.352	0.622	87.666	79.587
494	0.350	0.541	87.576	82.001
495	0.350	0.496	87.602	83.564
496	0.347	0.508	87.732	82.672
497	0.354	0.486	87.594	83.834
498	0.349	0.493	87.634	83.373
499	0.351	0.517	87.730	82.432
500	0.345	0.550	87.953	82.031
501	0.346	0.590	87.897	81.340
502	0.352	0.507	87.812	82.883
503	0.350	0.488	87.648	83.664
504	0.347	0.559	87.927	81.901
505	0.347	0.498	87.720	83.584
506	0.346	0.532	87.736	82.642
507	0.345	0.545	87.991	81.881
508	0.349	0.485	87.648	83.604
509	0.342	0.623	87.863	80.729
510	0.347	0.497	87.891	83.123
511	0.346	0.458	87.883	84.545
512	0.347	0.576	87.770	80.329
513	0.345	0.492	87.929	83.604
514	0.346	0.518	87.752	82.522
515	0.339	0.647	88.175	78.896
516	0.344	0.478	87.863	83.423
517	0.343	0.522	87.895	82.492
518	0.346	0.474	87.728	84.145
519	0.343	0.556	87.999	80.990
520	0.339	0.479	88.061	83.974
521	0.342	0.468	88.081	84.365
522	0.349	0.648	87.764	79.708
523	0.345	0.504	87.925	83.293
524	0.343	0.475	87.985	83.924
525	0.344	0.458	87.987	84.505
526	0.338	0.567	88.165	81.420
527	0.346	0.501	87.808	83.444
528	0.338	0.626	88.133	79.788
529	0.342	0.483	88.059	83.674
530	0.336	0.512	88.253	82.582
531	0.338	0.483	88.099	83.724
532	0.344	0.664	88.039	78.175
533	0.341	0.655	88.121	78.956
534	0.336	0.547	88.393	82.302
535	0.342	0.489	88.061	83.704
536	0.341	0.503	88.037	83.163
537	0.340	0.503	87.945	83.173
538	0.343	0.515	87.798	82.121
539	0.338	0.527	88.179	82.903
540	0.339	0.449	88.081	84.545
541	0.340	0.588	87.895	81.220
542	0.338	0.526	88.235	82.762
543	0.342	0.522	87.939	83.884
544	0.342	0.468	87.867	84.315
545	0.337	0.498	88.077	83.654
546	0.331	0.617	88.249	80.128
547	0.334	0.569	88.297	81.270
548	0.339	0.528	88.021	82.712
549	0.333	0.497	88.243	83.984
550	0.331	0.475	88.319	84.095
551	0.331	0.517	88.383	83.073
552	0.333	0.518	88.237	83.433
553	0.330	0.515	88.442	83.393
554	0.335	0.482	88.147	83.764
555	0.331	0.534	88.329	82.252
556	0.334	0.551	88.235	81.941
557	0.337	0.505	88.101	83.113
558	0.333	0.490	88.239	83.423
559	0.333	0.729	88.389	76.683
560	0.329	0.533	88.436	82.412
561	0.335	0.493	88.159	83.894
562	0.334	0.558	88.381	81.841
563	0.330	0.609	88.458	79.858
564	0.320	0.667	88.688	79.016
565	0.336	0.602	88.105	80.108
566	0.328	0.544	88.494	82.262
567	0.332	0.477	88.431	84.235
568	0.329	0.556	88.347	82.302
569	0.332	0.497	88.462	83.484
570	0.329	0.433	88.335	85.176
571	0.328	0.572	88.349	80.990
572	0.328	0.537	88.438	82.742
573	0.328	0.504	88.466	83.193
574	0.328	0.549	88.566	82.392
575	0.326	0.524	88.508	82.712
576	0.327	0.460	88.546	84.445
577	0.326	0.480	88.518	84.085
578	0.331	0.482	88.307	84.265
579	0.324	0.556	88.548	81.751
580	0.332	0.636	88.516	80.228
581	0.324	0.577	88.610	80.809
582	0.323	0.485	88.770	83.974
583	0.325	0.499	88.638	83.594
584	0.323	0.554	88.682	81.591
585	0.326	0.524	88.466	82.943
586	0.324	0.488	88.504	83.393
587	0.326	0.491	88.638	83.924
588	0.323	0.455	88.566	84.495
589	0.320	0.487	88.728	83.984
590	0.329	0.451	88.542	85.286
591	0.321	0.564	88.680	82.192
592	0.321	0.563	88.614	82.011
593	0.322	0.516	88.570	82.612
594	0.324	0.512	88.502	83.113
595	0.319	0.486	88.738	83.984
596	0.323	0.489	88.668	84.034
597	0.327	0.514	88.444	83.013
598	0.322	0.519	88.626	82.632
599	0.317	0.504	88.772	83.464
600	0.321	0.484	88.792	84.125
601	0.320	0.503	88.690	83.083
602	0.326	0.477	88.550	84.365
603	0.320	0.548	88.722	82.212
604	0.323	0.464	88.500	84.565
605	0.318	0.487	88.902	83.744
606	0.321	0.506	88.608	83.023
607	0.327	0.501	88.486	83.013
608	0.321	0.463	88.682	84.535
609	0.315	0.478	88.878	84.325
610	0.320	0.506	88.644	83.454
611	0.320	0.496	88.522	83.444
612	0.318	0.530	88.690	83.604
613	0.314	0.499	88.922	83.423
614	0.315	0.516	88.864	82.993
615	0.315	0.490	88.722	83.724
616	0.317	0.469	88.804	84.345
617	0.320	0.478	88.664	84.155
618	0.315	0.551	88.968	81.861
619	0.314	0.469	89.071	84.315
620	0.316	0.629	88.790	80.298
621	0.308	0.496	89.201	84.125
622	0.315	0.527	88.816	82.001
623	0.312	0.530	89.095	82.592
624	0.315	0.474	88.868	84.215
625	0.313	0.538	88.918	82.492
626	0.320	0.465	88.806	84.014
627	0.311	0.455	89.054	85.026
628	0.311	0.514	88.992	83.734
629	0.317	0.462	88.660	84.385
630	0.315	0.497	88.908	84.024
631	0.313	0.501	88.804	83.664
632	0.313	0.559	89.016	81.911
633	0.310	0.433	89.151	85.377
634	0.315	0.468	88.906	84.555
635	0.309	0.554	89.119	81.550
636	0.310	0.465	88.992	84.485
637	0.309	0.480	89.215	83.904
638	0.313	0.484	88.898	84.555
639	0.312	0.555	88.844	82.742
640	0.310	0.469	89.139	84.255
641	0.307	0.501	89.205	83.363
642	0.305	0.490	89.377	84.125
643	0.305	0.455	89.097	84.585
644	0.307	0.456	89.217	85.006
645	0.306	0.545	89.149	82.322
646	0.308	0.516	89.161	83.213
647	0.307	0.493	89.307	83.704
648	0.313	0.490	88.924	83.754
649	0.309	0.485	89.026	84.385
650	0.309	0.472	89.135	84.245
651	0.307	0.513	89.233	82.702
652	0.305	0.457	89.443	84.926
653	0.307	0.569	89.175	82.302
654	0.305	0.470	89.327	84.165
655	0.305	0.477	89.279	84.856
656	0.304	0.431	89.205	85.567
657	0.308	0.447	89.042	85.327
658	0.302	0.448	89.393	85.116
659	0.303	0.477	89.353	84.525
660	0.303	0.491	89.026	84.886
661	0.303	0.454	89.225	84.766
662	0.301	0.529	89.367	83.574
663	0.298	0.466	89.303	84.375
664	0.308	0.503	89.103	83.544
665	0.305	0.444	89.361	85.617
666	0.299	0.518	89.433	83.103
667	0.300	0.455	89.355	84.976
668	0.293	0.513	89.790	83.363
669	0.306	0.458	89.237	84.525
670	0.304	0.427	89.295	85.457
671	0.299	0.460	89.393	85.256
672	0.295	0.470	89.653	85.317
673	0.300	0.492	89.341	83.554
674	0.298	0.425	89.495	85.757
675	0.303	0.524	89.203	83.644
676	0.294	0.474	89.613	84.926
677	0.293	0.440	89.740	85.527
678	0.299	0.504	89.429	83.984
679	0.297	0.427	89.525	85.497
680	0.298	0.428	89.371	85.507
681	0.294	0.472	89.571	84.716
682	0.293	0.478	89.575	84.575
683	0.291	0.478	89.760	84.916
684	0.299	0.424	89.509	85.517
685	0.292	0.438	89.431	85.226
686	0.292	0.425	89.531	85.637
687	0.290	0.461	89.846	85.006
688	0.291	0.487	89.752	84.956
689	0.295	0.474	89.651	85.186
690	0.295	0.571	89.579	82.252
691	0.296	0.465	89.571	85.226
692	0.291	0.490	89.810	83.444
693	0.289	0.508	89.870	83.413
694	0.288	0.418	89.768	86.518
695	0.287	0.466	89.960	85.126
696	0.293	0.503	89.722	83.984
697	0.286	0.477	89.762	84.565
698	0.284	0.463	89.874	85.116
699	0.285	0.440	89.982	85.627
700	0.290	0.465	89.710	84.756
701	0.288	0.489	89.872	84.275
702	0.285	0.431	89.864	85.927
703	0.287	0.440	89.796	85.006
704	0.287	0.442	89.896	85.026
705	0.290	0.424	89.712	85.827
706	0.286	0.475	89.852	85.086
707	0.293	0.461	89.577	85.216
708	0.285	0.447	90.014	85.417
709	0.289	0.433	89.852	85.627
710	0.284	0.415	89.986	86.228
711	0.285	0.461	89.850	84.916
712	0.280	0.447	90.130	85.447
713	0.279	0.467	90.188	84.766
714	0.284	0.587	90.034	82.372
715	0.281	0.434	89.914	86.248
716	0.283	0.440	89.860	85.256
717	0.285	0.529	89.956	83.193
718	0.281	0.477	90.006	84.746
719	0.278	0.456	90.176	84.896
720	0.283	0.448	89.962	85.587
721	0.283	0.476	89.980	84.655
722	0.281	0.462	90.156	85.136
723	0.278	0.434	90.262	85.617
724	0.281	0.447	89.962	85.647
725	0.280	0.488	90.106	84.295
726	0.280	0.445	90.110	85.337
727	0.281	0.415	90.082	86.148
728	0.281	0.444	90.032	85.938
729	0.276	0.446	90.214	85.837
730	0.280	0.451	90.114	85.747
731	0.282	0.477	90.064	84.956
732	0.279	0.491	90.072	84.095
733	0.275	0.488	90.186	84.856
734	0.277	0.453	90.040	86.028
735	0.282	0.420	89.904	85.867
736	0.275	0.452	90.176	85.607
737	0.275	0.435	90.276	85.767
738	0.277	0.428	90.234	86.018
739	0.276	0.442	90.128	85.697
740	0.276	0.459	90.124	85.246
741	0.278	0.465	90.236	84.135
742	0.273	0.464	90.214	85.337
743	0.271	0.440	90.535	85.847
744	0.274	0.536	90.272	83.624
745	0.278	0.525	90.002	83.934
746	0.270	0.453	90.375	85.437
747	0.278	0.430	90.046	86.278
748	0.275	0.436	90.154	85.417
749	0.271	0.437	90.220	85.607
750	0.271	0.443	90.329	85.647
751	0.270	0.434	90.431	85.597
752	0.266	0.442	90.493	85.627
753	0.270	0.447	90.389	85.797
754	0.271	0.449	90.254	85.397
755	0.270	0.459	90.359	85.587
756	0.271	0.447	90.288	85.086
757	0.274	0.498	90.234	83.904
758	0.266	0.434	90.529	85.877
759	0.271	0.478	90.315	84.876
760	0.270	0.434	90.491	86.398
761	0.269	0.435	90.481	86.468
762	0.266	0.426	90.497	85.988
763	0.266	0.421	90.601	86.288
764	0.265	0.447	90.445	85.537
765	0.266	0.433	90.639	85.687
766	0.267	0.443	90.491	85.126
767	0.266	0.446	90.601	85.447
768	0.267	0.428	90.501	85.827
769	0.269	0.434	90.343	85.807
770	0.267	0.423	90.483	86.719
771	0.268	0.460	90.523	85.136
772	0.265	0.442	90.579	85.807
773	0.263	0.428	90.729	86.478
774	0.263	0.438	90.657	86.148
775	0.263	0.474	90.503	85.106
776	0.264	0.431	90.681	86.288
777	0.262	0.407	90.493	86.629
778	0.260	0.495	90.777	83.884
779	0.262	0.447	90.647	85.587
780	0.260	0.417	90.651	86.318
781	0.260	0.445	90.857	85.867
782	0.267	0.450	90.441	85.357
783	0.260	0.435	90.637	85.447
784	0.261	0.410	90.701	86.148
785	0.262	0.426	90.591	86.448
786	0.263	0.431	90.593	86.639
787	0.258	0.454	90.887	85.577
788	0.261	0.455	90.695	85.887
789	0.259	0.441	90.837	86.208
790	0.256	0.442	90.972	85.547
791	0.260	0.459	90.831	85.687
792	0.260	0.408	90.759	86.649
793	0.259	0.408	90.833	86.719
794	0.256	0.445	90.807	86.098
795	0.255	0.442	90.923	86.258
796	0.256	0.444	90.992	85.647
797	0.258	0.431	90.879	86.288
798	0.258	0.418	90.853	86.398
799	0.256	0.442	90.885	85.837
800	0.257	0.441	90.901	85.296
801	0.260	0.409	90.731	86.599
802	0.255	0.456	90.980	85.617
803	0.252	0.414	90.944	86.689
804	0.251	0.405	91.050	87.039
805	0.253	0.462	90.968	85.958
806	0.257	0.415	90.861	86.629
807	0.254	0.433	91.010	86.058
808	0.255	0.440	91.010	85.907
809	0.254	0.430	91.026	86.208
810	0.249	0.421	91.138	86.639
811	0.251	0.454	91.074	85.948
812	0.253	0.438	91.108	85.978
813	0.250	0.422	91.004	86.238
814	0.254	0.431	90.946	86.569
815	0.251	0.420	90.960	86.679
816	0.253	0.428	91.020	85.978
817	0.250	0.415	91.074	86.348
818	0.251	0.404	91.116	86.889
819	0.251	0.428	91.100	86.428
820	0.247	0.413	91.170	86.899
821	0.246	0.412	91.118	86.769
822	0.247	0.421	91.270	86.398
823	0.250	0.415	91.150	87.019
824	0.243	0.416	91.360	87.230
825	0.244	0.414	91.294	86.979
826	0.247	0.404	91.176	86.809
827	0.243	0.421	91.226	86.799
828	0.248	0.393	91.050	87.139
829	0.248	0.433	91.160	85.958
830	0.245	0.421	91.274	86.919
831	0.244	0.416	91.182	86.749
832	0.245	0.394	91.308	87.380
833	0.243	0.399	91.466	86.959
834	0.247	0.408	91.182	86.809
835	0.241	0.397	91.330	86.909
836	0.242	0.419	91.350	86.268
837	0.244	0.451	91.280	86.188
838	0.242	0.444	91.314	86.078
839	0.240	0.445	91.476	86.298
840	0.244	0.424	91.378	86.719
841	0.244	0.428	91.420	86.849
842	0.241	0.422	91.230	85.847
843	0.240	0.396	91.456	87.179
844	0.240	0.403	91.440	86.829
845	0.242	0.453	91.428	85.958
846	0.238	0.414	91.512	86.829
847	0.239	0.430	91.460	86.739
848	0.243	0.409	91.214	87.079
849	0.242	0.408	91.404	86.979
850	0.237	0.413	91.454	87.019
851	0.239	0.453	91.534	86.038
852	0.239	0.414	91.532	86.649
853	0.237	0.408	91.581	87.330
854	0.235	0.409	91.611	86.719
855	0.236	0.394	91.735	87.590
856	0.238	0.400	91.514	87.290
857	0.239	0.431	91.396	86.468
858	0.240	0.418	91.436	86.589
859	0.234	0.411	91.581	87.149
860	0.231	0.409	91.679	86.959
861	0.234	0.417	91.548	86.819
862	0.235	0.408	91.571	86.589
863	0.232	0.404	91.757	87.210
864	0.237	0.401	91.607	87.039
865	0.233	0.433	91.579	86.298
866	0.236	0.398	91.683	87.440
867	0.237	0.390	91.546	87.190
868	0.237	0.390	91.665	87.530
869	0.231	0.394	91.711	86.979
870	0.231	0.395	91.703	87.400
871	0.231	0.386	91.655	87.490
872	0.231	0.391	91.763	87.891
873	0.230	0.428	91.719	86.508
874	0.233	0.431	91.771	86.809
875	0.228	0.426	91.739	86.589
876	0.227	0.404	91.851	87.430
877	0.229	0.406	91.771	87.129
878	0.227	0.404	91.987	87.019
879	0.227	0.392	91.901	87.310
880	0.226	0.434	92.011	86.639
881	0.228	0.398	91.775	87.470
882	0.229	0.413	91.685	87.360
883	0.229	0.438	91.679	86.458
884	0.228	0.411	91.857	87.420
885	0.227	0.404	91.865	87.300
886	0.222	0.392	92.200	87.250
887	0.228	0.406	91.851	87.099
888	0.229	0.406	91.819	87.410
889	0.223	0.421	92.105	86.649
890	0.222	0.398	91.973	87.630
891	0.226	0.397	92.003	87.129
892	0.225	0.416	91.805	86.348
893	0.224	0.394	92.147	87.109
894	0.226	0.402	91.947	87.550
895	0.227	0.415	91.967	86.789
896	0.225	0.406	92.001	87.360
897	0.227	0.405	92.003	86.799
898	0.221	0.396	92.059	87.139
899	0.223	0.395	92.007	87.260
900	0.225	0.400	91.899	87.570
901	0.226	0.397	91.831	87.480
902	0.216	0.403	92.368	87.450
903	0.225	0.403	91.979	87.300
904	0.217	0.403	92.278	87.380
905	0.221	0.415	91.909	86.979
906	0.220	0.400	92.169	87.600
907	0.221	0.394	92.121	87.490
908	0.216	0.410	92.206	86.889
909	0.215	0.394	92.314	87.420
910	0.220	0.388	92.149	87.831
911	0.219	0.416	92.282	86.869
912	0.215	0.381	92.266	87.881
913	0.218	0.388	92.264	87.540
914	0.218	0.386	92.228	87.590
915	0.219	0.393	92.282	87.460
916	0.215	0.400	92.234	87.240
917	0.216	0.403	92.290	87.630
918	0.216	0.386	92.240	87.800
919	0.212	0.400	92.440	87.430
920	0.217	0.400	92.238	87.490
921	0.216	0.398	92.276	87.720
922	0.216	0.394	92.354	87.881
923	0.214	0.400	92.238	87.580
924	0.213	0.382	92.384	87.560
925	0.215	0.395	92.414	87.580
926	0.218	0.392	92.230	87.570
927	0.215	0.422	92.240	86.859
928	0.211	0.379	92.438	87.971
929	0.209	0.387	92.524	87.440
930	0.215	0.393	92.304	87.770
931	0.212	0.393	92.568	87.790
932	0.213	0.388	92.442	87.981
933	0.209	0.390	92.594	87.610
934	0.213	0.402	92.270	87.280
935	0.215	0.393	92.354	87.800
936	0.210	0.397	92.508	87.330
937	0.209	0.382	92.608	87.550
938	0.209	0.407	92.588	86.939
939	0.211	0.400	92.488	87.590
940	0.209	0.392	92.538	87.650
941	0.210	0.398	92.388	87.520
942	0.209	0.402	92.470	87.981
943	0.209	0.400	92.560	87.430
944	0.212	0.405	92.292	87.310
945	0.210	0.388	92.464	87.690
946	0.207	0.385	92.594	88.121
947	0.207	0.386	92.530	87.931
948	0.209	0.387	92.512	87.580
949	0.205	0.393	92.636	87.971
950	0.208	0.391	92.546	87.851
951	0.208	0.390	92.386	87.620
952	0.211	0.379	92.346	88.061
953	0.205	0.394	92.648	87.760
954	0.205	0.393	92.650	87.460
955	0.205	0.391	92.710	87.780
956	0.206	0.395	92.556	87.570
957	0.203	0.384	92.714	87.760
958	0.207	0.394	92.592	87.580
959	0.200	0.392	92.839	87.700
960	0.206	0.379	92.670	87.790
961	0.203	0.396	92.760	87.620
962	0.202	0.375	92.714	87.871
963	0.203	0.384	92.686	87.911
964	0.204	0.384	92.851	87.981
965	0.203	0.387	92.660	87.861
966	0.201	0.380	92.776	88.071
967	0.203	0.396	92.646	87.590
968	0.203	0.394	92.722	87.560
969	0.201	0.368	92.734	87.981
970	0.200	0.395	92.849	87.720
971	0.201	0.389	92.760	87.550
972	0.202	0.399	92.766	87.710
973	0.197	0.400	92.796	87.540
974	0.197	0.383	92.925	87.941
975	0.199	0.392	92.833	87.851
976	0.202	0.392	92.796	87.670
977	0.199	0.396	92.869	87.630
978	0.201	0.382	92.728	87.770
979	0.201	0.388	92.811	88.101
980	0.202	0.381	92.825	87.861
981	0.202	0.393	92.869	87.780
982	0.199	0.382	92.967	87.921
983	0.195	0.387	93.043	87.901
984	0.200	0.387	92.871	87.911
985	0.198	0.395	92.939	87.580
986	0.197	0.383	92.800	88.011
987	0.199	0.389	92.802	87.961
988	0.197	0.375	92.851	88.061
989	0.197	0.389	92.933	87.730
990	0.195	0.383	92.953	88.181
991	0.198	0.380	92.951	87.760
992	0.192	0.374	93.199	88.211
993	0.196	0.386	93.015	88.011
994	0.195	0.389	92.999	88.011
995	0.195	0.378	92.991	87.981
996	0.193	0.382	93.171	87.871
997	0.191	0.376	93.129	87.991
998	0.195	0.391	93.061	88.071
999	0.192	0.381	93.103	87.891
