Namespace(arch='ResNet18', workers=4, epochs=1000, warm_up_epochs=16, start_epoch=0, batch_size=256, lr=0.1, momentum=0.9, weight_decay=0.0002, num_classes=10, seed=0, dynamic_range=[0.8, 0.0], resume='', evaluate=False, save_dir='saveModel-00base', print_freq=200, save_every=200)
Epoch	train_loss	val_loss	train_acc	val_acc	
0	2.426	2.125	17.322	22.536
1	2.047	1.940	24.359	29.127
2	1.930	1.845	28.806	31.941
3	1.858	1.798	31.498	33.834
4	1.797	1.694	33.924	38.151
5	1.748	1.669	35.950	38.872
6	1.679	1.569	38.704	42.268
7	1.628	1.613	40.657	41.577
8	1.572	1.494	42.598	45.282
9	1.518	1.464	44.826	46.875
10	1.469	1.420	46.390	48.087
11	1.413	1.335	48.219	51.552
12	1.356	1.269	50.325	53.886
13	1.316	1.253	51.885	54.237
14	1.262	1.200	53.990	56.751
15	1.235	1.195	55.284	56.410
16	1.195	1.125	56.685	58.934
17	1.153	1.109	58.259	60.767
18	1.133	1.079	58.888	60.677
19	1.096	1.064	60.405	61.719
20	1.071	1.050	61.605	62.600
21	1.040	1.006	62.610	63.532
22	1.029	0.992	62.975	64.403
23	1.006	0.997	63.936	63.892
24	0.980	0.930	64.597	66.727
25	0.963	0.938	65.417	66.957
26	0.949	0.931	66.048	66.466
27	0.932	0.952	66.637	66.176
28	0.911	0.889	67.324	68.520
29	0.893	0.857	68.073	69.471
30	0.877	0.905	68.774	68.440
31	0.870	0.835	68.948	70.393
32	0.848	0.851	69.792	69.591
33	0.846	0.870	69.890	69.321
34	0.825	0.857	70.767	69.391
35	0.808	0.852	71.234	69.802
36	0.808	0.837	71.528	70.533
37	0.795	0.793	71.891	72.276
38	0.781	0.801	72.238	72.366
39	0.774	0.837	72.666	70.873
40	0.767	0.787	72.815	72.586
41	0.753	0.787	73.155	72.776
42	0.747	0.783	73.452	72.196
43	0.738	0.739	73.854	74.129
44	0.731	0.765	74.199	73.177
45	0.722	0.774	74.529	72.947
46	0.708	0.720	75.062	74.639
47	0.698	0.765	75.435	73.778
48	0.684	0.746	75.803	73.648
49	0.672	0.711	76.400	75.321
50	0.678	0.691	75.992	75.721
51	0.658	0.688	76.875	76.382
52	0.638	0.705	77.352	74.880
53	0.647	0.652	77.242	77.464
54	0.635	0.666	77.658	76.703
55	0.623	0.682	78.171	76.122
56	0.613	0.673	78.578	76.502
57	0.611	0.687	78.429	75.711
58	0.602	0.647	78.938	77.564
59	0.589	0.720	79.189	75.090
60	0.592	0.646	79.285	77.724
61	0.589	0.649	79.271	77.404
62	0.576	0.657	79.784	76.593
63	0.569	0.611	79.912	78.966
64	0.561	0.659	80.441	77.023
65	0.551	0.628	80.811	78.636
66	0.544	0.693	80.960	75.861
67	0.551	0.609	80.633	78.956
68	0.536	0.643	81.006	77.684
69	0.535	0.616	81.334	78.716
70	0.526	0.610	81.488	79.026
71	0.515	0.631	81.959	78.035
72	0.521	0.587	81.659	79.728
73	0.505	0.593	82.218	79.968
74	0.505	0.661	82.354	77.474
75	0.507	0.576	82.262	80.128
76	0.491	0.583	82.786	79.968
77	0.494	0.559	82.774	80.569
78	0.486	0.605	82.925	79.617
79	0.481	0.555	83.251	81.010
80	0.477	0.579	83.303	80.288
81	0.474	0.594	83.283	79.527
82	0.470	0.580	83.502	80.068
83	0.471	0.674	83.476	77.093
84	0.462	0.554	83.760	81.050
85	0.459	0.560	83.838	81.140
86	0.455	0.562	84.032	80.779
87	0.451	0.550	84.347	81.681
88	0.450	0.617	84.239	79.527
89	0.445	0.534	84.367	81.811
90	0.433	0.575	84.806	80.559
91	0.441	0.510	84.555	82.562
92	0.429	0.536	85.012	81.851
93	0.439	0.571	84.373	81.490
94	0.428	0.568	85.114	81.070
95	0.423	0.598	84.990	80.128
96	0.426	0.542	84.898	82.181
97	0.418	0.572	85.321	81.040
98	0.417	0.533	85.331	82.111
99	0.407	0.523	85.631	82.121
100	0.408	0.501	85.625	83.163
101	0.407	0.504	85.683	82.923
102	0.408	0.505	85.569	82.562
103	0.412	0.577	85.513	80.929
104	0.401	0.507	85.791	82.582
105	0.394	0.511	85.968	82.672
106	0.394	0.512	86.144	82.552
107	0.392	0.537	86.140	81.641
108	0.395	0.551	86.060	81.160
109	0.387	0.559	86.148	81.430
110	0.396	0.530	86.070	81.931
111	0.397	0.585	85.833	81.120
112	0.387	0.590	86.280	80.479
113	0.383	0.554	86.629	81.911
114	0.375	0.587	86.877	81.130
115	0.387	0.573	86.480	81.460
116	0.379	0.499	86.741	83.383
117	0.375	0.503	86.805	82.943
118	0.367	0.506	87.095	83.083
119	0.375	0.521	86.919	82.953
120	0.370	0.550	86.935	81.981
121	0.368	0.510	87.123	83.083
122	0.370	0.506	86.911	82.812
123	0.367	0.522	86.987	82.492
124	0.367	0.515	87.033	82.963
125	0.369	0.495	87.003	83.303
126	0.360	0.518	87.282	82.652
127	0.372	0.484	86.999	83.884
128	0.361	0.501	87.282	83.353
129	0.364	0.539	87.179	82.442
130	0.362	0.495	87.224	83.233
131	0.352	0.508	87.500	83.173
132	0.357	0.497	87.406	83.363
133	0.371	0.522	87.065	83.203
134	0.361	0.508	87.111	83.133
135	0.348	0.597	87.764	80.489
136	0.352	0.507	87.682	83.233
137	0.362	0.503	87.272	83.313
138	0.359	0.503	87.314	83.724
139	0.356	0.508	87.456	83.213
140	0.367	0.528	87.141	82.422
141	0.360	0.525	87.414	82.552
142	0.352	0.529	87.556	82.853
143	0.351	0.571	87.634	81.791
144	0.347	0.500	87.933	83.123
145	0.352	0.584	87.512	80.629
146	0.359	0.581	87.260	80.970
147	0.355	0.512	87.460	83.313
148	0.349	0.544	87.716	81.881
149	0.347	0.511	87.592	82.923
150	0.339	0.530	88.173	82.672
151	0.344	0.500	87.955	83.283
152	0.349	0.472	87.827	83.974
153	0.354	0.712	87.448	77.594
154	0.363	0.525	87.208	82.572
155	0.352	0.536	87.450	82.502
156	0.356	0.533	87.540	82.622
157	0.350	0.525	87.518	83.013
158	0.349	0.616	87.736	80.549
159	0.345	0.482	87.865	83.884
160	0.354	0.571	87.430	81.130
161	0.350	0.573	87.758	80.849
162	0.352	0.512	87.768	83.083
163	0.352	0.552	87.464	82.222
164	0.347	0.486	87.738	83.614
165	0.346	0.541	87.738	81.961
166	0.343	0.610	87.887	80.629
167	0.337	0.521	88.129	83.113
168	0.348	0.542	87.800	81.941
169	0.353	0.486	87.550	83.784
170	0.342	0.493	87.995	83.203
171	0.349	0.500	87.837	83.283
172	0.345	0.578	87.861	80.839
173	0.342	0.483	87.979	84.075
174	0.349	0.476	87.720	84.175
175	0.348	0.526	87.808	82.362
176	0.346	0.492	87.748	83.904
177	0.346	0.483	87.654	84.075
178	0.348	0.505	87.786	83.213
179	0.346	0.560	87.766	81.380
180	0.347	0.658	87.746	79.117
181	0.353	0.525	87.650	82.742
182	0.340	0.614	87.951	80.599
183	0.345	0.536	87.937	82.131
184	0.348	0.510	87.624	83.393
185	0.342	0.539	87.937	82.522
186	0.336	0.507	88.193	83.313
187	0.341	0.585	87.905	81.200
188	0.341	0.477	87.929	84.415
189	0.336	0.497	88.163	83.734
190	0.340	0.571	87.921	81.621
191	0.331	0.485	88.329	83.954
192	0.335	0.523	88.137	82.833
193	0.335	0.458	88.205	84.595
194	0.328	0.505	88.480	83.433
195	0.335	0.524	88.187	82.782
196	0.354	0.504	87.578	83.373
197	0.341	0.548	87.979	81.741
198	0.328	0.518	88.389	83.123
199	0.327	0.515	88.492	82.973
200	0.337	0.576	88.103	81.240
201	0.340	0.489	87.969	83.964
202	0.341	0.550	87.889	82.422
203	0.333	0.513	88.197	83.293
204	0.338	0.534	88.051	83.373
205	0.337	0.570	88.123	81.931
206	0.327	0.522	88.405	82.662
207	0.329	0.529	88.508	82.893
208	0.345	0.578	87.774	81.440
209	0.329	0.521	88.315	82.141
210	0.323	0.502	88.450	83.604
211	0.333	0.516	88.091	82.913
212	0.334	0.522	88.243	82.782
213	0.336	0.527	88.243	82.061
214	0.327	0.482	88.385	83.844
215	0.337	0.485	88.037	83.644
216	0.325	0.485	88.780	84.205
217	0.325	0.542	88.502	82.652
218	0.329	0.501	88.181	83.193
219	0.320	0.559	88.766	81.971
220	0.330	0.490	88.482	83.544
221	0.324	0.545	88.672	81.971
222	0.326	0.501	88.532	83.093
223	0.324	0.497	88.918	83.494
224	0.318	0.484	88.742	83.423
225	0.315	0.498	88.812	83.814
226	0.329	0.512	88.381	83.263
227	0.322	0.468	88.668	84.065
228	0.314	0.510	88.796	83.333
229	0.317	0.542	89.024	82.462
230	0.325	0.531	88.600	82.672
231	0.326	0.576	88.482	81.310
232	0.333	0.524	88.325	82.853
233	0.308	0.505	89.091	82.983
234	0.309	0.585	89.209	80.419
235	0.327	0.679	88.508	80.308
236	0.338	0.617	88.095	78.986
237	0.325	0.530	88.540	82.262
238	0.319	0.530	88.714	82.181
239	0.324	0.487	88.550	83.944
240	0.312	0.464	88.872	84.595
241	0.316	0.496	88.894	83.614
242	0.314	0.481	88.906	84.205
243	0.324	0.522	88.548	82.893
244	0.318	0.478	88.862	84.235
245	0.315	0.466	88.736	84.215
246	0.311	0.525	89.016	82.943
247	0.312	0.520	88.996	83.073
248	0.321	0.509	88.676	83.363
249	0.325	0.540	88.466	82.041
250	0.309	0.491	89.087	83.734
251	0.305	0.551	89.455	82.091
252	0.308	0.598	89.081	81.200
253	0.312	0.498	89.081	83.824
254	0.320	0.511	88.796	83.303
255	0.313	0.478	88.954	84.125
256	0.317	0.482	88.892	84.235
257	0.317	0.485	88.810	83.964
258	0.309	0.519	89.149	82.843
259	0.297	0.555	89.453	83.033
260	0.294	0.477	89.551	84.425
261	0.297	0.483	89.483	84.515
262	0.308	0.530	89.089	82.151
263	0.298	0.530	89.513	82.913
264	0.307	0.506	89.241	83.804
265	0.307	0.541	89.109	82.652
266	0.304	0.528	89.255	82.903
267	0.311	0.483	89.075	83.834
268	0.302	0.525	89.395	83.574
269	0.300	0.470	89.401	84.445
270	0.302	0.474	89.321	84.415
271	0.290	0.531	89.764	82.642
272	0.308	0.534	89.155	82.322
273	0.313	0.489	88.922	84.215
274	0.306	0.504	89.321	83.253
275	0.299	0.526	89.385	82.081
276	0.309	0.522	89.095	83.043
277	0.310	0.575	89.000	81.761
278	0.298	0.468	89.515	84.746
279	0.300	0.497	89.471	83.984
280	0.292	0.489	89.704	84.175
281	0.295	0.487	89.601	84.565
282	0.295	0.513	89.706	82.913
283	0.286	0.480	89.728	84.135
284	0.302	0.498	89.339	83.363
285	0.299	0.490	89.443	83.844
286	0.296	0.494	89.587	83.724
287	0.298	0.481	89.419	84.195
288	0.294	0.475	89.641	84.225
289	0.293	0.505	89.625	83.614
290	0.295	0.488	89.487	83.884
291	0.288	0.546	89.800	82.352
292	0.298	0.605	89.423	80.499
293	0.298	0.484	89.551	84.315
294	0.294	0.550	89.563	82.242
295	0.303	0.485	89.115	84.265
296	0.295	0.508	89.669	83.173
297	0.298	0.522	89.447	83.423
298	0.297	0.511	89.505	83.333
299	0.292	0.479	89.722	84.065
300	0.292	0.474	89.742	84.655
301	0.291	0.432	89.667	85.477
302	0.292	0.474	89.818	83.894
303	0.286	0.442	89.878	85.046
304	0.286	0.485	89.720	84.054
305	0.281	0.482	90.094	84.315
306	0.292	0.580	89.826	81.581
307	0.300	0.594	89.437	80.929
308	0.302	0.531	89.325	82.622
309	0.293	0.503	89.555	83.664
310	0.281	0.459	90.030	84.886
311	0.287	0.479	89.898	84.415
312	0.275	0.517	90.212	83.554
313	0.281	0.454	89.946	84.545
314	0.277	0.457	90.146	84.886
315	0.272	0.485	90.525	84.285
316	0.274	0.500	90.391	83.524
317	0.284	0.481	89.890	84.215
318	0.287	0.517	89.738	83.123
319	0.281	0.453	90.134	85.256
320	0.272	0.493	90.270	84.034
321	0.274	0.547	90.170	82.542
322	0.280	0.487	90.076	83.964
323	0.272	0.434	90.302	85.757
324	0.270	0.451	90.537	85.387
325	0.266	0.506	90.665	83.764
326	0.277	0.523	90.172	83.373
327	0.274	0.432	90.341	86.298
328	0.274	0.471	90.379	84.385
329	0.279	0.546	90.056	82.632
330	0.282	0.516	90.062	82.883
331	0.279	0.483	90.182	84.766
332	0.277	0.470	90.210	84.896
333	0.272	0.474	90.575	84.095
334	0.271	0.486	90.463	83.904
335	0.273	0.493	90.260	83.594
336	0.276	0.465	90.186	84.585
337	0.275	0.460	90.329	84.675
338	0.281	0.506	90.056	84.024
339	0.270	0.552	90.333	82.622
340	0.266	0.481	90.587	84.125
341	0.269	0.507	90.517	83.313
342	0.269	0.492	90.385	84.395
343	0.274	0.495	90.220	84.054
344	0.279	0.551	90.118	82.482
345	0.282	0.478	90.084	84.305
346	0.264	0.523	90.571	83.193
347	0.274	0.485	90.216	84.585
348	0.278	0.477	90.102	84.675
349	0.266	0.488	90.579	84.355
350	0.264	0.608	90.547	81.450
351	0.275	0.454	90.306	85.016
352	0.260	0.430	90.773	85.897
353	0.262	0.453	90.679	85.036
354	0.264	0.492	90.639	84.265
355	0.270	0.492	90.345	84.004
356	0.275	0.490	90.347	84.044
357	0.275	0.498	90.367	83.013
358	0.270	0.459	90.447	85.357
359	0.261	0.455	90.745	84.696
360	0.262	0.459	90.697	84.876
361	0.262	0.468	90.773	85.046
362	0.261	0.444	90.843	85.817
363	0.258	0.487	90.813	83.714
364	0.254	0.496	91.084	84.385
365	0.257	0.452	90.893	84.936
366	0.259	0.514	90.964	83.183
367	0.254	0.533	90.907	82.953
368	0.252	0.478	91.002	84.886
369	0.261	0.501	90.679	83.514
370	0.266	0.480	90.435	84.225
371	0.255	0.484	90.933	84.455
372	0.262	0.520	90.813	83.193
373	0.262	0.533	90.717	83.213
374	0.255	0.473	90.986	84.585
375	0.251	0.469	91.168	85.096
376	0.260	0.525	90.761	83.303
377	0.251	0.464	91.238	85.056
378	0.251	0.446	91.270	85.256
379	0.255	0.458	90.837	84.966
380	0.254	0.457	90.877	84.916
381	0.256	0.468	90.927	84.976
382	0.259	0.605	90.883	81.260
383	0.258	0.474	90.783	84.726
384	0.251	0.457	91.202	84.986
385	0.259	0.482	90.765	84.425
386	0.255	0.454	91.004	84.866
387	0.260	0.443	90.833	84.886
388	0.253	0.500	91.032	84.305
389	0.236	0.451	91.673	85.587
390	0.245	0.484	91.414	84.766
391	0.242	0.527	91.418	83.213
392	0.250	0.492	91.228	84.095
393	0.251	0.490	91.078	84.776
394	0.255	0.515	90.968	83.023
395	0.260	0.486	90.745	84.675
396	0.252	0.480	90.915	84.746
397	0.238	0.430	91.567	86.288
398	0.242	0.478	91.506	84.665
399	0.252	0.473	91.046	84.766
400	0.254	0.441	90.942	85.877
401	0.249	0.474	91.122	85.286
402	0.251	0.555	91.140	82.472
403	0.244	0.495	91.278	84.475
404	0.244	0.473	91.300	84.515
405	0.256	0.455	90.919	85.537
406	0.234	0.471	91.731	85.096
407	0.238	0.495	91.621	84.375
408	0.237	0.467	91.544	85.066
409	0.244	0.540	91.274	82.592
410	0.246	0.466	91.362	85.787
411	0.239	0.484	91.556	84.525
412	0.235	0.480	91.761	84.796
413	0.238	0.475	91.504	85.387
414	0.228	0.457	91.911	84.796
415	0.230	0.478	91.771	84.595
416	0.236	0.509	91.520	84.395
417	0.234	0.458	91.689	85.407
418	0.236	0.434	91.601	85.727
419	0.224	0.483	92.117	85.076
420	0.231	0.490	91.767	84.615
421	0.222	0.448	91.967	85.367
422	0.229	0.497	91.825	84.455
423	0.216	0.456	92.336	85.707
424	0.233	0.480	91.741	84.375
425	0.232	0.455	91.761	85.427
426	0.229	0.458	91.855	85.296
427	0.226	0.500	91.949	84.125
428	0.232	0.488	91.761	84.185
429	0.229	0.447	91.799	85.787
430	0.236	0.452	91.504	85.106
431	0.229	0.488	91.677	84.315
432	0.234	0.455	91.675	85.276
433	0.223	0.487	92.173	84.996
434	0.225	0.439	92.067	85.627
435	0.232	0.447	91.685	85.787
436	0.237	0.477	91.687	84.806
437	0.229	0.450	91.817	85.887
438	0.227	0.433	91.987	86.268
439	0.223	0.440	92.204	85.647
440	0.227	0.468	92.007	85.657
441	0.228	0.499	91.949	84.696
442	0.244	0.471	91.266	84.816
443	0.237	0.474	91.534	84.966
444	0.219	0.471	92.220	85.437
445	0.211	0.501	92.496	83.944
446	0.227	0.480	91.769	84.645
447	0.230	0.443	91.757	85.998
448	0.223	0.465	92.143	85.136
449	0.234	0.434	91.597	85.948
450	0.223	0.455	92.214	85.296
451	0.209	0.454	92.476	85.657
452	0.214	0.449	92.448	85.887
453	0.215	0.539	92.320	83.263
454	0.217	0.464	92.210	85.577
455	0.212	0.447	92.506	85.988
456	0.222	0.457	92.025	85.256
457	0.207	0.484	92.624	85.337
458	0.209	0.454	92.566	85.156
459	0.221	0.431	92.200	86.128
460	0.220	0.497	92.274	84.125
461	0.211	0.437	92.556	86.108
462	0.211	0.443	92.464	85.927
463	0.216	0.494	92.406	84.675
464	0.209	0.442	92.592	86.038
465	0.205	0.442	92.758	86.028
466	0.222	0.462	92.041	85.577
467	0.219	0.460	92.294	85.256
468	0.205	0.476	92.644	85.036
469	0.215	0.502	92.488	84.325
470	0.213	0.471	92.532	85.146
471	0.215	0.466	92.456	85.006
472	0.210	0.478	92.492	85.016
473	0.210	0.461	92.530	84.916
474	0.208	0.458	92.646	85.447
475	0.225	0.471	92.051	84.876
476	0.212	0.524	92.532	84.195
477	0.218	0.509	92.270	83.964
478	0.211	0.462	92.432	84.956
479	0.211	0.450	92.652	85.567
480	0.206	0.451	92.656	85.847
481	0.201	0.471	92.857	85.587
482	0.205	0.451	92.738	85.577
483	0.198	0.479	93.039	85.006
484	0.211	0.461	92.458	85.387
485	0.204	0.443	92.786	85.517
486	0.203	0.454	92.917	85.587
487	0.199	0.435	92.903	86.338
488	0.195	0.443	93.059	85.707
489	0.200	0.509	92.831	84.505
490	0.195	0.441	93.171	85.958
491	0.198	0.488	92.863	84.896
492	0.211	0.510	92.414	84.856
493	0.199	0.513	92.989	84.225
494	0.201	0.502	92.885	84.736
495	0.200	0.516	92.800	84.145
496	0.196	0.491	92.979	84.856
497	0.187	0.449	93.415	86.008
498	0.199	0.456	92.889	85.497
499	0.202	0.436	92.901	86.088
500	0.196	0.483	92.985	85.347
501	0.185	0.448	93.391	86.278
502	0.186	0.437	93.259	85.637
503	0.189	0.485	93.313	85.006
504	0.180	0.479	93.526	85.347
505	0.196	0.500	92.995	84.756
506	0.195	0.507	93.063	84.776
507	0.187	0.493	93.397	84.826
508	0.178	0.481	93.740	85.246
509	0.185	0.500	93.452	84.756
510	0.195	0.472	93.037	84.826
511	0.192	0.471	93.243	85.186
512	0.185	0.450	93.325	85.717
513	0.188	0.451	93.265	85.327
514	0.180	0.458	93.576	85.347
515	0.196	0.455	93.001	85.567
516	0.191	0.463	93.209	85.757
517	0.179	0.434	93.648	86.699
518	0.176	0.455	93.796	85.998
519	0.186	0.471	93.409	85.317
520	0.185	0.432	93.413	86.198
521	0.192	0.436	93.163	86.548
522	0.178	0.464	93.682	85.587
523	0.177	0.468	93.732	85.707
524	0.180	0.460	93.660	85.807
525	0.185	0.488	93.502	84.726
526	0.174	0.458	93.932	86.538
527	0.180	0.493	93.602	85.006
528	0.194	0.453	93.065	85.747
529	0.185	0.436	93.401	86.378
530	0.175	0.469	93.686	86.178
531	0.180	0.448	93.702	86.178
532	0.174	0.431	93.820	86.518
533	0.177	0.447	93.774	86.258
534	0.175	0.456	93.760	86.208
535	0.175	0.446	93.802	86.278
536	0.175	0.451	93.814	85.707
537	0.184	0.459	93.506	86.238
538	0.167	0.448	94.189	86.368
539	0.174	0.482	93.802	84.936
540	0.167	0.442	94.099	85.757
541	0.172	0.430	94.000	86.799
542	0.169	0.434	94.058	86.729
543	0.171	0.497	93.972	85.377
544	0.169	0.457	93.974	85.677
545	0.171	0.460	93.794	86.048
546	0.168	0.496	94.002	84.806
547	0.166	0.444	94.157	86.228
548	0.168	0.457	94.056	86.268
549	0.164	0.464	94.163	85.958
550	0.168	0.459	94.099	85.827
551	0.164	0.466	94.121	85.747
552	0.170	0.450	93.940	85.958
553	0.164	0.493	94.281	85.617
554	0.177	0.456	93.702	85.978
555	0.168	0.434	94.054	86.538
556	0.163	0.438	94.261	86.068
557	0.156	0.452	94.557	85.958
558	0.162	0.464	94.243	85.917
559	0.159	0.465	94.405	85.847
560	0.161	0.436	94.243	86.148
561	0.157	0.472	94.385	85.447
562	0.158	0.471	94.341	85.988
563	0.161	0.467	94.187	85.687
564	0.163	0.455	94.227	86.078
565	0.161	0.480	94.319	85.737
566	0.166	0.481	94.161	85.677
567	0.156	0.465	94.419	85.627
568	0.153	0.463	94.601	86.268
569	0.149	0.466	94.800	86.318
570	0.153	0.481	94.607	85.557
571	0.152	0.467	94.663	85.707
572	0.162	0.494	94.279	85.437
573	0.155	0.470	94.541	86.448
574	0.153	0.498	94.569	85.286
575	0.154	0.459	94.625	85.827
576	0.157	0.520	94.365	84.686
577	0.148	0.448	94.810	86.098
578	0.143	0.414	94.986	87.310
579	0.149	0.449	94.732	86.188
580	0.151	0.479	94.663	85.948
581	0.148	0.456	94.754	86.438
582	0.160	0.488	94.417	85.266
583	0.153	0.456	94.625	86.268
584	0.149	0.464	94.708	85.857
585	0.136	0.460	95.164	86.078
586	0.140	0.445	95.074	86.739
587	0.148	0.479	94.690	85.437
588	0.147	0.470	94.736	85.677
589	0.155	0.459	94.663	85.998
590	0.139	0.437	94.996	86.619
591	0.146	0.509	94.786	85.116
592	0.147	0.449	94.784	86.018
593	0.145	0.470	94.844	86.288
594	0.149	0.455	94.722	86.338
595	0.140	0.469	95.028	85.667
596	0.144	0.481	94.836	85.787
597	0.146	0.491	94.842	84.966
598	0.136	0.458	95.218	86.699
599	0.135	0.448	95.202	86.899
600	0.131	0.446	95.383	86.188
601	0.138	0.481	95.144	85.377
602	0.141	0.462	95.038	86.178
603	0.139	0.484	95.080	85.817
604	0.139	0.421	95.086	87.190
605	0.138	0.461	95.106	86.208
606	0.140	0.468	95.010	85.627
607	0.129	0.474	95.533	86.228
608	0.134	0.435	95.284	87.169
609	0.136	0.466	95.204	86.298
610	0.134	0.455	95.298	86.208
611	0.133	0.471	95.373	86.218
612	0.131	0.512	95.505	84.756
613	0.134	0.463	95.274	86.478
614	0.132	0.461	95.343	86.699
615	0.136	0.460	95.208	86.288
616	0.132	0.447	95.397	86.338
617	0.121	0.437	95.739	86.859
618	0.130	0.455	95.453	86.649
619	0.132	0.446	95.461	86.879
620	0.128	0.454	95.473	86.268
621	0.130	0.492	95.517	85.697
622	0.128	0.495	95.451	85.817
623	0.128	0.425	95.493	87.139
624	0.122	0.448	95.671	86.619
625	0.120	0.445	95.839	86.478
626	0.123	0.471	95.707	86.819
627	0.124	0.431	95.591	87.240
628	0.130	0.484	95.435	86.068
629	0.129	0.417	95.427	87.770
630	0.126	0.428	95.541	87.260
631	0.117	0.460	95.791	86.278
632	0.124	0.443	95.617	86.899
633	0.121	0.439	95.805	87.520
634	0.118	0.467	95.851	86.308
635	0.125	0.496	95.563	85.837
636	0.121	0.439	95.673	86.979
637	0.115	0.442	95.990	86.979
638	0.110	0.440	96.096	86.789
639	0.110	0.443	96.150	86.889
640	0.111	0.483	96.012	85.797
641	0.109	0.442	96.172	87.370
642	0.111	0.442	96.098	86.899
643	0.115	0.423	95.948	87.260
644	0.109	0.456	96.172	86.729
645	0.108	0.438	96.206	86.939
646	0.111	0.443	96.092	87.310
647	0.109	0.463	96.228	86.478
648	0.107	0.453	96.250	87.200
649	0.112	0.456	96.100	86.729
650	0.110	0.469	96.140	86.378
651	0.116	0.453	95.907	86.498
652	0.111	0.483	96.182	86.408
653	0.111	0.475	96.020	86.188
654	0.118	0.464	95.877	86.709
655	0.114	0.451	96.158	86.789
656	0.111	0.479	96.040	86.498
657	0.111	0.432	96.048	87.400
658	0.115	0.442	96.018	86.839
659	0.106	0.463	96.200	86.378
660	0.107	0.428	96.324	87.690
661	0.102	0.455	96.364	86.579
662	0.104	0.439	96.446	87.250
663	0.103	0.473	96.480	86.689
664	0.107	0.475	96.312	86.388
665	0.102	0.455	96.366	86.589
666	0.103	0.466	96.424	86.919
667	0.102	0.431	96.408	87.310
668	0.098	0.461	96.561	86.919
669	0.099	0.446	96.552	87.340
670	0.098	0.433	96.645	87.841
671	0.095	0.441	96.765	87.430
672	0.104	0.459	96.222	86.979
673	0.102	0.427	96.512	87.300
674	0.098	0.415	96.546	87.921
675	0.098	0.442	96.532	87.079
676	0.095	0.434	96.747	87.730
677	0.093	0.433	96.737	87.320
678	0.087	0.429	97.037	87.951
679	0.088	0.430	97.007	87.630
680	0.091	0.441	96.929	87.480
681	0.101	0.461	96.466	87.280
682	0.104	0.450	96.440	86.989
683	0.093	0.430	96.753	87.600
684	0.088	0.424	96.851	87.891
685	0.094	0.451	96.741	86.929
686	0.092	0.455	96.917	87.320
687	0.093	0.427	96.739	87.580
688	0.087	0.496	96.993	86.048
689	0.090	0.407	96.905	87.991
690	0.084	0.447	97.196	87.430
691	0.086	0.468	96.993	86.639
692	0.085	0.438	97.079	87.700
693	0.084	0.441	97.121	87.410
694	0.085	0.455	97.069	87.440
695	0.088	0.469	96.997	87.230
696	0.095	0.439	96.737	87.600
697	0.085	0.438	97.163	87.300
698	0.087	0.452	97.019	87.129
699	0.083	0.433	97.109	87.660
700	0.084	0.452	97.093	87.440
701	0.078	0.419	97.402	88.061
702	0.077	0.432	97.386	87.790
703	0.073	0.422	97.688	87.760
704	0.072	0.430	97.590	87.931
705	0.070	0.423	97.638	87.700
706	0.072	0.443	97.576	87.720
707	0.073	0.464	97.558	86.508
708	0.076	0.439	97.470	87.730
709	0.075	0.439	97.504	87.921
710	0.077	0.423	97.390	87.760
711	0.072	0.438	97.562	87.690
712	0.073	0.450	97.634	87.450
713	0.075	0.433	97.454	87.951
714	0.073	0.443	97.530	87.720
715	0.078	0.449	97.388	87.790
716	0.079	0.435	97.310	87.720
717	0.075	0.414	97.468	88.081
718	0.074	0.427	97.458	87.941
719	0.069	0.440	97.726	87.650
720	0.066	0.426	97.780	88.031
721	0.067	0.425	97.732	87.570
722	0.065	0.406	97.893	88.472
723	0.068	0.450	97.696	87.320
724	0.064	0.421	97.855	87.981
725	0.061	0.411	98.049	88.071
726	0.064	0.450	97.808	87.560
727	0.066	0.445	97.778	87.430
728	0.071	0.430	97.640	87.600
729	0.068	0.429	97.734	88.281
730	0.066	0.428	97.752	88.171
731	0.064	0.477	97.861	87.250
732	0.059	0.425	98.057	88.031
733	0.062	0.424	97.961	88.091
734	0.064	0.439	97.841	88.011
735	0.064	0.434	97.901	88.311
736	0.058	0.420	98.125	88.121
737	0.059	0.425	98.097	88.281
738	0.057	0.420	98.149	88.421
739	0.060	0.421	98.033	88.682
740	0.057	0.436	98.077	88.321
741	0.052	0.440	98.295	87.800
742	0.053	0.417	98.253	88.331
743	0.056	0.430	98.199	87.931
744	0.056	0.432	98.165	88.081
745	0.056	0.426	98.139	88.041
746	0.053	0.417	98.309	88.311
747	0.052	0.416	98.335	88.321
748	0.054	0.407	98.253	88.852
749	0.054	0.409	98.181	88.361
750	0.054	0.431	98.185	87.790
751	0.049	0.419	98.482	88.532
752	0.050	0.412	98.383	88.582
753	0.046	0.415	98.502	88.522
754	0.047	0.407	98.456	88.772
755	0.047	0.418	98.540	88.742
756	0.044	0.424	98.538	88.482
757	0.048	0.412	98.470	88.832
758	0.047	0.429	98.492	88.231
759	0.046	0.421	98.544	88.882
760	0.048	0.441	98.482	88.211
761	0.046	0.411	98.532	88.572
762	0.050	0.433	98.365	88.351
763	0.051	0.426	98.395	88.401
764	0.047	0.430	98.446	88.331
765	0.046	0.432	98.540	88.351
766	0.046	0.424	98.532	88.341
767	0.041	0.419	98.688	88.421
768	0.041	0.430	98.700	88.031
769	0.046	0.411	98.528	88.522
770	0.042	0.414	98.666	88.331
771	0.041	0.428	98.704	88.592
772	0.043	0.420	98.584	88.251
773	0.038	0.414	98.816	88.782
774	0.039	0.415	98.786	88.732
775	0.037	0.410	98.834	88.692
776	0.037	0.414	98.830	88.822
777	0.037	0.425	98.870	88.592
778	0.039	0.426	98.794	88.241
779	0.038	0.419	98.806	88.652
780	0.034	0.431	98.942	88.682
781	0.039	0.397	98.758	89.032
782	0.036	0.388	98.920	89.423
783	0.035	0.421	98.882	88.462
784	0.034	0.395	98.966	89.032
785	0.032	0.416	99.075	88.932
786	0.037	0.411	98.810	88.582
787	0.034	0.420	98.970	88.482
788	0.033	0.416	98.996	88.952
789	0.034	0.414	98.966	88.782
790	0.032	0.413	99.083	88.782
791	0.032	0.407	99.034	89.042
792	0.028	0.405	99.183	88.872
793	0.030	0.407	99.093	88.902
794	0.029	0.414	99.153	88.902
795	0.029	0.411	99.185	89.163
796	0.028	0.401	99.169	89.263
797	0.028	0.405	99.201	89.103
798	0.027	0.398	99.261	89.193
799	0.025	0.401	99.313	89.443
800	0.024	0.401	99.337	89.503
801	0.024	0.398	99.275	89.143
802	0.024	0.405	99.277	89.203
803	0.027	0.404	99.257	89.263
804	0.025	0.411	99.221	89.133
805	0.023	0.408	99.345	89.173
806	0.023	0.408	99.339	89.143
807	0.024	0.414	99.325	88.912
808	0.023	0.407	99.395	89.032
809	0.023	0.407	99.347	89.253
810	0.023	0.406	99.365	89.333
811	0.023	0.416	99.345	89.073
812	0.021	0.399	99.459	89.373
813	0.021	0.410	99.453	89.002
814	0.021	0.410	99.429	89.263
815	0.022	0.387	99.411	89.593
816	0.021	0.399	99.441	89.393
817	0.022	0.413	99.373	89.283
818	0.019	0.405	99.539	88.992
819	0.020	0.411	99.403	89.073
820	0.021	0.402	99.415	89.483
821	0.020	0.405	99.471	89.012
822	0.019	0.397	99.509	89.263
823	0.018	0.397	99.571	89.704
824	0.016	0.390	99.641	89.413
825	0.019	0.395	99.431	89.062
826	0.018	0.407	99.549	89.143
827	0.017	0.409	99.577	89.313
828	0.017	0.391	99.545	89.553
829	0.016	0.394	99.609	89.303
830	0.015	0.395	99.655	89.263
831	0.016	0.405	99.589	89.423
832	0.015	0.404	99.625	89.283
833	0.016	0.405	99.565	89.673
834	0.015	0.413	99.649	89.423
835	0.016	0.397	99.591	89.613
836	0.015	0.399	99.637	89.283
837	0.014	0.402	99.665	89.403
838	0.013	0.403	99.702	89.233
839	0.015	0.395	99.607	89.513
840	0.014	0.402	99.651	89.313
841	0.013	0.414	99.718	89.283
842	0.014	0.395	99.679	89.724
843	0.014	0.409	99.649	89.203
844	0.013	0.396	99.714	89.734
845	0.013	0.387	99.681	90.034
846	0.014	0.391	99.667	89.784
847	0.013	0.403	99.720	89.734
848	0.013	0.393	99.688	89.694
849	0.012	0.388	99.756	89.904
850	0.011	0.391	99.776	89.704
851	0.012	0.393	99.748	89.704
852	0.011	0.385	99.744	90.044
853	0.011	0.397	99.754	89.423
854	0.011	0.379	99.796	90.094
855	0.011	0.400	99.750	89.864
856	0.011	0.383	99.776	89.954
857	0.011	0.378	99.770	90.214
858	0.011	0.394	99.788	89.744
859	0.011	0.384	99.784	89.824
860	0.011	0.394	99.794	89.884
861	0.010	0.389	99.810	89.964
862	0.010	0.382	99.788	89.914
863	0.010	0.394	99.782	89.623
864	0.011	0.390	99.728	89.734
865	0.011	0.385	99.770	90.134
866	0.010	0.393	99.794	89.673
867	0.010	0.382	99.784	89.994
868	0.009	0.387	99.818	89.844
869	0.010	0.386	99.824	89.974
870	0.009	0.383	99.840	89.884
871	0.010	0.380	99.802	89.894
872	0.010	0.383	99.800	90.014
873	0.009	0.386	99.814	90.114
874	0.009	0.392	99.826	89.884
875	0.009	0.385	99.834	89.934
876	0.009	0.387	99.834	90.114
877	0.009	0.377	99.800	90.144
878	0.009	0.378	99.858	90.365
879	0.009	0.388	99.824	90.034
880	0.009	0.385	99.820	90.184
881	0.008	0.376	99.844	90.425
882	0.009	0.379	99.834	90.094
883	0.009	0.372	99.824	90.515
884	0.008	0.383	99.834	90.174
885	0.009	0.380	99.848	90.164
886	0.008	0.384	99.858	90.044
887	0.008	0.370	99.848	90.365
888	0.008	0.385	99.844	89.824
889	0.008	0.383	99.858	90.114
890	0.008	0.377	99.850	90.304
891	0.007	0.377	99.866	90.034
892	0.008	0.384	99.854	90.134
893	0.007	0.384	99.868	90.315
894	0.007	0.377	99.900	90.455
895	0.007	0.376	99.884	90.304
896	0.007	0.386	99.882	90.074
897	0.007	0.384	99.880	90.345
898	0.007	0.374	99.864	90.415
899	0.007	0.385	99.888	89.974
900	0.007	0.385	99.906	90.014
901	0.007	0.378	99.884	90.114
902	0.007	0.373	99.866	90.355
903	0.007	0.379	99.902	89.984
904	0.007	0.384	99.896	90.144
905	0.007	0.390	99.888	89.834
906	0.007	0.388	99.888	90.254
907	0.006	0.383	99.888	90.044
908	0.007	0.378	99.872	90.375
909	0.006	0.387	99.896	90.274
910	0.007	0.384	99.876	90.244
911	0.007	0.381	99.870	90.335
912	0.007	0.392	99.884	90.024
913	0.007	0.386	99.894	90.475
914	0.006	0.377	99.886	90.264
915	0.006	0.378	99.898	90.184
916	0.006	0.379	99.912	90.184
917	0.006	0.385	99.896	90.084
918	0.006	0.377	99.908	90.535
919	0.007	0.383	99.862	90.294
920	0.006	0.383	99.920	90.304
921	0.006	0.380	99.912	90.335
922	0.007	0.378	99.896	90.234
923	0.006	0.387	99.900	90.234
924	0.006	0.388	99.886	90.144
925	0.006	0.384	99.880	90.124
926	0.006	0.385	99.894	90.395
927	0.006	0.391	99.896	90.124
928	0.006	0.385	99.886	90.304
929	0.006	0.386	99.906	90.104
930	0.006	0.382	99.910	90.304
931	0.006	0.387	99.918	90.244
932	0.006	0.375	99.920	90.415
933	0.006	0.383	99.924	90.375
934	0.006	0.384	99.930	90.535
935	0.006	0.385	99.886	90.365
936	0.006	0.383	99.904	90.274
937	0.006	0.383	99.894	90.074
938	0.006	0.382	99.902	90.355
939	0.006	0.385	99.928	90.134
940	0.006	0.377	99.936	90.445
941	0.006	0.379	99.922	90.345
942	0.006	0.384	99.908	90.074
943	0.006	0.373	99.902	90.515
944	0.006	0.382	99.900	90.405
945	0.006	0.382	99.914	90.234
946	0.006	0.382	99.904	90.415
947	0.006	0.376	99.918	90.445
948	0.005	0.384	99.920	90.014
949	0.005	0.384	99.938	89.934
950	0.006	0.378	99.920	90.365
951	0.005	0.391	99.926	90.284
952	0.006	0.388	99.918	90.154
953	0.005	0.376	99.922	90.184
954	0.005	0.382	99.926	90.024
955	0.005	0.383	99.934	89.994
956	0.005	0.390	99.902	90.254
957	0.005	0.381	99.928	90.224
958	0.006	0.389	99.916	90.264
959	0.006	0.379	99.922	90.505
960	0.005	0.380	99.926	90.254
961	0.005	0.380	99.938	90.204
962	0.005	0.381	99.938	90.294
963	0.005	0.388	99.910	90.194
964	0.005	0.377	99.928	90.395
965	0.005	0.384	99.924	90.234
966	0.005	0.384	99.916	90.284
967	0.005	0.373	99.926	90.495
968	0.006	0.382	99.912	90.335
969	0.005	0.377	99.958	90.425
970	0.005	0.381	99.926	90.425
971	0.005	0.381	99.922	90.435
972	0.006	0.378	99.902	90.525
973	0.005	0.385	99.920	90.395
974	0.005	0.382	99.918	90.154
975	0.005	0.381	99.916	90.565
976	0.005	0.374	99.922	90.335
977	0.005	0.377	99.938	90.425
978	0.005	0.384	99.928	90.224
979	0.005	0.379	99.932	90.264
980	0.005	0.379	99.914	90.545
981	0.005	0.381	99.912	90.505
982	0.005	0.379	99.932	90.395
983	0.005	0.383	99.922	90.675
984	0.005	0.377	99.930	90.254
985	0.005	0.379	99.922	90.445
986	0.005	0.380	99.958	90.214
987	0.005	0.384	99.930	90.395
988	0.005	0.382	99.902	90.304
989	0.005	0.380	99.938	90.455
990	0.006	0.386	99.904	90.485
991	0.005	0.375	99.938	90.274
992	0.006	0.379	99.906	90.365
993	0.005	0.381	99.940	90.184
994	0.005	0.382	99.926	90.345
995	0.005	0.389	99.932	90.104
996	0.005	0.393	99.926	90.094
997	0.005	0.390	99.930	90.174
998	0.005	0.380	99.952	90.244
999	0.005	0.389	99.918	90.304
