Namespace(arch='vgg_small_1w1a', workers=4, epochs=1000, warm_up_epochs=16, start_epoch=0, batch_size=256, lr=0.1, momentum=0.9, weight_decay=0.0001, num_classes=10, seed=2023, dynamic_range=[0.8, 0.0], resume='', evaluate=False, save_dir='saveModel-002', print_freq=200, save_every=200)
Epoch	train_loss	val_loss	train_acc	val_acc	
0	1.848	1.531	37.853	49.429
1	1.920	1.631	45.272	53.796
2	2.208	2.166	49.744	54.227
3	2.633	2.206	53.193	61.118
4	2.749	2.402	57.366	63.221
5	2.762	2.571	61.292	64.223
6	2.668	2.722	63.482	64.914
7	2.537	2.630	65.373	67.268
8	2.492	2.447	66.619	67.688
9	2.454	2.520	67.210	68.590
10	2.328	2.468	68.179	70.172
11	2.020	1.907	69.830	71.985
12	1.728	1.762	71.442	73.568
13	1.568	1.662	72.013	72.716
14	1.340	1.999	73.620	70.192
15	1.109	1.296	75.054	75.942
16	0.964	1.322	76.496	74.790
17	0.803	0.970	78.173	75.931
18	0.681	0.802	80.102	78.816
19	0.616	0.696	81.214	80.409
20	0.556	0.702	82.544	80.849
21	0.523	0.645	83.153	81.490
22	0.495	0.633	83.816	80.869
23	0.457	0.675	84.619	81.280
24	0.427	0.567	85.529	83.073
25	0.416	0.512	85.793	83.293
26	0.400	0.525	86.166	84.085
27	0.385	0.560	86.695	83.123
28	0.373	0.517	87.190	84.044
29	0.364	0.486	87.404	85.136
30	0.350	0.492	87.845	85.006
31	0.344	0.506	88.039	84.345
32	0.332	0.466	88.385	85.006
33	0.330	0.451	88.530	85.477
34	0.318	0.479	88.838	84.816
35	0.312	0.497	89.026	84.746
36	0.314	0.517	89.085	84.766
37	0.299	0.466	89.453	85.046
38	0.299	0.452	89.631	85.567
39	0.292	0.445	89.744	86.579
40	0.288	0.467	89.862	85.447
41	0.278	0.524	90.329	84.996
42	0.281	0.461	90.122	85.146
43	0.271	0.472	90.561	85.837
44	0.268	0.483	90.557	84.796
45	0.270	0.536	90.359	84.024
46	0.265	0.460	90.617	85.747
47	0.258	0.461	90.905	86.078
48	0.253	0.427	91.116	86.959
49	0.250	0.473	91.250	85.397
50	0.246	0.477	91.322	85.397
51	0.245	0.440	91.332	85.927
52	0.242	0.484	91.406	85.407
53	0.244	0.431	91.318	86.538
54	0.233	0.410	91.717	86.969
55	0.237	0.425	91.681	86.478
56	0.225	0.434	91.931	87.260
57	0.229	0.434	91.985	86.859
58	0.224	0.417	91.901	86.789
59	0.223	0.444	92.153	85.747
60	0.221	0.457	92.167	86.819
61	0.216	0.440	92.288	86.088
62	0.218	0.438	92.284	86.849
63	0.217	0.466	92.302	85.647
64	0.212	0.443	92.474	86.939
65	0.212	0.457	92.460	86.238
66	0.209	0.410	92.568	87.320
67	0.207	0.434	92.686	86.609
68	0.201	0.416	92.855	87.129
69	0.199	0.421	92.905	87.029
70	0.201	0.435	92.893	86.909
71	0.195	0.409	93.069	87.290
72	0.196	0.461	93.027	86.749
73	0.189	0.408	93.271	87.099
74	0.197	0.417	92.991	87.540
75	0.190	0.426	93.205	87.760
76	0.192	0.409	93.113	87.129
77	0.189	0.419	93.247	87.009
78	0.187	0.410	93.273	87.029
79	0.183	0.457	93.528	86.849
80	0.180	0.467	93.554	86.649
81	0.183	0.468	93.510	86.879
82	0.179	0.394	93.512	88.321
83	0.181	0.417	93.614	87.600
84	0.180	0.431	93.668	87.470
85	0.177	0.439	93.714	86.969
86	0.176	0.431	93.774	87.350
87	0.170	0.393	93.876	87.670
88	0.171	0.455	93.832	86.729
89	0.178	0.461	93.694	86.919
90	0.173	0.449	93.904	86.959
91	0.167	0.429	94.089	87.780
92	0.165	0.418	94.199	87.540
93	0.167	0.471	94.091	86.639
94	0.168	0.422	94.081	87.770
95	0.168	0.418	94.119	87.420
96	0.164	0.405	94.038	87.109
97	0.163	0.429	94.193	87.620
98	0.163	0.436	94.181	87.640
99	0.158	0.422	94.387	87.460
100	0.162	0.424	94.289	87.730
101	0.161	0.449	94.355	86.408
102	0.160	0.405	94.309	88.011
103	0.155	0.408	94.443	88.071
104	0.155	0.464	94.481	87.891
105	0.158	0.463	94.409	86.979
106	0.158	0.375	94.375	88.472
107	0.159	0.435	94.251	87.760
108	0.155	0.497	94.531	86.148
109	0.159	0.404	94.293	87.821
110	0.152	0.426	94.511	87.790
111	0.147	0.492	94.818	87.500
112	0.151	0.400	94.686	88.512
113	0.148	0.436	94.712	88.361
114	0.148	0.455	94.776	87.210
115	0.150	0.477	94.692	86.619
116	0.149	0.404	94.724	88.001
117	0.146	0.449	94.824	87.560
118	0.142	0.423	94.864	88.171
119	0.141	0.460	94.966	86.709
120	0.148	0.436	94.742	87.550
121	0.150	0.477	94.732	87.200
122	0.143	0.448	94.830	87.310
123	0.140	0.435	94.960	87.750
124	0.137	0.423	95.160	88.301
125	0.139	0.422	95.048	87.320
126	0.141	0.454	95.040	86.729
127	0.133	0.431	95.276	87.770
128	0.135	0.409	95.282	87.871
129	0.138	0.451	95.182	87.620
130	0.140	0.446	95.032	87.460
131	0.135	0.412	95.282	87.921
132	0.138	0.452	95.104	87.811
133	0.129	0.405	95.467	88.522
134	0.134	0.402	95.234	88.762
135	0.135	0.429	95.180	88.371
136	0.137	0.509	95.142	86.909
137	0.138	0.414	95.066	88.281
138	0.133	0.454	95.198	87.380
139	0.127	0.454	95.489	87.169
140	0.128	0.412	95.477	88.251
141	0.127	0.503	95.497	86.679
142	0.127	0.439	95.393	87.921
143	0.130	0.424	95.375	88.011
144	0.132	0.448	95.413	87.951
145	0.124	0.448	95.551	87.400
146	0.130	0.406	95.335	88.562
147	0.118	0.408	95.837	88.391
148	0.124	0.451	95.697	87.710
149	0.124	0.399	95.593	88.572
150	0.123	0.431	95.623	87.981
151	0.130	0.482	95.427	87.190
152	0.129	0.407	95.417	87.861
153	0.125	0.437	95.619	88.021
154	0.120	0.406	95.827	88.752
155	0.117	0.427	95.763	88.211
156	0.120	0.425	95.735	88.371
157	0.117	0.398	95.942	88.582
158	0.123	0.483	95.673	86.979
159	0.121	0.407	95.719	88.782
160	0.121	0.459	95.745	88.381
161	0.120	0.352	95.681	89.373
162	0.117	0.426	95.889	87.740
163	0.117	0.419	95.839	88.351
164	0.120	0.479	95.793	87.019
165	0.115	0.454	95.986	88.131
166	0.119	0.444	95.799	87.520
167	0.115	0.419	96.036	88.051
168	0.113	0.456	96.028	87.780
169	0.112	0.425	95.952	88.331
170	0.112	0.413	96.048	88.452
171	0.124	0.430	95.579	87.921
172	0.119	0.453	95.865	87.430
173	0.119	0.414	95.793	87.901
174	0.117	0.411	95.799	87.981
175	0.122	0.414	95.689	88.592
176	0.114	0.427	96.008	88.331
177	0.111	0.430	96.120	88.191
178	0.113	0.400	96.040	88.391
179	0.119	0.437	95.731	87.350
180	0.119	0.495	95.671	86.819
181	0.118	0.429	95.907	88.211
182	0.112	0.411	96.046	88.732
183	0.112	0.396	95.992	88.722
184	0.109	0.419	96.188	88.061
185	0.113	0.442	95.905	87.129
186	0.111	0.421	96.010	88.401
187	0.118	0.458	95.787	87.520
188	0.117	0.402	95.859	88.361
189	0.115	0.414	95.962	88.472
190	0.111	0.465	96.132	87.129
191	0.116	0.402	95.911	88.462
192	0.118	0.407	95.793	88.552
193	0.114	0.421	96.040	88.341
194	0.109	0.403	96.094	88.442
195	0.105	0.430	96.346	88.061
196	0.112	0.479	96.074	88.011
197	0.116	0.420	95.968	87.941
198	0.113	0.419	96.008	88.281
199	0.114	0.395	95.990	88.361
200	0.113	0.411	96.068	88.331
201	0.109	0.456	96.190	88.321
202	0.110	0.408	96.142	88.241
203	0.110	0.493	96.092	87.540
204	0.111	0.431	96.038	87.921
205	0.112	0.436	96.082	87.911
206	0.110	0.417	96.190	88.462
207	0.115	0.398	95.954	88.682
208	0.111	0.439	96.058	88.251
209	0.110	0.452	96.098	87.931
210	0.113	0.431	96.056	87.800
211	0.111	0.421	96.138	87.500
212	0.101	0.440	96.472	87.570
213	0.111	0.384	96.202	88.972
214	0.109	0.485	96.120	87.560
215	0.103	0.418	96.358	87.901
216	0.104	0.423	96.386	88.321
217	0.102	0.437	96.424	88.031
218	0.103	0.392	96.392	88.822
219	0.102	0.467	96.542	87.831
220	0.109	0.474	96.214	86.759
221	0.106	0.478	96.316	86.969
222	0.103	0.398	96.312	88.812
223	0.099	0.440	96.607	87.991
224	0.106	0.417	96.278	88.462
225	0.105	0.432	96.348	88.421
226	0.104	0.409	96.272	88.191
227	0.102	0.400	96.392	88.321
228	0.102	0.457	96.436	87.710
229	0.106	0.395	96.260	88.782
230	0.108	0.440	96.146	88.171
231	0.098	0.451	96.577	87.300
232	0.099	0.387	96.528	89.052
233	0.096	0.415	96.627	88.321
234	0.102	0.407	96.442	88.271
235	0.100	0.407	96.510	88.912
236	0.102	0.491	96.312	86.749
237	0.103	0.451	96.448	87.590
238	0.097	0.396	96.633	88.902
239	0.102	0.412	96.426	88.431
240	0.103	0.449	96.432	87.340
241	0.106	0.421	96.304	87.851
242	0.099	0.396	96.474	88.682
243	0.099	0.416	96.518	88.211
244	0.097	0.405	96.569	88.802
245	0.096	0.409	96.679	89.313
246	0.092	0.445	96.859	88.391
247	0.099	0.459	96.526	87.921
248	0.099	0.406	96.488	88.682
249	0.099	0.414	96.514	88.221
250	0.093	0.396	96.723	88.271
251	0.093	0.421	96.745	89.042
252	0.094	0.505	96.717	87.210
253	0.093	0.429	96.721	88.492
254	0.099	0.439	96.542	87.811
255	0.093	0.409	96.691	88.361
256	0.100	0.489	96.442	86.619
257	0.095	0.434	96.683	87.630
258	0.094	0.384	96.721	89.263
259	0.090	0.399	96.869	88.642
260	0.094	0.418	96.685	88.231
261	0.091	0.443	96.811	88.311
262	0.089	0.404	96.911	88.452
263	0.091	0.431	96.795	88.381
264	0.091	0.421	96.869	88.642
265	0.090	0.407	96.885	89.012
266	0.091	0.421	96.887	88.251
267	0.091	0.424	96.741	88.071
268	0.093	0.437	96.813	88.892
269	0.089	0.425	96.887	88.592
270	0.089	0.432	96.887	88.572
271	0.093	0.403	96.787	88.682
272	0.097	0.437	96.540	88.732
273	0.091	0.376	96.813	88.952
274	0.088	0.464	96.885	88.071
275	0.091	0.464	96.899	87.370
276	0.092	0.483	96.785	87.520
277	0.090	0.481	96.847	87.550
278	0.090	0.453	96.951	88.512
279	0.086	0.402	97.051	88.482
280	0.086	0.435	97.023	88.592
281	0.090	0.420	96.877	88.462
282	0.084	0.456	97.095	87.680
283	0.083	0.437	97.085	88.281
284	0.083	0.439	97.198	88.121
285	0.083	0.485	97.073	87.370
286	0.089	0.403	96.939	88.532
287	0.085	0.478	97.027	86.839
288	0.085	0.414	97.101	88.101
289	0.088	0.456	96.941	88.211
290	0.087	0.415	97.029	87.881
291	0.082	0.408	97.145	89.313
292	0.085	0.467	96.929	87.600
293	0.085	0.379	97.055	88.902
294	0.084	0.412	97.105	88.542
295	0.081	0.401	97.230	88.572
296	0.082	0.368	97.163	89.253
297	0.085	0.396	97.037	88.141
298	0.082	0.370	97.163	89.203
299	0.083	0.432	97.075	88.872
300	0.081	0.370	97.196	89.503
301	0.084	0.450	97.131	87.871
302	0.083	0.417	97.133	89.042
303	0.082	0.424	97.119	88.121
304	0.081	0.417	97.224	88.792
305	0.079	0.473	97.286	87.270
306	0.081	0.456	97.210	88.101
307	0.083	0.390	97.107	89.603
308	0.078	0.390	97.236	89.153
309	0.079	0.401	97.183	88.972
310	0.080	0.440	97.177	87.760
311	0.079	0.421	97.177	89.373
312	0.077	0.389	97.316	89.012
313	0.073	0.423	97.424	88.682
314	0.076	0.504	97.338	87.780
315	0.078	0.442	97.252	88.291
316	0.075	0.400	97.414	88.321
317	0.076	0.385	97.388	89.663
318	0.075	0.416	97.390	88.972
319	0.074	0.390	97.418	89.313
320	0.070	0.451	97.642	88.592
321	0.067	0.431	97.678	88.642
322	0.076	0.522	97.382	86.579
323	0.076	0.402	97.354	89.383
324	0.076	0.382	97.366	88.932
325	0.072	0.444	97.498	88.041
326	0.079	0.480	97.280	85.867
327	0.079	0.536	97.135	86.498
328	0.077	0.439	97.332	88.351
329	0.075	0.415	97.498	88.331
330	0.075	0.404	97.426	88.562
331	0.074	0.387	97.416	89.383
332	0.075	0.406	97.448	88.111
333	0.072	0.436	97.502	88.251
334	0.075	0.393	97.420	89.143
335	0.073	0.423	97.492	89.133
336	0.069	0.434	97.632	88.091
337	0.076	0.397	97.388	88.922
338	0.075	0.393	97.396	89.083
339	0.071	0.399	97.644	88.852
340	0.073	0.416	97.478	88.942
341	0.072	0.471	97.532	87.630
342	0.072	0.425	97.566	87.540
343	0.068	0.425	97.688	88.371
344	0.073	0.414	97.520	89.173
345	0.074	0.445	97.524	87.760
346	0.072	0.439	97.488	88.592
347	0.074	0.463	97.402	87.800
348	0.070	0.434	97.636	88.642
349	0.073	0.391	97.486	88.782
350	0.071	0.400	97.558	88.982
351	0.073	0.388	97.416	89.283
352	0.072	0.493	97.484	87.099
353	0.066	0.524	97.732	86.929
354	0.067	0.410	97.706	89.032
355	0.067	0.387	97.654	89.062
356	0.068	0.491	97.684	87.210
357	0.073	0.391	97.522	88.862
358	0.065	0.461	97.776	87.640
359	0.068	0.458	97.658	88.121
360	0.068	0.416	97.722	88.582
361	0.069	0.448	97.630	87.480
362	0.069	0.401	97.584	89.032
363	0.068	0.418	97.708	88.141
364	0.066	0.391	97.817	89.093
365	0.068	0.397	97.688	87.520
366	0.067	0.426	97.714	88.532
367	0.069	0.422	97.702	88.111
368	0.068	0.425	97.626	89.062
369	0.070	0.456	97.528	88.522
370	0.066	0.373	97.710	89.603
371	0.067	0.380	97.700	89.303
372	0.068	0.392	97.598	89.303
373	0.061	0.411	97.987	88.912
374	0.061	0.445	98.009	88.842
375	0.063	0.372	97.821	89.052
376	0.066	0.412	97.756	88.792
377	0.064	0.433	97.764	86.919
378	0.067	0.406	97.746	88.361
379	0.064	0.449	97.833	88.051
380	0.060	0.417	97.995	88.572
381	0.065	0.379	97.778	89.413
382	0.061	0.437	97.937	88.932
383	0.061	0.429	97.883	89.022
384	0.065	0.419	97.821	88.532
385	0.065	0.458	97.776	87.480
386	0.066	0.400	97.756	89.163
387	0.058	0.405	98.107	88.982
388	0.063	0.454	97.841	88.542
389	0.063	0.561	97.849	85.707
390	0.061	0.420	97.935	89.173
391	0.059	0.419	98.013	88.792
392	0.061	0.403	97.867	89.123
393	0.067	0.462	97.716	88.141
394	0.066	0.433	97.778	88.892
395	0.059	0.445	97.951	88.672
396	0.064	0.411	97.722	89.633
397	0.062	0.391	97.885	88.712
398	0.064	0.430	97.833	88.482
399	0.064	0.508	97.819	86.719
400	0.062	0.439	97.855	88.371
401	0.060	0.440	97.915	87.350
402	0.062	0.386	97.913	89.423
403	0.059	0.398	98.041	89.062
404	0.060	0.413	97.911	89.313
405	0.057	0.405	98.065	89.353
406	0.060	0.444	97.999	88.702
407	0.058	0.416	98.079	88.952
408	0.055	0.406	98.159	89.062
409	0.056	0.373	98.073	89.734
410	0.057	0.415	98.121	89.133
411	0.058	0.417	98.083	88.782
412	0.060	0.381	97.881	89.513
413	0.058	0.371	98.015	88.782
414	0.061	0.357	97.881	89.563
415	0.056	0.434	98.145	88.361
416	0.055	0.423	98.139	88.812
417	0.056	0.410	98.127	89.022
418	0.050	0.433	98.385	88.942
419	0.056	0.449	98.109	88.462
420	0.058	0.418	98.015	87.590
421	0.056	0.395	98.095	89.704
422	0.056	0.422	98.123	88.992
423	0.058	0.417	98.053	88.872
424	0.057	0.415	98.059	89.123
425	0.061	0.385	97.905	89.443
426	0.061	0.406	97.937	88.512
427	0.059	0.451	97.945	88.782
428	0.060	0.368	97.965	89.553
429	0.052	0.424	98.249	89.343
430	0.057	0.370	98.093	89.263
431	0.056	0.434	98.087	89.423
432	0.053	0.395	98.221	88.161
433	0.052	0.443	98.239	89.373
434	0.055	0.430	98.123	89.012
435	0.057	0.406	98.093	88.552
436	0.053	0.443	98.239	87.861
437	0.059	0.424	98.003	88.421
438	0.054	0.480	98.187	88.091
439	0.050	0.438	98.301	88.772
440	0.052	0.397	98.225	88.281
441	0.054	0.521	98.159	87.680
442	0.058	0.379	98.015	89.553
443	0.053	0.380	98.315	89.483
444	0.054	0.377	98.163	89.924
445	0.051	0.672	98.311	85.236
446	0.058	0.467	98.067	87.680
447	0.056	0.440	98.135	88.391
448	0.054	0.420	98.167	89.163
449	0.051	0.475	98.275	88.101
450	0.050	0.473	98.367	87.380
451	0.053	0.454	98.207	87.941
452	0.054	0.443	98.167	89.263
453	0.054	0.430	98.203	88.301
454	0.057	0.423	98.055	88.812
455	0.051	0.395	98.317	89.844
456	0.054	0.395	98.201	89.573
457	0.057	0.423	98.061	88.932
458	0.052	0.382	98.249	90.074
459	0.050	0.440	98.333	88.101
460	0.050	0.398	98.305	89.393
461	0.047	0.388	98.444	89.273
462	0.049	0.422	98.373	89.603
463	0.046	0.360	98.488	90.024
464	0.049	0.454	98.442	89.002
465	0.051	0.401	98.309	89.754
466	0.047	0.435	98.415	88.211
467	0.045	0.530	98.506	86.859
468	0.047	0.415	98.516	89.113
469	0.046	0.458	98.502	88.692
470	0.047	0.381	98.423	89.754
471	0.048	0.423	98.460	88.532
472	0.051	0.391	98.315	89.243
473	0.049	0.400	98.363	89.483
474	0.050	0.376	98.319	89.133
475	0.047	0.394	98.502	89.834
476	0.048	0.448	98.415	88.492
477	0.049	0.405	98.425	89.263
478	0.048	0.372	98.448	89.814
479	0.045	0.470	98.526	87.971
480	0.051	0.420	98.301	89.052
481	0.053	0.403	98.235	89.333
482	0.048	0.421	98.417	89.453
483	0.047	0.419	98.448	89.223
484	0.050	0.392	98.407	89.373
485	0.045	0.411	98.526	89.683
486	0.044	0.444	98.548	88.341
487	0.050	0.439	98.399	88.532
488	0.049	0.398	98.413	89.513
489	0.048	0.412	98.456	89.323
490	0.045	0.468	98.514	88.442
491	0.046	0.407	98.446	89.363
492	0.045	0.415	98.528	89.633
493	0.046	0.478	98.490	87.720
494	0.045	0.413	98.486	88.962
495	0.045	0.432	98.544	89.073
496	0.044	0.452	98.602	88.371
497	0.045	0.384	98.588	89.263
498	0.046	0.407	98.522	89.653
499	0.047	0.454	98.440	88.632
500	0.047	0.375	98.454	89.573
501	0.049	0.397	98.353	88.612
502	0.045	0.352	98.524	89.894
503	0.044	0.439	98.542	89.022
504	0.044	0.477	98.562	87.740
505	0.047	0.369	98.484	89.543
506	0.041	0.354	98.734	90.274
507	0.044	0.400	98.650	89.323
508	0.043	0.364	98.582	90.044
509	0.044	0.387	98.520	89.303
510	0.044	0.395	98.540	89.754
511	0.044	0.367	98.538	89.814
512	0.044	0.409	98.558	89.473
513	0.042	0.417	98.600	89.403
514	0.043	0.398	98.614	89.493
515	0.044	0.435	98.576	87.780
516	0.044	0.444	98.626	88.922
517	0.041	0.408	98.666	89.333
518	0.043	0.405	98.572	89.774
519	0.048	0.490	98.413	88.301
520	0.046	0.498	98.468	88.281
521	0.049	0.399	98.339	89.944
522	0.041	0.363	98.724	90.264
523	0.042	0.413	98.662	88.982
524	0.040	0.412	98.740	88.592
525	0.040	0.382	98.728	90.014
526	0.042	0.402	98.664	89.794
527	0.044	0.449	98.594	88.592
528	0.047	0.465	98.401	88.191
529	0.044	0.398	98.558	89.443
530	0.042	0.381	98.642	89.744
531	0.044	0.402	98.530	88.852
532	0.046	0.410	98.552	88.902
533	0.043	0.440	98.542	89.052
534	0.042	0.385	98.610	89.894
535	0.045	0.415	98.556	89.543
536	0.043	0.381	98.600	90.084
537	0.042	0.398	98.678	89.934
538	0.046	0.382	98.500	89.623
539	0.046	0.438	98.518	89.022
540	0.042	0.381	98.664	89.603
541	0.041	0.371	98.740	89.924
542	0.037	0.419	98.768	89.483
543	0.038	0.367	98.792	90.164
544	0.040	0.451	98.666	89.083
545	0.040	0.392	98.736	89.593
546	0.041	0.374	98.690	90.274
547	0.039	0.433	98.798	89.153
548	0.041	0.414	98.702	89.744
549	0.041	0.392	98.694	89.463
550	0.040	0.390	98.762	89.593
551	0.035	0.386	98.888	89.573
552	0.037	0.472	98.826	88.061
553	0.038	0.463	98.788	89.393
554	0.041	0.391	98.672	89.673
555	0.040	0.373	98.674	90.104
556	0.037	0.374	98.844	89.914
557	0.039	0.400	98.798	90.004
558	0.037	0.411	98.868	89.553
559	0.039	0.377	98.736	89.854
560	0.036	0.429	98.890	88.662
561	0.037	0.364	98.826	90.044
562	0.035	0.389	98.880	89.944
563	0.035	0.385	98.840	90.244
564	0.035	0.391	99.002	89.303
565	0.034	0.392	98.932	89.824
566	0.037	0.412	98.806	89.223
567	0.040	0.381	98.712	90.405
568	0.035	0.376	98.922	90.064
569	0.034	0.370	98.952	89.764
570	0.040	0.364	98.702	89.413
571	0.038	0.362	98.814	89.724
572	0.037	0.379	98.846	90.114
573	0.038	0.382	98.842	90.154
574	0.035	0.417	98.930	89.343
575	0.034	0.397	98.930	89.964
576	0.035	0.419	98.904	88.932
577	0.037	0.405	98.846	89.153
578	0.038	0.361	98.814	90.134
579	0.036	0.406	98.880	89.894
580	0.036	0.366	98.882	90.365
581	0.036	0.418	98.854	89.133
582	0.035	0.374	98.902	90.274
583	0.036	0.425	98.872	89.754
584	0.036	0.381	98.792	90.134
585	0.036	0.391	98.876	89.754
586	0.036	0.422	98.848	89.032
587	0.037	0.387	98.902	89.383
588	0.033	0.389	99.028	89.994
589	0.032	0.421	98.988	89.834
590	0.032	0.412	99.010	89.283
591	0.035	0.383	98.944	89.483
592	0.034	0.426	98.976	89.984
593	0.034	0.331	98.978	90.325
594	0.031	0.373	99.048	90.525
595	0.031	0.384	99.042	89.844
596	0.031	0.378	99.056	90.605
597	0.030	0.461	99.062	87.811
598	0.031	0.414	99.133	89.433
599	0.030	0.362	99.111	90.385
600	0.031	0.371	99.089	89.964
601	0.032	0.397	99.042	89.403
602	0.030	0.381	99.123	90.555
603	0.031	0.361	99.067	90.455
604	0.028	0.369	99.189	90.304
605	0.027	0.350	99.197	90.645
606	0.028	0.392	99.169	89.593
607	0.028	0.378	99.197	90.695
608	0.027	0.389	99.209	89.904
609	0.026	0.400	99.245	89.904
610	0.028	0.400	99.145	89.884
611	0.025	0.364	99.321	90.325
612	0.026	0.391	99.255	90.345
613	0.027	0.373	99.209	90.264
614	0.026	0.411	99.267	89.683
615	0.026	0.374	99.223	90.495
616	0.027	0.378	99.207	90.014
617	0.026	0.382	99.235	90.114
618	0.024	0.373	99.365	89.984
619	0.024	0.365	99.307	90.695
620	0.024	0.364	99.303	90.465
621	0.024	0.395	99.291	90.084
622	0.024	0.369	99.343	90.805
623	0.025	0.397	99.263	89.613
624	0.022	0.371	99.401	90.936
625	0.024	0.360	99.309	90.745
626	0.024	0.394	99.331	90.375
627	0.024	0.351	99.317	90.905
628	0.023	0.366	99.355	90.665
629	0.021	0.377	99.451	90.405
630	0.021	0.370	99.457	90.515
631	0.021	0.346	99.457	91.146
632	0.021	0.344	99.453	90.986
633	0.021	0.372	99.483	90.114
634	0.021	0.347	99.443	91.036
635	0.022	0.364	99.367	90.815
636	0.019	0.379	99.513	90.535
637	0.021	0.363	99.451	90.605
638	0.022	0.354	99.405	90.765
639	0.021	0.357	99.397	90.304
640	0.021	0.372	99.451	90.455
641	0.021	0.387	99.407	90.264
642	0.024	0.389	99.281	90.635
643	0.022	0.376	99.347	90.405
644	0.023	0.370	99.371	90.094
645	0.020	0.364	99.455	90.565
646	0.019	0.357	99.513	90.795
647	0.019	0.369	99.509	90.625
648	0.019	0.377	99.487	90.465
649	0.019	0.366	99.531	90.615
650	0.020	0.368	99.469	90.545
651	0.021	0.390	99.431	90.194
652	0.021	0.387	99.391	89.834
653	0.020	0.381	99.443	90.134
654	0.019	0.347	99.511	90.915
655	0.018	0.366	99.553	90.545
656	0.020	0.382	99.465	90.094
657	0.018	0.349	99.581	90.825
658	0.018	0.353	99.545	90.765
659	0.018	0.359	99.499	90.695
660	0.019	0.346	99.533	90.695
661	0.019	0.353	99.519	90.515
662	0.018	0.365	99.555	90.575
663	0.018	0.421	99.565	90.345
664	0.017	0.337	99.595	90.956
665	0.016	0.335	99.621	91.246
666	0.016	0.324	99.605	91.266
667	0.016	0.356	99.587	90.915
668	0.017	0.357	99.545	90.835
669	0.018	0.344	99.529	91.206
670	0.017	0.337	99.563	91.136
671	0.017	0.331	99.527	91.086
672	0.018	0.351	99.519	91.106
673	0.018	0.337	99.561	90.575
674	0.017	0.333	99.539	90.956
675	0.018	0.358	99.551	91.116
676	0.017	0.349	99.573	91.246
677	0.015	0.353	99.671	90.905
678	0.013	0.359	99.716	90.976
679	0.015	0.350	99.671	90.785
680	0.015	0.336	99.641	91.116
681	0.015	0.343	99.635	91.076
682	0.014	0.336	99.704	91.296
683	0.015	0.336	99.651	91.186
684	0.015	0.352	99.663	91.016
685	0.015	0.369	99.686	90.455
686	0.015	0.331	99.643	91.306
687	0.015	0.351	99.667	90.595
688	0.015	0.329	99.621	91.316
689	0.016	0.348	99.623	91.086
690	0.015	0.328	99.645	91.346
691	0.015	0.338	99.659	91.396
692	0.014	0.332	99.669	90.925
693	0.013	0.320	99.726	91.326
694	0.013	0.328	99.728	91.006
695	0.013	0.338	99.750	91.426
696	0.012	0.335	99.750	91.196
697	0.013	0.326	99.732	91.727
698	0.013	0.334	99.718	91.076
699	0.013	0.323	99.712	91.506
700	0.013	0.357	99.700	90.936
701	0.014	0.323	99.686	91.466
702	0.014	0.338	99.665	91.276
703	0.015	0.354	99.667	91.026
704	0.014	0.328	99.692	91.276
705	0.014	0.332	99.651	90.976
706	0.013	0.353	99.694	90.845
707	0.013	0.328	99.726	91.256
708	0.013	0.337	99.704	91.146
709	0.013	0.350	99.690	90.675
710	0.014	0.320	99.714	91.106
711	0.014	0.363	99.639	91.166
712	0.014	0.315	99.677	91.306
713	0.012	0.360	99.728	90.956
714	0.011	0.334	99.782	91.727
715	0.011	0.322	99.752	91.446
716	0.012	0.326	99.734	91.096
717	0.011	0.322	99.754	91.496
718	0.012	0.338	99.752	91.106
719	0.012	0.332	99.754	91.036
720	0.011	0.328	99.760	91.506
721	0.011	0.354	99.808	91.226
722	0.011	0.327	99.810	91.416
723	0.010	0.332	99.806	90.986
724	0.011	0.329	99.804	91.466
725	0.011	0.334	99.756	91.116
726	0.010	0.327	99.826	91.727
727	0.011	0.328	99.758	91.316
728	0.011	0.303	99.806	91.577
729	0.011	0.309	99.796	91.737
730	0.010	0.326	99.804	91.266
731	0.009	0.328	99.832	91.597
732	0.010	0.331	99.826	91.316
733	0.009	0.309	99.848	91.486
734	0.009	0.319	99.840	91.657
735	0.010	0.314	99.792	91.687
736	0.009	0.332	99.866	91.807
737	0.009	0.318	99.816	91.546
738	0.010	0.329	99.822	91.827
739	0.009	0.315	99.830	91.757
740	0.009	0.325	99.814	91.757
741	0.010	0.330	99.832	91.546
742	0.010	0.312	99.814	91.556
743	0.009	0.303	99.836	91.827
744	0.010	0.310	99.816	91.556
745	0.009	0.322	99.836	91.056
746	0.009	0.321	99.838	91.677
747	0.008	0.320	99.870	92.137
748	0.009	0.311	99.860	91.807
749	0.009	0.322	99.846	91.867
750	0.009	0.317	99.854	91.887
751	0.008	0.310	99.872	91.987
752	0.008	0.316	99.852	91.907
753	0.008	0.311	99.870	91.747
754	0.008	0.317	99.864	91.907
755	0.008	0.343	99.846	91.476
756	0.007	0.308	99.900	91.957
757	0.008	0.329	99.900	91.727
758	0.008	0.316	99.858	92.037
759	0.009	0.313	99.844	91.707
760	0.007	0.326	99.910	91.857
761	0.008	0.317	99.852	91.597
762	0.007	0.298	99.900	92.147
763	0.008	0.310	99.856	91.647
764	0.008	0.326	99.858	91.577
765	0.007	0.296	99.876	92.067
766	0.008	0.308	99.880	91.877
767	0.007	0.311	99.912	92.298
768	0.007	0.295	99.910	91.877
769	0.007	0.298	99.898	91.957
770	0.007	0.308	99.892	92.017
771	0.007	0.321	99.890	91.597
772	0.007	0.311	99.888	91.757
773	0.007	0.309	99.912	92.157
774	0.007	0.294	99.904	92.147
775	0.007	0.306	99.900	92.087
776	0.007	0.316	99.902	91.587
777	0.007	0.314	99.892	91.867
778	0.006	0.320	99.910	91.266
779	0.007	0.317	99.912	91.907
780	0.007	0.314	99.898	91.897
781	0.007	0.306	99.906	91.777
782	0.006	0.297	99.922	91.737
783	0.006	0.315	99.912	91.617
784	0.006	0.301	99.928	92.077
785	0.006	0.315	99.924	91.727
786	0.006	0.309	99.914	92.027
787	0.006	0.288	99.910	92.127
788	0.006	0.307	99.934	91.857
789	0.006	0.308	99.928	91.997
790	0.006	0.307	99.926	92.077
791	0.006	0.317	99.920	91.526
792	0.006	0.302	99.932	92.448
793	0.006	0.305	99.920	91.837
794	0.006	0.291	99.942	92.328
795	0.006	0.298	99.948	92.278
796	0.006	0.306	99.936	92.258
797	0.006	0.296	99.932	92.017
798	0.006	0.297	99.924	92.288
799	0.006	0.301	99.908	92.218
800	0.006	0.298	99.918	91.977
801	0.005	0.308	99.942	92.218
802	0.006	0.298	99.920	92.127
803	0.006	0.309	99.934	92.057
804	0.006	0.296	99.936	92.067
805	0.005	0.304	99.944	92.368
806	0.005	0.303	99.942	92.177
807	0.005	0.296	99.940	92.087
808	0.006	0.301	99.916	92.208
809	0.005	0.293	99.934	92.388
810	0.006	0.289	99.928	92.438
811	0.006	0.288	99.926	92.408
812	0.005	0.291	99.954	92.398
813	0.005	0.293	99.962	92.208
814	0.005	0.299	99.972	92.027
815	0.005	0.308	99.938	92.208
816	0.005	0.300	99.962	92.238
817	0.005	0.294	99.942	92.278
818	0.005	0.300	99.948	92.368
819	0.005	0.297	99.942	92.318
820	0.005	0.296	99.936	92.368
821	0.005	0.293	99.942	92.438
822	0.005	0.301	99.944	92.398
823	0.005	0.286	99.946	92.137
824	0.005	0.291	99.956	92.508
825	0.005	0.291	99.952	92.418
826	0.005	0.311	99.960	91.887
827	0.005	0.294	99.962	92.508
828	0.005	0.290	99.970	92.418
829	0.005	0.288	99.958	92.318
830	0.005	0.302	99.960	92.047
831	0.005	0.295	99.964	92.258
832	0.005	0.295	99.964	92.208
833	0.005	0.283	99.956	92.498
834	0.005	0.301	99.966	92.117
835	0.005	0.290	99.956	92.288
836	0.004	0.296	99.964	92.218
837	0.005	0.294	99.938	92.027
838	0.004	0.290	99.970	92.258
839	0.004	0.317	99.968	91.857
840	0.004	0.295	99.972	92.448
841	0.005	0.294	99.942	92.418
842	0.005	0.296	99.948	92.198
843	0.004	0.295	99.960	92.208
844	0.005	0.292	99.966	92.488
845	0.005	0.293	99.958	92.508
846	0.004	0.313	99.972	92.127
847	0.004	0.297	99.950	92.328
848	0.004	0.291	99.970	92.458
849	0.004	0.297	99.970	91.927
850	0.005	0.290	99.950	92.248
851	0.005	0.286	99.958	92.157
852	0.005	0.287	99.964	92.338
853	0.005	0.289	99.958	92.368
854	0.004	0.288	99.964	92.258
855	0.004	0.288	99.960	92.408
856	0.004	0.287	99.964	92.278
857	0.004	0.289	99.962	92.188
858	0.005	0.290	99.952	92.097
859	0.004	0.288	99.962	92.388
860	0.004	0.293	99.968	92.378
861	0.004	0.297	99.972	92.288
862	0.005	0.294	99.948	92.428
863	0.004	0.286	99.956	92.528
864	0.004	0.288	99.984	92.348
865	0.004	0.283	99.956	92.498
866	0.004	0.288	99.960	92.518
867	0.004	0.290	99.962	92.308
868	0.004	0.293	99.970	92.408
869	0.004	0.291	99.968	92.208
870	0.004	0.288	99.966	92.328
871	0.004	0.289	99.976	92.438
872	0.004	0.285	99.974	92.408
873	0.004	0.284	99.982	92.318
874	0.004	0.288	99.974	92.288
875	0.004	0.280	99.970	92.488
876	0.004	0.281	99.976	92.308
877	0.004	0.289	99.972	92.468
878	0.004	0.283	99.986	92.468
879	0.004	0.288	99.970	92.388
880	0.004	0.283	99.974	92.748
881	0.004	0.271	99.980	92.698
882	0.004	0.281	99.972	92.748
883	0.004	0.290	99.978	92.498
884	0.004	0.283	99.980	92.298
885	0.004	0.286	99.980	92.458
886	0.004	0.289	99.970	92.408
887	0.004	0.292	99.978	92.268
888	0.004	0.283	99.968	92.638
889	0.004	0.288	99.980	92.849
890	0.004	0.281	99.990	92.718
891	0.004	0.286	99.968	92.368
892	0.004	0.283	99.978	92.618
893	0.004	0.284	99.982	92.688
894	0.004	0.283	99.986	92.728
895	0.004	0.279	99.970	92.748
896	0.004	0.284	99.972	92.358
897	0.004	0.286	99.974	92.618
898	0.004	0.284	99.978	92.508
899	0.004	0.281	99.980	92.438
900	0.004	0.292	99.982	92.318
901	0.004	0.277	99.960	92.678
902	0.004	0.278	99.976	92.518
903	0.004	0.277	99.974	92.648
904	0.004	0.282	99.978	92.448
905	0.004	0.277	99.974	92.788
906	0.004	0.279	99.980	92.668
907	0.004	0.280	99.978	92.628
908	0.004	0.289	99.964	92.378
909	0.004	0.287	99.982	92.308
910	0.004	0.281	99.978	92.578
911	0.003	0.280	99.980	92.468
912	0.004	0.278	99.974	92.808
913	0.003	0.282	99.982	92.548
914	0.004	0.283	99.982	92.598
915	0.003	0.279	99.978	92.608
916	0.004	0.276	99.968	92.538
917	0.003	0.280	99.980	92.638
918	0.003	0.278	99.984	92.448
919	0.004	0.282	99.976	92.698
920	0.004	0.283	99.984	92.588
921	0.004	0.275	99.980	92.428
922	0.004	0.279	99.986	92.598
923	0.004	0.278	99.988	92.688
924	0.004	0.280	99.982	92.808
925	0.003	0.278	99.988	92.668
926	0.003	0.276	99.976	92.618
927	0.003	0.279	99.984	92.538
928	0.004	0.289	99.978	92.528
929	0.004	0.286	99.962	92.618
930	0.003	0.281	99.968	92.728
931	0.003	0.283	99.990	92.488
932	0.003	0.283	99.982	92.668
933	0.003	0.281	99.976	92.608
934	0.004	0.279	99.972	92.508
935	0.004	0.285	99.968	92.328
936	0.003	0.282	99.984	92.508
937	0.004	0.275	99.980	92.849
938	0.003	0.282	99.986	92.588
939	0.004	0.281	99.976	92.668
940	0.003	0.279	99.974	92.618
941	0.004	0.283	99.970	92.398
942	0.003	0.281	99.986	92.528
943	0.003	0.276	99.982	92.608
944	0.003	0.285	99.974	92.448
945	0.003	0.284	99.984	92.538
946	0.003	0.281	99.974	92.358
947	0.003	0.285	99.980	92.528
948	0.003	0.282	99.990	92.518
949	0.003	0.279	99.970	92.518
950	0.004	0.272	99.974	92.578
951	0.003	0.279	99.982	92.608
952	0.003	0.281	99.990	92.588
953	0.003	0.281	99.978	92.568
954	0.003	0.280	99.980	92.438
955	0.003	0.279	99.986	92.578
956	0.003	0.276	99.988	92.468
957	0.004	0.273	99.982	92.768
958	0.003	0.279	99.980	92.628
959	0.003	0.275	99.988	92.628
960	0.003	0.281	99.982	92.488
961	0.003	0.274	99.980	92.258
962	0.003	0.280	99.974	92.228
963	0.003	0.282	99.988	92.498
964	0.003	0.274	99.986	92.628
965	0.003	0.276	99.978	92.598
966	0.003	0.276	99.990	92.608
967	0.003	0.277	99.984	92.718
968	0.003	0.277	99.982	92.468
969	0.003	0.276	99.982	92.638
970	0.003	0.274	99.976	92.568
971	0.003	0.275	99.988	92.548
972	0.003	0.281	99.986	92.368
973	0.003	0.275	99.980	92.538
974	0.003	0.271	99.994	92.468
975	0.003	0.273	99.976	92.438
976	0.003	0.274	99.986	92.438
977	0.003	0.269	99.990	92.708
978	0.003	0.268	99.982	92.418
979	0.003	0.281	99.986	92.508
980	0.003	0.275	99.978	92.528
981	0.003	0.275	99.988	92.488
982	0.003	0.274	99.986	92.658
983	0.003	0.278	99.982	92.658
984	0.003	0.278	99.994	92.498
985	0.003	0.285	99.984	92.368
986	0.003	0.270	99.990	92.758
987	0.003	0.278	99.986	92.608
988	0.003	0.277	99.986	92.518
989	0.003	0.275	99.984	92.638
990	0.003	0.276	99.976	92.408
991	0.003	0.272	99.984	92.478
992	0.003	0.273	99.974	92.829
993	0.003	0.283	99.982	92.388
994	0.003	0.276	99.982	92.528
995	0.003	0.275	99.984	92.588
996	0.003	0.274	99.986	92.728
997	0.003	0.274	99.982	92.478
998	0.003	0.275	99.986	92.608
999	0.003	0.280	99.992	92.688
