Namespace(arch='vgg_small_1w1a', workers=4, epochs=1000, warm_up_epochs=16, start_epoch=0, batch_size=256, lr=0.1, momentum=0.9, weight_decay=0.0001, num_classes=10, seed=2023, dynamic_range=[0.8, 0.0], resume='', evaluate=False, save_dir='saveModel-004', print_freq=200, save_every=200)
Epoch	train_loss	val_loss	train_acc	val_acc	
0	1.850	1.572	37.796	48.227
1	1.894	1.691	45.415	53.155
2	2.199	2.146	49.940	55.940
3	2.586	2.205	53.650	61.278
4	2.744	2.674	57.390	62.710
5	2.725	2.705	61.176	65.194
6	2.657	2.749	63.624	67.318
7	2.548	2.573	65.595	68.409
8	2.524	2.947	66.484	66.156
9	2.465	2.591	67.055	69.822
10	2.301	2.746	68.640	69.141
11	2.072	2.622	69.675	68.710
12	1.807	1.945	70.897	73.157
13	1.545	2.130	72.380	72.516
14	1.358	2.614	73.431	70.423
15	1.133	1.682	74.856	74.319
16	1.004	1.528	75.903	74.730
17	0.852	1.176	77.644	76.893
18	0.704	0.870	79.675	78.886
19	0.630	0.892	81.198	79.257
20	0.545	1.003	82.879	78.796
21	0.527	0.845	82.913	80.639
22	0.487	0.990	83.946	78.886
23	0.457	0.838	84.655	80.539
24	0.436	0.755	85.144	80.689
25	0.419	0.721	85.653	80.829
26	0.401	0.605	86.252	83.173
27	0.381	0.639	86.919	82.923
28	0.372	0.723	87.141	82.031
29	0.359	0.776	87.438	81.921
30	0.358	0.863	87.460	80.339
31	0.347	0.718	87.871	81.711
32	0.336	0.596	88.129	84.135
33	0.333	0.663	88.415	82.893
34	0.321	0.609	88.556	83.794
35	0.321	0.563	88.660	84.145
36	0.311	0.565	89.129	84.505
37	0.301	0.567	89.433	84.756
38	0.302	0.612	89.457	83.433
39	0.296	0.583	89.505	84.105
40	0.288	0.705	89.882	82.081
41	0.284	0.623	89.896	84.115
42	0.282	0.713	90.200	82.512
43	0.274	0.584	90.365	84.345
44	0.270	0.598	90.619	84.325
45	0.271	0.631	90.431	83.784
46	0.269	0.675	90.503	81.961
47	0.260	0.672	90.817	83.724
48	0.262	0.601	90.693	84.395
49	0.257	0.778	90.990	81.490
50	0.249	0.531	91.146	85.106
51	0.254	0.575	91.060	84.706
52	0.241	0.524	91.504	85.817
53	0.240	0.499	91.571	85.797
54	0.241	0.517	91.490	85.507
55	0.233	0.506	91.773	85.747
56	0.238	0.572	91.637	84.946
57	0.237	0.674	91.569	82.883
58	0.222	0.467	92.151	86.699
59	0.223	0.517	92.107	85.276
60	0.219	0.559	92.260	84.355
61	0.218	0.475	92.322	86.078
62	0.218	0.625	92.250	84.335
63	0.220	0.482	92.228	86.569
64	0.218	0.489	92.366	86.038
65	0.210	0.509	92.644	86.058
66	0.205	0.486	92.678	86.599
67	0.209	0.558	92.624	85.417
68	0.207	0.562	92.750	85.647
69	0.205	0.496	92.658	85.817
70	0.203	0.438	92.831	87.290
71	0.198	0.489	93.069	86.198
72	0.204	0.442	92.760	86.609
73	0.199	0.454	92.875	86.739
74	0.201	0.489	93.009	85.347
75	0.190	0.450	93.373	87.059
76	0.190	0.493	93.297	86.729
77	0.191	0.431	93.169	87.430
78	0.188	0.443	93.259	87.310
79	0.184	0.467	93.405	86.619
80	0.184	0.450	93.456	87.250
81	0.184	0.420	93.405	86.779
82	0.179	0.450	93.574	86.759
83	0.182	0.419	93.492	87.320
84	0.178	0.400	93.764	87.620
85	0.174	0.499	93.826	85.707
86	0.177	0.458	93.698	87.119
87	0.174	0.426	93.724	87.310
88	0.171	0.439	93.902	87.129
89	0.177	0.487	93.772	86.989
90	0.175	0.450	93.824	87.360
91	0.174	0.527	93.814	86.619
92	0.166	0.470	94.065	87.390
93	0.167	0.439	94.161	86.819
94	0.173	0.414	93.852	87.790
95	0.165	0.463	94.137	87.210
96	0.166	0.412	94.187	87.760
97	0.156	0.440	94.395	87.380
98	0.165	0.461	94.235	87.029
99	0.161	0.431	94.227	87.320
100	0.159	0.457	94.297	86.228
101	0.157	0.446	94.439	86.879
102	0.154	0.444	94.449	87.941
103	0.158	0.457	94.411	87.550
104	0.157	0.431	94.433	87.400
105	0.153	0.403	94.565	88.041
106	0.155	0.436	94.399	87.720
107	0.158	0.397	94.435	88.101
108	0.153	0.435	94.497	87.039
109	0.150	0.405	94.698	87.450
110	0.156	0.456	94.389	86.458
111	0.149	0.421	94.744	87.911
112	0.148	0.437	94.744	88.071
113	0.151	0.463	94.643	87.270
114	0.155	0.443	94.615	87.470
115	0.150	0.456	94.615	86.589
116	0.150	0.437	94.718	87.169
117	0.147	0.467	94.774	87.089
118	0.146	0.465	94.778	86.558
119	0.143	0.438	94.994	87.220
120	0.145	0.473	94.822	87.240
121	0.139	0.457	95.072	87.400
122	0.144	0.458	95.012	87.620
123	0.137	0.417	95.132	87.500
124	0.139	0.458	95.082	87.280
125	0.137	0.417	95.200	88.592
126	0.144	0.437	94.864	86.759
127	0.143	0.424	94.914	87.109
128	0.137	0.435	95.162	87.660
129	0.136	0.420	95.341	88.081
130	0.135	0.400	95.160	87.740
131	0.134	0.434	95.204	87.149
132	0.143	0.418	94.958	88.622
133	0.131	0.432	95.435	87.019
134	0.136	0.406	95.104	87.650
135	0.137	0.457	95.142	87.510
136	0.139	0.544	95.090	86.168
137	0.138	0.440	95.136	88.021
138	0.136	0.542	95.200	86.178
139	0.133	0.522	95.258	86.689
140	0.135	0.427	95.212	87.410
141	0.132	0.437	95.341	87.811
142	0.132	0.396	95.311	88.321
143	0.128	0.475	95.513	86.899
144	0.129	0.428	95.457	87.410
145	0.129	0.400	95.415	87.961
146	0.127	0.471	95.451	87.380
147	0.128	0.503	95.431	87.370
148	0.132	0.430	95.288	87.780
149	0.124	0.416	95.581	88.762
150	0.124	0.449	95.583	88.411
151	0.124	0.428	95.613	87.901
152	0.130	0.435	95.477	88.081
153	0.127	0.521	95.515	86.849
154	0.126	0.472	95.573	87.149
155	0.128	0.450	95.479	86.629
156	0.123	0.448	95.589	88.291
157	0.119	0.412	95.751	88.241
158	0.119	0.479	95.775	87.580
159	0.117	0.451	95.821	87.620
160	0.127	0.457	95.475	87.580
161	0.120	0.421	95.793	88.091
162	0.121	0.476	95.669	87.831
163	0.122	0.394	95.587	88.742
164	0.117	0.468	95.825	87.430
165	0.114	0.477	95.940	87.530
166	0.120	0.466	95.721	87.129
167	0.120	0.414	95.793	88.462
168	0.116	0.412	95.765	87.811
169	0.114	0.454	95.998	87.600
170	0.111	0.420	96.054	88.442
171	0.112	0.457	96.080	88.141
172	0.112	0.391	96.038	88.632
173	0.116	0.470	95.915	86.599
174	0.114	0.432	95.980	88.101
175	0.116	0.442	95.861	88.051
176	0.111	0.461	96.100	88.642
177	0.114	0.536	95.988	86.849
178	0.111	0.404	96.118	88.051
179	0.114	0.462	95.968	87.390
180	0.111	0.461	96.054	88.331
181	0.118	0.473	95.783	87.690
182	0.112	0.407	96.012	88.431
183	0.107	0.432	96.316	88.191
184	0.115	0.455	95.936	86.058
185	0.111	0.427	96.014	87.580
186	0.111	0.384	96.032	88.682
187	0.114	0.442	96.034	87.240
188	0.115	0.459	95.966	87.440
189	0.119	0.422	95.743	88.962
190	0.110	0.401	96.106	88.522
191	0.108	0.414	96.246	87.841
192	0.111	0.432	95.970	88.782
193	0.111	0.419	96.064	88.131
194	0.115	0.513	95.895	86.749
195	0.108	0.494	96.194	87.580
196	0.102	0.456	96.428	87.750
197	0.113	0.467	96.002	87.530
198	0.112	0.514	96.008	86.278
199	0.109	0.481	96.114	86.368
200	0.110	0.435	96.100	88.091
201	0.113	0.462	96.054	87.350
202	0.109	0.414	96.098	87.991
203	0.109	0.438	96.114	87.560
204	0.103	0.511	96.408	85.757
205	0.108	0.413	96.196	87.941
206	0.106	0.494	96.204	87.510
207	0.109	0.532	96.156	86.909
208	0.111	0.514	96.036	87.300
209	0.114	0.453	95.998	86.629
210	0.105	0.401	96.300	87.981
211	0.107	0.394	96.078	87.961
212	0.106	0.507	96.210	86.368
213	0.106	0.492	96.292	86.999
214	0.103	0.405	96.414	87.881
215	0.104	0.416	96.352	87.931
216	0.103	0.432	96.486	87.941
217	0.102	0.400	96.420	87.740
218	0.102	0.526	96.414	86.659
219	0.108	0.429	96.178	87.290
220	0.105	0.457	96.240	86.839
221	0.104	0.482	96.286	86.859
222	0.108	0.435	96.176	87.921
223	0.099	0.441	96.520	87.800
224	0.102	0.428	96.364	88.582
225	0.108	0.466	96.112	87.350
226	0.105	0.420	96.262	88.211
227	0.097	0.435	96.562	88.482
228	0.099	0.513	96.462	87.380
229	0.101	0.447	96.460	86.949
230	0.105	0.445	96.330	88.442
231	0.100	0.512	96.506	87.390
232	0.096	0.545	96.577	84.535
233	0.099	0.407	96.510	88.401
234	0.098	0.445	96.536	88.311
235	0.099	0.392	96.538	88.932
236	0.100	0.445	96.518	87.881
237	0.097	0.427	96.569	88.241
238	0.099	0.411	96.386	88.151
239	0.099	0.390	96.438	88.722
240	0.100	0.421	96.430	87.740
241	0.099	0.465	96.544	87.400
242	0.100	0.475	96.414	86.859
243	0.097	0.535	96.573	85.827
244	0.097	0.475	96.597	87.730
245	0.100	0.536	96.360	86.408
246	0.097	0.418	96.667	87.600
247	0.095	0.440	96.687	88.091
248	0.097	0.412	96.486	87.991
249	0.095	0.422	96.679	87.710
250	0.092	0.449	96.793	88.482
251	0.095	1.060	96.705	75.791
252	0.093	0.435	96.783	88.411
253	0.089	0.440	96.887	88.782
254	0.090	0.438	96.915	87.680
255	0.093	0.459	96.665	87.560
256	0.088	0.453	96.935	87.610
257	0.090	0.450	96.843	87.340
258	0.095	0.415	96.665	87.901
259	0.087	0.423	96.989	88.672
260	0.095	0.405	96.617	88.221
261	0.091	0.474	96.797	87.179
262	0.095	0.471	96.707	88.311
263	0.091	0.477	96.829	87.109
264	0.089	0.497	96.855	87.881
265	0.094	0.433	96.699	88.021
266	0.090	0.504	96.897	86.188
267	0.087	0.461	96.949	87.750
268	0.089	0.458	96.901	87.560
269	0.091	0.435	96.759	88.361
270	0.086	0.450	97.037	88.371
271	0.083	0.416	97.135	88.612
272	0.087	0.516	97.055	87.230
273	0.092	0.450	96.791	86.659
274	0.089	0.480	96.853	87.510
275	0.085	0.396	97.037	88.872
276	0.087	0.488	96.947	86.318
277	0.084	0.435	97.087	87.430
278	0.084	0.509	97.005	85.597
279	0.092	0.481	96.727	87.159
280	0.088	0.407	96.919	88.442
281	0.084	0.467	97.083	87.059
282	0.080	0.384	97.264	89.463
283	0.083	0.426	97.033	88.401
284	0.084	0.655	97.121	85.697
285	0.085	0.473	97.069	87.600
286	0.090	0.493	96.933	86.118
287	0.081	0.442	97.111	87.730
288	0.087	0.430	96.947	88.001
289	0.087	0.396	96.983	88.161
290	0.087	0.418	97.047	87.640
291	0.087	0.447	97.045	87.630
292	0.084	0.527	97.117	86.358
293	0.082	0.402	97.228	88.081
294	0.079	0.441	97.216	87.881
295	0.083	0.437	97.101	88.582
296	0.082	0.455	97.183	88.492
297	0.083	0.495	97.151	87.770
298	0.084	0.473	97.109	86.518
299	0.081	0.490	97.194	86.048
300	0.081	0.395	97.159	88.442
301	0.085	0.447	97.133	86.929
302	0.079	0.375	97.208	88.001
303	0.084	0.437	97.071	88.241
304	0.079	0.493	97.364	88.201
305	0.077	0.486	97.334	87.520
306	0.081	0.466	97.125	87.941
307	0.079	0.451	97.278	87.871
308	0.079	0.425	97.200	88.702
309	0.080	0.405	97.202	86.909
310	0.077	0.403	97.374	88.552
311	0.077	0.460	97.366	87.159
312	0.080	0.417	97.248	87.901
313	0.081	0.448	97.192	87.500
314	0.081	0.456	97.143	86.749
315	0.078	0.432	97.296	87.260
316	0.080	0.389	97.296	88.421
317	0.081	0.400	97.155	88.301
318	0.075	0.443	97.430	88.101
319	0.074	0.423	97.474	87.330
320	0.077	0.518	97.460	85.527
321	0.077	0.377	97.342	89.002
322	0.073	0.449	97.430	88.251
323	0.076	0.550	97.390	85.487
324	0.072	0.436	97.490	88.431
325	0.074	0.422	97.484	87.921
326	0.076	0.427	97.388	87.660
327	0.075	0.497	97.514	86.528
328	0.078	0.399	97.324	88.391
329	0.071	0.527	97.496	85.747
330	0.077	0.426	97.354	87.740
331	0.080	0.432	97.175	87.831
332	0.072	0.433	97.532	87.710
333	0.076	0.875	97.344	79.357
334	0.078	0.366	97.312	88.972
335	0.072	0.462	97.586	86.589
336	0.072	0.455	97.498	87.831
337	0.068	0.419	97.722	87.891
338	0.074	0.482	97.464	87.210
339	0.073	0.509	97.496	86.188
340	0.069	0.424	97.658	88.922
341	0.073	0.439	97.474	88.442
342	0.074	0.396	97.484	88.982
343	0.073	0.470	97.484	87.109
344	0.069	0.410	97.710	87.310
345	0.075	0.451	97.346	86.699
346	0.071	0.443	97.560	87.951
347	0.074	0.420	97.362	87.780
348	0.071	0.401	97.554	87.991
349	0.076	0.468	97.380	84.876
350	0.069	0.461	97.590	87.961
351	0.068	0.411	97.580	89.233
352	0.072	0.400	97.532	89.062
353	0.069	0.400	97.634	89.042
354	0.065	0.439	97.762	88.962
355	0.068	0.451	97.652	88.041
356	0.065	0.438	97.804	88.502
357	0.070	0.386	97.578	89.022
358	0.064	0.391	97.794	89.373
359	0.065	0.457	97.837	87.911
360	0.066	0.605	97.702	84.625
361	0.065	0.511	97.811	85.567
362	0.065	0.456	97.808	87.300
363	0.071	0.512	97.618	86.799
364	0.071	0.434	97.562	87.290
365	0.066	0.401	97.712	87.780
366	0.070	0.484	97.570	88.261
367	0.067	0.537	97.672	86.408
368	0.067	0.447	97.614	87.410
369	0.069	0.557	97.630	84.125
370	0.066	0.394	97.752	88.742
371	0.066	0.385	97.726	89.032
372	0.067	0.472	97.710	86.178
373	0.065	0.429	97.796	87.730
374	0.064	0.516	97.877	86.739
375	0.060	0.581	98.039	83.844
376	0.060	0.409	98.005	88.502
377	0.067	0.415	97.692	88.732
378	0.066	0.415	97.764	88.271
379	0.065	0.422	97.819	89.002
380	0.062	0.470	97.913	87.630
381	0.062	0.463	97.911	86.689
382	0.065	0.370	97.786	89.483
383	0.060	0.387	97.965	88.061
384	0.062	0.406	97.891	88.261
385	0.067	0.388	97.650	88.912
386	0.062	0.493	97.893	84.425
387	0.062	0.388	97.853	89.954
388	0.061	0.434	98.001	87.169
389	0.060	0.390	97.957	89.052
390	0.064	0.418	97.806	87.991
391	0.062	0.420	97.819	88.371
392	0.063	0.432	97.915	87.190
393	0.062	0.493	97.891	86.528
394	0.064	0.409	97.859	88.982
395	0.060	0.422	97.903	87.710
396	0.063	0.416	97.845	88.301
397	0.068	0.426	97.632	87.700
398	0.062	0.457	97.907	86.829
399	0.063	0.398	97.885	89.073
400	0.057	0.417	98.087	88.442
401	0.061	0.362	97.947	89.613
402	0.060	0.507	97.945	86.709
403	0.062	0.418	97.879	88.512
404	0.062	0.420	97.873	88.482
405	0.060	0.509	97.983	87.039
406	0.059	0.383	97.941	89.032
407	0.062	0.419	97.933	88.121
408	0.052	0.409	98.255	89.313
409	0.056	0.442	98.145	88.942
410	0.060	0.428	97.965	87.169
411	0.061	0.414	97.981	88.141
412	0.059	0.436	98.009	87.350
413	0.059	0.423	97.957	88.041
414	0.059	0.401	97.977	88.532
415	0.061	0.414	97.915	87.800
416	0.059	0.519	98.015	84.565
417	0.061	0.388	97.949	88.932
418	0.058	0.469	98.071	88.091
419	0.057	0.419	98.093	88.612
420	0.057	0.395	98.097	87.931
421	0.059	0.401	98.017	88.982
422	0.056	0.382	98.127	89.032
423	0.058	0.395	98.051	89.032
424	0.057	0.431	98.059	87.831
425	0.057	0.422	98.105	88.071
426	0.058	0.408	98.053	87.500
427	0.051	0.436	98.255	88.151
428	0.057	0.396	98.045	89.263
429	0.059	0.399	98.067	89.383
430	0.055	0.364	98.119	89.253
431	0.056	0.389	98.061	89.103
432	0.052	0.386	98.287	89.423
433	0.053	0.362	98.233	89.223
434	0.053	0.387	98.221	89.904
435	0.058	0.430	98.079	87.991
436	0.049	0.364	98.399	90.254
437	0.051	0.404	98.319	89.263
438	0.053	0.430	98.265	89.123
439	0.054	0.388	98.177	88.852
440	0.051	0.628	98.353	82.602
441	0.053	0.367	98.237	89.153
442	0.054	0.354	98.219	89.894
443	0.053	0.430	98.203	87.590
444	0.051	0.372	98.345	89.784
445	0.049	0.383	98.427	89.353
446	0.051	0.442	98.257	87.520
447	0.051	0.389	98.289	89.493
448	0.054	0.400	98.207	89.383
449	0.050	0.407	98.285	89.223
450	0.053	0.453	98.163	88.181
451	0.049	0.410	98.444	88.912
452	0.049	0.395	98.454	88.431
453	0.049	0.379	98.349	89.042
454	0.054	0.468	98.201	88.482
455	0.050	0.456	98.335	88.141
456	0.052	0.458	98.251	87.420
457	0.052	0.448	98.377	87.710
458	0.049	0.417	98.411	88.902
459	0.053	0.532	98.265	86.969
460	0.052	0.405	98.277	89.032
461	0.048	0.377	98.438	89.042
462	0.047	0.368	98.401	89.012
463	0.048	0.442	98.480	88.552
464	0.048	0.411	98.462	89.233
465	0.049	0.400	98.357	88.522
466	0.048	0.401	98.407	89.093
467	0.045	0.417	98.576	89.613
468	0.049	0.378	98.389	88.802
469	0.048	0.401	98.403	88.952
470	0.048	0.433	98.438	89.323
471	0.047	0.415	98.462	89.193
472	0.049	0.429	98.345	88.582
473	0.051	0.469	98.321	88.992
474	0.048	0.380	98.440	89.683
475	0.049	0.449	98.419	88.221
476	0.049	0.488	98.355	87.059
477	0.047	0.395	98.429	89.724
478	0.047	0.405	98.440	88.742
479	0.046	0.387	98.478	88.982
480	0.048	0.468	98.425	88.351
481	0.048	0.438	98.492	87.931
482	0.046	0.496	98.494	86.749
483	0.050	0.502	98.323	87.800
484	0.046	0.448	98.482	89.293
485	0.047	0.417	98.446	88.942
486	0.048	0.468	98.452	88.121
487	0.053	0.418	98.281	89.083
488	0.049	0.407	98.399	89.393
489	0.046	0.423	98.534	88.131
490	0.047	0.425	98.488	89.313
491	0.047	0.450	98.413	88.041
492	0.043	0.370	98.620	89.914
493	0.044	0.558	98.596	86.318
494	0.047	0.409	98.456	89.133
495	0.044	0.363	98.586	89.383
496	0.046	0.401	98.446	88.612
497	0.044	0.413	98.590	88.582
498	0.046	0.424	98.480	88.902
499	0.050	0.476	98.349	89.153
500	0.047	0.406	98.419	88.922
501	0.044	0.361	98.484	89.413
502	0.043	0.381	98.664	89.523
503	0.044	0.386	98.530	89.623
504	0.044	0.399	98.574	89.103
505	0.044	0.439	98.614	88.522
506	0.047	0.409	98.470	88.722
507	0.046	0.423	98.546	88.261
508	0.042	0.392	98.702	90.004
509	0.046	0.407	98.464	89.623
510	0.043	0.440	98.584	88.401
511	0.042	0.486	98.670	86.979
512	0.044	0.410	98.588	88.882
513	0.040	0.428	98.692	89.333
514	0.043	0.450	98.622	88.932
515	0.047	0.555	98.470	86.388
516	0.043	0.405	98.572	88.602
517	0.045	0.407	98.554	89.403
518	0.041	0.445	98.686	88.031
519	0.042	0.547	98.606	85.667
520	0.047	0.435	98.508	88.762
521	0.040	0.429	98.708	88.812
522	0.040	0.406	98.742	89.093
523	0.041	0.427	98.692	88.732
524	0.040	0.427	98.740	88.131
525	0.040	0.378	98.726	89.834
526	0.042	0.379	98.662	89.784
527	0.040	0.415	98.678	88.952
528	0.039	0.428	98.808	88.952
529	0.041	0.416	98.714	89.433
530	0.043	0.386	98.646	89.974
531	0.039	0.396	98.760	90.054
532	0.045	0.385	98.538	89.543
533	0.040	0.452	98.670	88.572
534	0.043	0.468	98.596	88.912
535	0.041	0.452	98.676	89.393
536	0.039	0.387	98.778	90.164
537	0.040	0.391	98.726	89.193
538	0.039	0.452	98.776	88.532
539	0.043	0.387	98.624	90.064
540	0.039	0.443	98.758	89.433
541	0.038	0.416	98.786	88.742
542	0.040	0.386	98.684	89.864
543	0.039	0.362	98.752	89.944
544	0.038	0.431	98.812	88.442
545	0.037	0.399	98.812	89.794
546	0.038	0.422	98.776	89.143
547	0.038	0.391	98.784	88.732
548	0.041	0.411	98.646	89.002
549	0.042	0.478	98.666	87.610
550	0.039	0.386	98.742	89.603
551	0.039	0.417	98.782	89.463
552	0.036	0.374	98.852	90.104
553	0.040	0.426	98.688	89.694
554	0.044	0.397	98.606	89.924
555	0.039	0.431	98.780	88.421
556	0.039	0.412	98.790	89.213
557	0.040	0.391	98.730	89.353
558	0.037	0.419	98.814	89.213
559	0.043	0.400	98.622	88.992
560	0.038	0.455	98.832	88.111
561	0.039	0.362	98.772	89.804
562	0.038	0.419	98.782	89.203
563	0.038	0.372	98.760	90.034
564	0.035	0.353	98.916	90.294
565	0.035	0.361	98.916	90.094
566	0.037	0.406	98.812	89.473
567	0.034	0.400	98.928	89.563
568	0.040	0.426	98.712	89.243
569	0.037	0.354	98.848	90.144
570	0.034	0.386	98.954	90.124
571	0.034	0.414	98.938	89.533
572	0.038	0.370	98.834	90.154
573	0.034	0.421	98.934	89.533
574	0.038	0.374	98.766	89.824
575	0.038	0.404	98.782	89.463
576	0.039	0.370	98.752	89.734
577	0.036	0.385	98.876	90.204
578	0.033	0.374	98.950	90.304
579	0.035	0.506	98.908	88.011
580	0.037	0.412	98.842	90.284
581	0.036	0.396	98.926	90.014
582	0.035	0.403	98.910	89.663
583	0.039	0.428	98.808	88.552
584	0.035	0.391	98.902	89.463
585	0.036	0.379	98.890	89.844
586	0.034	0.374	98.950	89.974
587	0.033	0.390	99.002	89.834
588	0.031	0.363	99.115	89.944
589	0.034	0.379	98.936	90.294
590	0.034	0.413	98.904	89.403
591	0.035	0.377	98.926	90.044
592	0.033	0.394	99.030	89.533
593	0.033	0.384	98.934	89.834
594	0.033	0.378	98.956	89.824
595	0.032	0.395	99.032	90.014
596	0.030	0.400	99.163	89.533
597	0.030	0.346	99.083	90.595
598	0.030	0.362	99.109	90.054
599	0.032	0.382	99.016	90.064
600	0.034	0.441	98.950	89.433
601	0.033	0.425	99.000	89.503
602	0.030	0.411	99.101	88.792
603	0.032	0.369	99.010	90.345
604	0.029	0.396	99.119	90.094
605	0.030	0.358	99.062	90.064
606	0.031	0.365	99.075	90.455
607	0.027	0.377	99.251	90.395
608	0.028	0.378	99.173	90.645
609	0.028	0.368	99.141	90.134
610	0.027	0.379	99.151	90.124
611	0.028	0.371	99.185	89.844
612	0.028	0.367	99.163	90.505
613	0.024	0.347	99.297	90.815
614	0.026	0.349	99.245	90.855
615	0.023	0.363	99.337	90.635
616	0.025	0.381	99.259	90.345
617	0.025	0.341	99.245	90.435
618	0.023	0.376	99.379	90.785
619	0.024	0.348	99.299	90.485
620	0.024	0.424	99.307	89.032
621	0.024	0.347	99.297	90.755
622	0.023	0.364	99.343	90.765
623	0.021	0.377	99.433	90.535
624	0.025	0.377	99.247	89.884
625	0.023	0.335	99.355	91.076
626	0.024	0.398	99.321	89.844
627	0.023	0.391	99.393	90.455
628	0.022	0.366	99.381	90.605
629	0.023	0.343	99.377	91.006
630	0.022	0.387	99.399	90.014
631	0.020	0.356	99.525	90.835
632	0.020	0.341	99.477	91.206
633	0.021	0.377	99.417	90.074
634	0.021	0.358	99.427	89.934
635	0.020	0.347	99.487	90.996
636	0.020	0.359	99.481	90.325
637	0.021	0.361	99.429	90.264
638	0.021	0.367	99.403	89.533
639	0.020	0.340	99.499	90.665
640	0.021	0.402	99.427	89.704
641	0.022	0.369	99.375	90.014
642	0.021	0.387	99.401	90.284
643	0.022	0.388	99.421	90.264
644	0.023	0.353	99.311	90.845
645	0.024	0.390	99.315	90.465
646	0.021	0.362	99.433	90.665
647	0.021	0.364	99.455	90.845
648	0.020	0.363	99.475	90.825
649	0.021	0.356	99.409	90.815
650	0.021	0.404	99.415	90.004
651	0.022	0.391	99.383	90.294
652	0.020	0.379	99.455	90.725
653	0.020	0.347	99.503	90.605
654	0.018	0.363	99.569	90.825
655	0.017	0.388	99.593	90.515
656	0.018	0.374	99.509	90.445
657	0.018	0.367	99.567	90.815
658	0.018	0.376	99.519	90.214
659	0.018	0.367	99.555	90.685
660	0.019	0.389	99.471	89.924
661	0.019	0.353	99.513	90.825
662	0.019	0.347	99.523	90.525
663	0.018	0.380	99.563	90.124
664	0.018	0.382	99.545	90.375
665	0.019	0.375	99.477	90.525
666	0.017	0.332	99.561	91.276
667	0.016	0.325	99.589	91.496
668	0.017	0.361	99.563	90.895
669	0.017	0.334	99.595	91.046
670	0.015	0.344	99.679	90.966
671	0.015	0.351	99.639	90.785
672	0.016	0.341	99.617	90.976
673	0.016	0.343	99.603	90.765
674	0.017	0.369	99.577	90.946
675	0.017	0.334	99.565	91.156
676	0.016	0.342	99.619	91.096
677	0.016	0.355	99.609	90.755
678	0.016	0.367	99.607	90.184
679	0.016	0.330	99.609	90.905
680	0.015	0.340	99.635	90.925
681	0.015	0.369	99.619	90.515
682	0.015	0.341	99.629	91.266
683	0.015	0.346	99.637	91.076
684	0.015	0.324	99.661	91.316
685	0.015	0.371	99.629	90.605
686	0.015	0.349	99.639	91.266
687	0.013	0.376	99.710	90.936
688	0.013	0.343	99.712	91.386
689	0.013	0.328	99.738	90.855
690	0.014	0.344	99.702	91.256
691	0.014	0.363	99.681	90.976
692	0.014	0.365	99.700	90.495
693	0.014	0.357	99.661	90.905
694	0.012	0.376	99.732	90.495
695	0.013	0.343	99.742	91.086
696	0.013	0.332	99.696	90.885
697	0.013	0.320	99.728	91.456
698	0.013	0.328	99.732	91.146
699	0.013	0.331	99.734	91.316
700	0.013	0.313	99.730	91.436
701	0.013	0.335	99.752	91.286
702	0.013	0.328	99.728	91.156
703	0.013	0.335	99.748	91.667
704	0.011	0.337	99.770	90.996
705	0.011	0.319	99.782	91.667
706	0.014	0.326	99.694	91.436
707	0.014	0.346	99.661	90.825
708	0.013	0.333	99.750	90.986
709	0.011	0.335	99.780	91.306
710	0.012	0.327	99.724	91.166
711	0.012	0.331	99.770	90.976
712	0.011	0.346	99.780	90.745
713	0.012	0.326	99.770	91.306
714	0.010	0.339	99.832	91.206
715	0.010	0.332	99.792	91.006
716	0.011	0.326	99.792	91.717
717	0.011	0.329	99.776	91.577
718	0.011	0.319	99.776	91.366
719	0.011	0.360	99.772	90.895
720	0.010	0.328	99.830	91.536
721	0.010	0.331	99.800	91.787
722	0.010	0.324	99.800	91.556
723	0.009	0.314	99.856	91.687
724	0.010	0.328	99.834	91.376
725	0.010	0.323	99.812	91.466
726	0.010	0.341	99.814	91.637
727	0.010	0.310	99.810	91.677
728	0.010	0.328	99.790	91.396
729	0.011	0.348	99.770	91.306
730	0.010	0.326	99.846	91.556
731	0.010	0.313	99.820	91.647
732	0.011	0.325	99.776	91.446
733	0.010	0.325	99.816	91.476
734	0.009	0.334	99.846	91.546
735	0.010	0.359	99.838	91.086
736	0.008	0.322	99.880	91.336
737	0.009	0.317	99.840	91.526
738	0.009	0.368	99.830	90.605
739	0.009	0.353	99.834	91.186
740	0.009	0.318	99.868	91.837
741	0.009	0.327	99.828	91.256
742	0.009	0.317	99.858	91.306
743	0.009	0.326	99.854	91.546
744	0.009	0.340	99.822	91.376
745	0.009	0.311	99.858	91.647
746	0.008	0.324	99.884	91.827
747	0.008	0.311	99.874	91.937
748	0.008	0.325	99.846	91.216
749	0.008	0.339	99.888	91.036
750	0.008	0.300	99.890	92.007
751	0.008	0.303	99.884	91.687
752	0.008	0.322	99.878	91.386
753	0.008	0.326	99.878	91.637
754	0.008	0.307	99.858	91.777
755	0.007	0.307	99.922	91.767
756	0.008	0.315	99.872	91.867
757	0.008	0.307	99.870	92.007
758	0.008	0.304	99.876	91.787
759	0.008	0.303	99.868	92.057
760	0.009	0.309	99.844	91.877
761	0.008	0.327	99.884	91.446
762	0.007	0.312	99.892	91.837
763	0.008	0.306	99.904	91.897
764	0.007	0.323	99.922	91.536
765	0.007	0.338	99.900	91.346
766	0.007	0.311	99.902	91.877
767	0.007	0.305	99.902	91.697
768	0.008	0.306	99.878	92.047
769	0.007	0.304	99.884	91.827
770	0.007	0.298	99.922	91.967
771	0.007	0.307	99.910	91.947
772	0.007	0.309	99.904	91.917
773	0.007	0.311	99.898	91.847
774	0.007	0.310	99.904	92.027
775	0.006	0.310	99.922	91.927
776	0.006	0.295	99.914	91.797
777	0.006	0.305	99.928	91.757
778	0.007	0.311	99.930	91.556
779	0.007	0.307	99.898	91.857
780	0.006	0.303	99.918	92.268
781	0.006	0.305	99.920	91.947
782	0.007	0.303	99.894	91.857
783	0.007	0.304	99.906	92.167
784	0.007	0.299	99.926	92.137
785	0.006	0.300	99.940	92.087
786	0.007	0.304	99.902	91.516
787	0.006	0.296	99.930	92.037
788	0.006	0.298	99.916	91.697
789	0.007	0.302	99.894	92.188
790	0.006	0.325	99.934	91.807
791	0.006	0.308	99.932	91.587
792	0.005	0.296	99.960	92.248
793	0.005	0.294	99.950	92.067
794	0.006	0.309	99.944	91.707
795	0.006	0.293	99.928	92.308
796	0.005	0.285	99.956	92.188
797	0.006	0.303	99.932	91.877
798	0.005	0.297	99.940	92.248
799	0.005	0.292	99.946	92.188
800	0.006	0.302	99.926	92.117
801	0.005	0.300	99.946	92.107
802	0.006	0.308	99.926	91.767
803	0.006	0.299	99.938	91.987
804	0.006	0.292	99.932	92.578
805	0.005	0.304	99.940	92.147
806	0.006	0.309	99.952	91.697
807	0.006	0.306	99.932	92.027
808	0.005	0.297	99.946	92.027
809	0.005	0.292	99.946	92.228
810	0.006	0.287	99.946	92.268
811	0.005	0.291	99.958	92.308
812	0.006	0.290	99.940	92.147
813	0.005	0.299	99.958	91.987
814	0.005	0.295	99.948	92.198
815	0.005	0.293	99.954	92.067
816	0.005	0.288	99.934	92.057
817	0.005	0.292	99.944	92.017
818	0.005	0.298	99.930	92.137
819	0.005	0.302	99.958	91.977
820	0.005	0.297	99.934	91.857
821	0.005	0.286	99.946	91.867
822	0.005	0.292	99.924	92.328
823	0.005	0.293	99.958	92.358
824	0.005	0.292	99.944	92.338
825	0.005	0.292	99.970	92.067
826	0.005	0.299	99.944	92.208
827	0.005	0.296	99.964	92.348
828	0.005	0.291	99.946	92.147
829	0.005	0.296	99.958	92.348
830	0.005	0.309	99.958	92.037
831	0.005	0.288	99.966	92.288
832	0.005	0.300	99.964	92.007
833	0.005	0.302	99.966	92.077
834	0.005	0.299	99.948	92.137
835	0.004	0.295	99.970	91.897
836	0.005	0.294	99.944	92.288
837	0.005	0.292	99.966	92.087
838	0.005	0.286	99.946	92.218
839	0.004	0.293	99.964	92.087
840	0.004	0.283	99.966	92.438
841	0.005	0.299	99.950	92.027
842	0.004	0.287	99.966	92.308
843	0.004	0.295	99.966	92.298
844	0.005	0.291	99.966	92.358
845	0.004	0.288	99.966	92.328
846	0.004	0.295	99.970	92.047
847	0.004	0.290	99.976	92.308
848	0.004	0.298	99.966	92.268
849	0.005	0.284	99.956	92.278
850	0.004	0.285	99.970	92.378
851	0.004	0.287	99.964	91.967
852	0.004	0.288	99.978	92.157
853	0.004	0.290	99.958	92.438
854	0.004	0.291	99.984	92.107
855	0.004	0.282	99.988	92.378
856	0.004	0.292	99.972	92.137
857	0.004	0.292	99.956	92.348
858	0.005	0.289	99.962	92.258
859	0.004	0.287	99.972	92.268
860	0.004	0.287	99.952	92.478
861	0.004	0.290	99.976	92.468
862	0.004	0.289	99.976	92.358
863	0.004	0.285	99.966	92.588
864	0.004	0.286	99.978	92.107
865	0.004	0.284	99.974	92.368
866	0.004	0.286	99.962	92.338
867	0.004	0.281	99.972	92.388
868	0.004	0.289	99.980	92.408
869	0.004	0.290	99.960	92.538
870	0.004	0.290	99.980	92.418
871	0.004	0.283	99.966	92.448
872	0.004	0.282	99.980	92.458
873	0.004	0.284	99.964	92.348
874	0.004	0.288	99.962	92.448
875	0.004	0.286	99.984	92.718
876	0.004	0.283	99.978	92.638
877	0.004	0.287	99.972	92.438
878	0.004	0.288	99.978	92.468
879	0.004	0.286	99.966	92.418
880	0.004	0.291	99.978	92.137
881	0.004	0.290	99.960	92.428
882	0.004	0.284	99.974	92.328
883	0.004	0.275	99.970	92.508
884	0.004	0.282	99.986	92.308
885	0.004	0.281	99.972	92.388
886	0.004	0.281	99.978	92.328
887	0.004	0.284	99.980	92.388
888	0.004	0.283	99.978	92.498
889	0.004	0.290	99.980	92.288
890	0.004	0.284	99.974	92.398
891	0.004	0.281	99.972	92.438
892	0.004	0.282	99.980	92.508
893	0.004	0.286	99.966	92.308
894	0.004	0.285	99.978	92.418
895	0.004	0.277	99.972	92.668
896	0.004	0.282	99.982	92.478
897	0.004	0.290	99.988	92.288
898	0.004	0.291	99.976	92.448
899	0.004	0.281	99.972	92.398
900	0.004	0.283	99.986	92.498
901	0.004	0.275	99.972	92.608
902	0.004	0.286	99.980	92.518
903	0.004	0.278	99.986	92.708
904	0.004	0.279	99.966	92.498
905	0.004	0.279	99.964	92.618
906	0.004	0.282	99.986	92.408
907	0.004	0.288	99.978	92.348
908	0.003	0.289	99.980	92.338
909	0.004	0.283	99.986	92.558
910	0.004	0.286	99.966	92.448
911	0.004	0.275	99.972	92.188
912	0.004	0.278	99.976	92.778
913	0.004	0.282	99.970	92.398
914	0.004	0.289	99.972	92.298
915	0.003	0.280	99.980	92.578
916	0.004	0.281	99.978	92.288
917	0.003	0.285	99.980	92.668
918	0.004	0.280	99.978	92.468
919	0.004	0.284	99.986	92.608
920	0.003	0.286	99.984	92.448
921	0.004	0.282	99.980	92.598
922	0.003	0.277	99.982	92.458
923	0.004	0.280	99.980	92.468
924	0.004	0.287	99.982	92.398
925	0.003	0.280	99.986	92.328
926	0.003	0.280	99.978	92.538
927	0.003	0.277	99.982	92.648
928	0.003	0.281	99.980	92.498
929	0.003	0.285	99.982	92.538
930	0.003	0.285	99.984	92.278
931	0.003	0.281	99.984	92.578
932	0.004	0.281	99.984	92.568
933	0.003	0.281	99.988	92.568
934	0.004	0.284	99.978	92.328
935	0.004	0.282	99.978	92.398
936	0.003	0.277	99.976	92.398
937	0.003	0.280	99.982	92.408
938	0.004	0.278	99.974	92.658
939	0.004	0.282	99.986	92.578
940	0.003	0.280	99.988	92.157
941	0.004	0.277	99.974	92.378
942	0.003	0.277	99.988	92.588
943	0.003	0.286	99.992	92.428
944	0.003	0.283	99.988	92.438
945	0.003	0.287	99.982	92.428
946	0.003	0.281	99.988	92.498
947	0.003	0.278	99.984	92.628
948	0.003	0.280	99.986	92.428
949	0.003	0.278	99.988	92.428
950	0.003	0.276	99.980	92.668
951	0.003	0.282	99.978	92.428
952	0.003	0.282	99.984	92.458
953	0.003	0.281	99.972	92.658
954	0.003	0.282	99.986	92.478
955	0.003	0.277	99.980	92.338
956	0.003	0.285	99.972	92.288
957	0.003	0.280	99.988	92.548
958	0.003	0.279	99.982	92.628
959	0.003	0.280	99.978	92.458
960	0.003	0.269	99.980	92.678
961	0.003	0.278	99.972	92.538
962	0.003	0.272	99.972	92.658
963	0.003	0.285	99.980	92.418
964	0.003	0.276	99.994	92.648
965	0.003	0.277	99.984	92.458
966	0.003	0.279	99.982	92.558
967	0.003	0.278	99.986	92.578
968	0.003	0.286	99.986	92.278
969	0.003	0.272	99.974	92.518
970	0.003	0.279	99.988	92.358
971	0.003	0.281	99.986	92.308
972	0.003	0.275	99.982	92.849
973	0.003	0.280	99.986	92.498
974	0.003	0.276	99.988	92.488
975	0.003	0.283	99.988	92.578
976	0.003	0.280	99.980	92.398
977	0.003	0.276	99.986	92.538
978	0.003	0.278	99.982	92.728
979	0.003	0.278	99.982	92.458
980	0.003	0.276	99.992	92.658
981	0.003	0.284	99.988	92.358
982	0.003	0.279	99.988	92.518
983	0.003	0.282	99.990	92.508
984	0.003	0.276	99.986	92.498
985	0.003	0.280	99.986	92.398
986	0.003	0.276	99.988	92.628
987	0.003	0.282	99.978	92.478
988	0.003	0.278	99.982	92.358
989	0.003	0.275	99.994	92.378
990	0.003	0.276	99.978	92.698
991	0.003	0.278	99.992	92.348
992	0.003	0.281	99.984	92.498
993	0.003	0.280	99.990	92.468
994	0.003	0.278	99.984	92.338
995	0.003	0.283	99.992	92.438
996	0.003	0.281	99.992	92.448
997	0.003	0.281	99.986	92.338
998	0.003	0.282	99.994	92.418
999	0.003	0.279	99.980	92.368
