Namespace(arch='vgg_small_1w1a', workers=4, epochs=1000, warm_up_epochs=16, start_epoch=0, batch_size=256, lr=0.1, momentum=0.9, weight_decay=0.0001, num_classes=10, seed=2023, dynamic_range=[0.8, 0.0], resume='', evaluate=False, save_dir='saveModel-00base', print_freq=200, save_every=200)
Epoch	train_loss	val_loss	train_acc	val_acc	
0	2.008	1.857	33.053	38.331
1	2.309	2.281	32.897	36.158
2	2.987	3.047	31.556	36.078
3	3.776	3.629	32.240	37.790
4	4.409	4.299	34.097	39.353
5	4.708	4.586	37.001	39.423
6	4.793	4.249	39.395	44.411
7	4.605	4.065	42.318	47.015
8	4.169	3.478	45.451	49.990
9	3.565	2.925	48.498	52.885
10	2.937	2.470	51.026	55.649
11	2.348	1.892	54.173	58.574
12	1.893	1.497	57.073	61.348
13	1.549	1.317	59.714	64.153
14	1.301	1.144	62.426	65.515
15	1.124	1.021	64.858	67.909
16	1.004	0.876	66.763	70.573
17	0.926	0.868	68.313	70.593
18	0.854	0.792	70.238	72.706
19	0.811	0.765	71.663	73.808
20	0.785	0.758	72.518	73.818
21	0.768	0.722	73.021	75.030
22	0.747	0.719	73.810	75.160
23	0.726	0.692	74.501	76.122
24	0.718	0.681	74.553	76.242
25	0.698	0.685	75.441	76.472
26	0.680	0.686	76.208	76.522
27	0.673	0.691	76.332	75.541
28	0.668	0.646	76.673	77.734
29	0.657	0.647	76.785	77.955
30	0.647	0.647	77.278	77.264
31	0.639	0.652	77.550	77.234
32	0.624	0.623	78.149	78.536
33	0.617	0.603	78.225	79.297
34	0.609	0.601	78.584	78.936
35	0.598	0.605	78.914	79.177
36	0.595	0.622	79.197	78.716
37	0.583	0.598	79.593	79.467
38	0.579	0.607	79.673	79.397
39	0.568	0.596	79.948	79.307
40	0.569	0.589	80.068	79.768
41	0.560	0.575	80.262	80.699
42	0.551	0.562	80.677	80.799
43	0.548	0.598	80.805	79.768
44	0.540	0.571	81.098	80.619
45	0.541	0.563	80.984	80.719
46	0.532	0.573	81.178	80.559
47	0.525	0.563	81.556	80.950
48	0.523	0.561	81.629	80.469
49	0.519	0.543	81.689	81.430
50	0.510	0.571	81.891	80.419
51	0.509	0.551	82.192	80.749
52	0.501	0.531	82.370	82.262
53	0.496	0.518	82.488	82.382
54	0.488	0.542	82.750	81.641
55	0.489	0.544	82.806	82.021
56	0.479	0.528	83.127	82.212
57	0.476	0.547	83.309	81.240
58	0.471	0.528	83.429	81.851
59	0.471	0.520	83.213	82.352
60	0.459	0.526	84.075	82.031
61	0.456	0.542	83.906	81.621
62	0.459	0.511	83.844	82.913
63	0.454	0.520	83.900	82.823
64	0.448	0.524	84.305	82.212
65	0.443	0.502	84.301	83.273
66	0.445	0.531	84.271	81.811
67	0.433	0.509	84.822	83.123
68	0.429	0.506	84.754	82.823
69	0.434	0.514	84.579	83.153
70	0.425	0.506	85.040	82.883
71	0.424	0.496	84.920	83.373
72	0.416	0.489	85.523	83.624
73	0.414	0.496	85.515	83.524
74	0.418	0.503	85.345	83.003
75	0.409	0.519	85.493	83.273
76	0.406	0.504	85.615	83.293
77	0.406	0.507	85.591	83.263
78	0.399	0.518	85.929	82.993
79	0.395	0.489	86.064	84.115
80	0.392	0.487	86.170	83.594
81	0.388	0.475	86.368	84.395
82	0.387	0.479	86.436	83.874
83	0.390	0.480	86.300	84.285
84	0.380	0.501	86.689	83.093
85	0.376	0.474	86.875	84.405
86	0.378	0.483	86.609	84.034
87	0.369	0.487	86.891	84.285
88	0.374	0.480	86.989	84.395
89	0.370	0.472	86.869	84.605
90	0.365	0.480	87.089	84.265
91	0.364	0.495	87.031	83.764
92	0.360	0.496	87.384	83.804
93	0.357	0.479	87.400	84.425
94	0.355	0.476	87.414	84.555
95	0.356	0.468	87.260	85.106
96	0.349	0.480	87.568	84.255
97	0.349	0.454	87.636	84.686
98	0.345	0.468	87.674	85.026
99	0.343	0.467	87.947	85.066
100	0.340	0.508	87.979	84.135
101	0.344	0.470	87.714	84.746
102	0.338	0.458	88.021	85.587
103	0.343	0.477	87.907	84.365
104	0.328	0.473	88.255	84.796
105	0.327	0.452	88.431	85.337
106	0.323	0.481	88.628	84.455
107	0.325	0.445	88.548	85.867
108	0.323	0.471	88.644	84.866
109	0.317	0.467	88.806	84.956
110	0.319	0.472	88.712	84.716
111	0.323	0.528	88.586	83.363
112	0.321	0.470	88.550	84.806
113	0.317	0.465	88.636	85.407
114	0.320	0.464	88.472	84.946
115	0.313	0.482	88.842	84.766
116	0.310	0.473	88.940	84.405
117	0.312	0.455	88.804	85.777
118	0.307	0.472	89.229	84.555
119	0.305	0.451	89.077	85.667
120	0.305	0.457	89.223	85.577
121	0.304	0.458	89.315	85.527
122	0.307	0.464	89.050	85.146
123	0.301	0.463	89.389	84.675
124	0.296	0.477	89.515	85.006
125	0.297	0.463	89.515	84.956
126	0.298	0.459	89.443	85.296
127	0.291	0.444	89.609	85.527
128	0.293	0.451	89.575	85.477
129	0.295	0.442	89.413	85.737
130	0.291	0.445	89.696	86.148
131	0.289	0.436	89.766	85.507
132	0.291	0.458	89.595	85.647
133	0.281	0.445	89.886	85.777
134	0.281	0.449	90.072	86.058
135	0.283	0.461	89.880	85.367
136	0.281	0.455	90.024	85.727
137	0.279	0.451	90.006	85.507
138	0.284	0.466	89.976	84.906
139	0.282	0.457	90.022	85.607
140	0.273	0.438	90.238	86.128
141	0.280	0.437	90.080	86.018
142	0.277	0.461	90.094	85.547
143	0.270	0.469	90.455	85.597
144	0.273	0.458	90.146	85.357
145	0.273	0.443	90.331	85.487
146	0.265	0.446	90.483	85.867
147	0.269	0.445	90.280	84.976
148	0.271	0.438	90.341	86.078
149	0.266	0.444	90.629	86.058
150	0.265	0.457	90.499	85.807
151	0.258	0.454	90.857	85.757
152	0.265	0.450	90.577	85.998
153	0.269	0.442	90.407	86.268
154	0.266	0.429	90.629	86.418
155	0.270	0.471	90.483	85.226
156	0.257	0.442	90.745	85.697
157	0.257	0.441	90.940	86.488
158	0.257	0.460	90.771	86.078
159	0.261	0.489	90.683	84.866
160	0.255	0.446	90.799	86.148
161	0.252	0.452	90.998	86.198
162	0.253	0.455	91.122	85.757
163	0.254	0.436	90.968	86.358
164	0.249	0.432	91.096	87.069
165	0.246	0.427	91.238	86.609
166	0.251	0.448	90.986	86.518
167	0.244	0.452	91.388	86.308
168	0.240	0.467	91.334	85.988
169	0.248	0.455	91.228	86.218
170	0.246	0.440	91.128	86.589
171	0.243	0.462	91.278	85.998
172	0.239	0.445	91.567	86.548
173	0.246	0.467	91.184	85.727
174	0.248	0.437	91.238	86.328
175	0.244	0.456	91.372	85.797
176	0.243	0.474	91.318	85.377
177	0.239	0.459	91.565	85.867
178	0.244	0.463	91.258	85.457
179	0.233	0.435	91.761	86.629
180	0.245	0.436	91.254	86.438
181	0.235	0.445	91.665	86.248
182	0.236	0.448	91.647	86.108
183	0.235	0.446	91.550	86.428
184	0.233	0.445	91.691	86.619
185	0.228	0.432	91.789	86.468
186	0.229	0.456	91.821	85.927
187	0.236	0.449	91.639	86.448
188	0.232	0.437	91.611	86.468
189	0.236	0.458	91.625	86.418
190	0.230	0.431	91.751	86.839
191	0.231	0.461	91.803	86.008
192	0.236	0.465	91.462	86.108
193	0.232	0.451	91.819	86.318
194	0.236	0.455	91.552	85.537
195	0.218	0.439	92.210	86.829
196	0.225	0.469	92.005	85.847
197	0.222	0.440	92.081	86.849
198	0.226	0.430	91.913	86.669
199	0.224	0.457	91.959	86.348
200	0.225	0.457	91.939	85.927
201	0.219	0.442	92.103	86.969
202	0.221	0.445	92.161	86.488
203	0.228	0.469	91.897	86.158
204	0.220	0.447	92.149	85.827
205	0.227	0.453	91.895	86.168
206	0.223	0.444	91.987	86.248
207	0.226	0.441	91.977	86.428
208	0.221	0.451	92.071	86.769
209	0.221	0.463	92.121	86.208
210	0.225	0.437	92.003	86.649
211	0.220	0.453	92.155	85.917
212	0.224	0.442	92.047	86.418
213	0.218	0.480	92.192	84.946
214	0.217	0.460	92.234	85.817
215	0.210	0.463	92.608	86.528
216	0.222	0.454	92.005	86.438
217	0.216	0.452	92.196	86.589
218	0.229	0.460	91.911	85.687
219	0.218	0.442	92.188	86.528
220	0.211	0.454	92.490	86.128
221	0.211	0.458	92.618	86.018
222	0.215	0.434	92.468	86.498
223	0.206	0.492	92.604	85.787
224	0.221	0.490	92.069	85.697
225	0.218	0.473	92.260	85.867
226	0.217	0.455	92.186	86.098
227	0.210	0.431	92.608	86.859
228	0.218	0.459	92.294	86.368
229	0.213	0.423	92.400	86.959
230	0.207	0.475	92.722	85.827
231	0.217	0.461	92.246	85.607
232	0.208	0.472	92.560	85.827
233	0.221	0.520	92.155	85.016
234	0.213	0.447	92.464	86.238
235	0.208	0.458	92.628	86.048
236	0.207	0.455	92.616	86.318
237	0.208	0.511	92.544	85.066
238	0.209	0.459	92.490	86.538
239	0.202	0.437	92.903	86.939
240	0.210	0.458	92.624	86.478
241	0.205	0.452	92.756	86.098
242	0.208	0.459	92.590	86.749
243	0.208	0.452	92.614	86.438
244	0.207	0.438	92.640	86.769
245	0.200	0.433	92.947	87.149
246	0.212	0.459	92.564	86.128
247	0.195	0.467	93.023	85.897
248	0.198	0.444	92.949	86.729
249	0.204	0.454	92.716	86.749
250	0.203	0.415	92.732	87.119
251	0.201	0.412	92.911	87.330
252	0.196	0.436	93.081	86.869
253	0.198	0.431	92.963	86.849
254	0.195	0.435	93.247	87.089
255	0.198	0.429	92.963	86.949
256	0.192	0.449	92.955	86.639
257	0.196	0.449	93.127	86.729
258	0.193	0.419	93.173	87.159
259	0.215	0.434	92.380	87.029
260	0.193	0.434	93.177	87.230
261	0.195	0.439	93.107	86.558
262	0.197	0.443	92.991	87.049
263	0.189	0.491	93.361	86.118
264	0.196	0.432	93.055	87.099
265	0.195	0.476	93.135	85.948
266	0.190	0.438	93.161	87.159
267	0.186	0.449	93.425	86.999
268	0.191	0.475	93.235	85.938
269	0.195	0.413	93.011	87.610
270	0.181	0.422	93.628	87.169
271	0.180	0.434	93.618	86.899
272	0.195	0.425	93.099	86.949
273	0.196	0.445	93.033	87.129
274	0.189	0.433	93.349	87.129
275	0.204	0.448	92.672	86.288
276	0.187	0.458	93.301	86.448
277	0.198	0.438	92.913	87.290
278	0.194	0.450	93.069	86.428
279	0.196	0.443	92.959	87.079
280	0.194	0.426	93.111	87.200
281	0.196	0.415	92.925	87.710
282	0.185	0.416	93.512	87.510
283	0.192	0.427	93.089	87.350
284	0.181	0.457	93.530	86.789
285	0.187	0.444	93.421	87.340
286	0.183	0.443	93.568	86.659
287	0.178	0.445	93.650	86.689
288	0.194	0.422	93.135	87.360
289	0.184	0.446	93.512	86.899
290	0.184	0.448	93.476	86.739
291	0.182	0.420	93.630	87.790
292	0.184	0.434	93.502	86.909
293	0.178	0.446	93.692	87.159
294	0.186	0.463	93.423	86.468
295	0.177	0.407	93.718	88.041
296	0.173	0.431	93.918	87.009
297	0.185	0.431	93.448	87.280
298	0.182	0.432	93.538	86.979
299	0.170	0.406	93.996	87.730
300	0.184	0.471	93.456	86.548
301	0.190	0.413	93.233	87.520
302	0.181	0.414	93.490	87.851
303	0.170	0.439	93.920	87.360
304	0.182	0.435	93.512	87.310
305	0.175	0.442	93.694	86.859
306	0.170	0.427	94.002	87.690
307	0.169	0.437	93.968	87.690
308	0.178	0.434	93.612	87.240
309	0.176	0.452	93.722	86.949
310	0.175	0.427	93.766	87.811
311	0.176	0.437	93.728	87.340
312	0.170	0.687	93.894	81.781
313	0.170	0.430	93.950	87.440
314	0.170	0.418	94.091	87.991
315	0.172	0.427	93.930	87.650
316	0.168	0.457	93.998	86.839
317	0.165	0.427	94.010	87.540
318	0.171	0.456	93.926	86.378
319	0.173	0.412	93.904	87.770
320	0.171	0.424	93.814	87.670
321	0.164	0.423	94.305	87.190
322	0.169	0.397	94.052	87.871
323	0.167	0.448	93.950	87.039
324	0.164	0.452	94.181	87.069
325	0.169	0.455	94.012	86.478
326	0.166	0.436	94.119	87.780
327	0.176	0.425	93.678	87.610
328	0.166	0.448	94.141	87.250
329	0.170	0.454	93.882	86.659
330	0.165	0.450	94.087	86.879
331	0.174	0.425	93.760	87.500
332	0.163	0.436	94.249	87.280
333	0.169	0.446	94.002	86.829
334	0.169	0.431	94.026	87.650
335	0.167	0.455	93.994	86.188
336	0.175	0.424	93.750	87.540
337	0.172	0.443	93.690	87.280
338	0.168	0.428	94.083	87.600
339	0.171	0.420	93.840	87.330
340	0.172	0.444	93.954	87.270
341	0.172	0.409	93.864	87.760
342	0.162	0.469	94.333	86.498
343	0.160	0.420	94.401	87.520
344	0.160	0.419	94.399	87.720
345	0.162	0.436	94.155	87.450
346	0.167	0.426	94.030	87.570
347	0.161	0.435	94.319	87.380
348	0.156	0.423	94.371	87.530
349	0.151	0.423	94.673	87.200
350	0.159	0.438	94.307	87.099
351	0.175	0.443	93.724	87.240
352	0.168	0.426	94.026	87.340
353	0.159	0.429	94.467	87.580
354	0.162	0.439	94.357	87.360
355	0.154	0.417	94.561	87.710
356	0.150	0.408	94.690	87.911
357	0.162	0.437	94.291	87.360
358	0.164	0.459	94.127	86.619
359	0.155	0.421	94.539	87.740
360	0.164	0.431	94.145	87.540
361	0.154	0.415	94.581	87.851
362	0.152	0.404	94.609	87.911
363	0.152	0.425	94.792	87.450
364	0.162	0.409	94.173	87.851
365	0.156	0.389	94.517	87.931
366	0.152	0.431	94.543	87.650
367	0.157	0.412	94.425	87.750
368	0.155	0.406	94.559	87.931
369	0.155	0.434	94.485	87.280
370	0.164	0.428	94.103	87.670
371	0.155	0.473	94.545	86.408
372	0.165	0.404	94.245	87.780
373	0.148	0.439	94.736	87.620
374	0.147	0.419	94.776	87.821
375	0.150	0.409	94.694	87.881
376	0.153	0.427	94.569	87.800
377	0.153	0.412	94.631	87.470
378	0.150	0.445	94.780	87.240
379	0.153	0.415	94.555	87.941
380	0.149	0.432	94.794	87.760
381	0.146	0.396	94.828	88.121
382	0.152	0.425	94.659	87.470
383	0.153	0.458	94.501	86.929
384	0.159	0.415	94.305	88.151
385	0.154	0.419	94.531	87.931
386	0.155	0.411	94.533	87.670
387	0.145	0.415	94.902	88.311
388	0.143	0.426	95.034	87.881
389	0.152	0.452	94.557	87.230
390	0.150	0.414	94.633	87.871
391	0.151	0.400	94.589	87.971
392	0.152	0.410	94.631	87.941
393	0.144	0.423	94.904	87.240
394	0.154	0.442	94.601	87.069
395	0.152	0.428	94.571	87.680
396	0.148	0.410	94.681	87.831
397	0.148	0.464	94.718	86.879
398	0.141	0.430	94.950	88.041
399	0.142	0.441	94.876	87.430
400	0.144	0.464	94.944	86.879
401	0.149	0.427	94.675	87.720
402	0.145	0.434	94.888	87.520
403	0.150	0.433	94.619	87.490
404	0.153	0.406	94.615	88.001
405	0.144	0.425	95.042	87.710
406	0.148	0.453	94.802	87.260
407	0.142	0.426	94.978	87.500
408	0.151	0.401	94.613	88.351
409	0.138	0.418	95.118	87.881
410	0.129	0.424	95.497	87.660
411	0.136	0.417	95.210	87.610
412	0.150	0.463	94.714	86.989
413	0.155	0.439	94.471	87.099
414	0.146	0.429	94.806	87.831
415	0.143	0.442	94.904	87.280
416	0.144	0.406	94.868	87.730
417	0.145	0.405	94.882	88.472
418	0.145	0.415	94.924	87.951
419	0.139	0.449	95.084	87.240
420	0.138	0.420	95.170	87.961
421	0.132	0.421	95.276	87.640
422	0.147	0.425	94.804	87.620
423	0.145	0.432	94.810	88.161
424	0.137	0.415	95.054	88.021
425	0.133	0.447	95.405	87.190
426	0.140	0.412	95.060	87.580
427	0.138	0.411	95.106	87.981
428	0.131	0.438	95.315	87.280
429	0.138	0.406	95.102	88.081
430	0.143	0.447	94.998	87.520
431	0.134	0.410	95.312	87.941
432	0.125	0.412	95.531	87.991
433	0.137	0.407	95.166	88.141
434	0.139	0.408	95.028	88.391
435	0.142	0.409	94.968	87.710
436	0.132	0.392	95.339	88.211
437	0.135	0.413	95.200	88.331
438	0.125	0.404	95.615	88.772
439	0.131	0.401	95.369	87.780
440	0.130	0.389	95.457	88.381
441	0.132	0.407	95.308	88.201
442	0.137	0.399	95.102	88.431
443	0.123	0.424	95.651	88.111
444	0.124	0.416	95.581	88.241
445	0.129	0.417	95.497	87.590
446	0.135	0.425	95.282	87.069
447	0.131	0.438	95.413	87.590
448	0.128	0.384	95.475	88.391
449	0.123	0.412	95.807	88.031
450	0.126	0.420	95.547	87.971
451	0.130	0.479	95.363	86.649
452	0.133	0.446	95.222	87.670
453	0.132	0.425	95.363	87.811
454	0.128	0.403	95.389	88.061
455	0.124	0.423	95.621	87.730
456	0.124	0.417	95.575	88.191
457	0.122	0.405	95.663	88.221
458	0.123	0.396	95.589	88.171
459	0.121	0.408	95.713	88.391
460	0.121	0.446	95.883	87.049
461	0.124	0.417	95.599	88.121
462	0.122	0.419	95.787	87.891
463	0.123	0.402	95.775	88.181
464	0.129	0.441	95.397	86.899
465	0.125	0.449	95.599	87.510
466	0.119	0.416	95.795	88.241
467	0.124	0.429	95.541	88.001
468	0.126	0.414	95.573	87.861
469	0.120	0.468	95.831	87.260
470	0.117	0.415	95.885	88.371
471	0.121	0.446	95.709	87.350
472	0.123	0.425	95.683	87.800
473	0.135	0.426	95.228	87.690
474	0.118	0.400	95.851	88.331
475	0.121	0.413	95.747	88.361
476	0.117	0.408	95.948	88.111
477	0.122	0.432	95.775	87.530
478	0.122	0.386	95.725	88.642
479	0.117	0.434	95.992	87.790
480	0.119	0.432	95.845	87.570
481	0.124	0.430	95.563	88.121
482	0.116	0.410	95.940	88.121
483	0.117	0.435	95.921	87.530
484	0.121	0.426	95.735	88.271
485	0.124	0.413	95.589	88.281
486	0.111	0.398	96.058	88.281
487	0.111	0.425	96.174	87.580
488	0.115	0.431	95.936	87.750
489	0.114	0.391	96.028	88.722
490	0.113	0.421	96.008	88.051
491	0.109	0.418	96.248	88.532
492	0.114	0.432	96.034	87.941
493	0.118	0.399	95.833	88.351
494	0.114	0.420	95.879	88.452
495	0.103	0.409	96.426	88.321
496	0.115	0.402	96.026	88.482
497	0.111	0.435	96.222	87.530
498	0.122	0.403	95.675	88.221
499	0.114	0.409	96.016	88.221
500	0.122	0.419	95.743	88.191
501	0.117	0.441	95.891	87.250
502	0.115	0.417	95.905	88.131
503	0.122	0.434	95.781	87.700
504	0.116	0.435	95.931	87.851
505	0.112	0.414	96.106	88.341
506	0.109	0.421	96.114	88.051
507	0.117	0.402	95.907	88.482
508	0.109	0.404	96.098	88.341
509	0.108	0.405	96.262	88.442
510	0.111	0.405	96.038	88.251
511	0.105	0.422	96.364	88.361
512	0.106	0.392	96.288	88.602
513	0.105	0.409	96.344	88.431
514	0.105	0.410	96.408	87.720
515	0.105	0.424	96.286	88.061
516	0.111	0.409	96.154	88.572
517	0.103	0.401	96.394	88.682
518	0.105	0.408	96.344	88.321
519	0.113	0.400	96.038	88.852
520	0.113	0.446	96.040	87.330
521	0.112	0.438	96.094	87.650
522	0.104	0.419	96.372	88.462
523	0.108	0.427	96.212	87.931
524	0.109	0.418	96.208	88.041
525	0.108	0.416	96.322	88.121
526	0.111	0.411	96.112	88.391
527	0.105	0.397	96.354	88.562
528	0.099	0.423	96.583	88.411
529	0.092	0.427	96.831	88.592
530	0.103	0.448	96.396	87.500
531	0.106	0.395	96.344	88.682
532	0.107	0.420	96.338	87.971
533	0.107	0.423	96.276	88.231
534	0.107	0.446	96.208	87.220
535	0.106	0.429	96.268	87.891
536	0.103	0.417	96.490	88.221
537	0.098	0.401	96.733	88.712
538	0.094	0.404	96.773	88.231
539	0.098	0.393	96.637	88.762
540	0.101	0.383	96.424	88.852
541	0.100	0.427	96.492	87.710
542	0.102	0.448	96.462	87.670
543	0.104	0.411	96.342	88.181
544	0.102	0.425	96.506	87.811
545	0.102	0.408	96.490	88.151
546	0.105	0.409	96.368	88.181
547	0.097	0.397	96.625	88.692
548	0.099	0.406	96.561	88.321
549	0.101	0.409	96.538	87.971
550	0.103	0.399	96.494	88.221
551	0.100	0.421	96.589	87.610
552	0.106	0.417	96.240	88.121
553	0.092	0.384	96.847	89.042
554	0.095	0.414	96.759	88.301
555	0.101	0.407	96.532	88.592
556	0.095	0.395	96.671	88.562
557	0.102	0.400	96.340	88.431
558	0.096	0.404	96.619	88.782
559	0.096	0.407	96.623	88.502
560	0.090	0.391	96.887	88.742
561	0.091	0.415	96.879	88.361
562	0.093	0.389	96.773	88.982
563	0.084	0.393	97.017	88.872
564	0.084	0.386	97.101	88.982
565	0.093	0.421	96.729	87.971
566	0.091	0.424	96.887	87.951
567	0.091	0.390	96.783	89.012
568	0.094	0.400	96.663	88.502
569	0.084	0.400	97.141	88.832
570	0.092	0.409	96.765	88.492
571	0.095	0.395	96.719	88.341
572	0.085	0.400	97.121	88.812
573	0.088	0.426	97.001	87.660
574	0.093	0.406	96.827	88.612
575	0.086	0.402	97.029	88.371
576	0.083	0.401	97.196	89.052
577	0.083	0.394	97.220	88.792
578	0.083	0.427	97.157	88.442
579	0.084	0.426	97.015	88.361
580	0.084	0.416	97.151	88.341
581	0.084	0.395	97.161	88.742
582	0.081	0.421	97.194	88.381
583	0.093	0.407	96.719	88.492
584	0.086	0.413	97.015	88.542
585	0.086	0.415	97.007	88.862
586	0.084	0.408	97.089	88.512
587	0.084	0.418	97.109	88.051
588	0.091	0.409	96.865	88.351
589	0.086	0.402	97.115	88.572
590	0.081	0.412	97.210	88.592
591	0.081	0.392	97.272	88.792
592	0.081	0.400	97.300	88.702
593	0.085	0.490	97.121	86.879
594	0.087	0.413	97.033	88.622
595	0.088	0.403	96.997	88.652
596	0.086	0.404	96.999	88.572
597	0.089	0.413	96.911	88.482
598	0.084	0.423	97.097	88.371
599	0.089	0.446	96.887	87.800
600	0.086	0.405	97.083	88.542
601	0.083	0.393	97.155	88.982
602	0.088	0.424	97.007	88.331
603	0.075	0.392	97.482	89.133
604	0.082	0.396	97.206	89.313
605	0.076	0.403	97.372	88.982
606	0.075	0.410	97.514	88.442
607	0.080	0.412	97.300	88.962
608	0.077	0.410	97.406	88.782
609	0.080	0.399	97.240	88.732
610	0.080	0.401	97.336	88.522
611	0.075	0.385	97.360	89.503
612	0.082	0.410	97.077	88.732
613	0.081	0.403	97.228	88.972
614	0.082	0.405	97.179	88.401
615	0.079	0.399	97.350	88.462
616	0.077	0.423	97.376	88.321
617	0.080	0.402	97.308	88.442
618	0.081	0.418	97.169	88.732
619	0.076	0.405	97.354	88.512
620	0.077	0.394	97.340	88.992
621	0.080	0.406	97.236	88.802
622	0.080	0.390	97.304	88.832
623	0.080	0.437	97.252	88.181
624	0.082	0.389	97.188	89.083
625	0.085	0.418	97.133	88.512
626	0.082	0.412	97.242	88.572
627	0.072	0.398	97.578	88.902
628	0.071	0.403	97.656	89.052
629	0.077	0.424	97.326	88.141
630	0.073	0.400	97.492	88.612
631	0.075	0.403	97.498	88.982
632	0.074	0.407	97.524	88.792
633	0.073	0.404	97.556	89.203
634	0.073	0.396	97.516	88.812
635	0.073	0.394	97.498	89.073
636	0.074	0.396	97.518	88.932
637	0.069	0.379	97.764	89.303
638	0.069	0.371	97.604	89.573
639	0.071	0.386	97.688	88.922
640	0.069	0.406	97.648	88.822
641	0.073	0.394	97.556	88.872
642	0.072	0.417	97.586	89.052
643	0.075	0.401	97.430	89.233
644	0.074	0.396	97.474	88.962
645	0.070	0.402	97.586	88.592
646	0.072	0.384	97.602	88.762
647	0.073	0.399	97.528	88.622
648	0.072	0.392	97.534	88.982
649	0.074	0.396	97.530	89.223
650	0.072	0.403	97.522	88.952
651	0.072	0.410	97.654	88.822
652	0.075	0.423	97.440	88.852
653	0.073	0.398	97.538	88.902
654	0.075	0.402	97.458	88.692
655	0.074	0.392	97.442	89.183
656	0.072	0.399	97.554	89.213
657	0.069	0.401	97.724	88.872
658	0.072	0.399	97.662	89.143
659	0.068	0.427	97.710	88.602
660	0.073	0.403	97.528	88.982
661	0.067	0.413	97.772	89.032
662	0.070	0.382	97.610	89.193
663	0.072	0.402	97.574	88.622
664	0.070	0.387	97.704	89.183
665	0.070	0.392	97.626	88.842
666	0.065	0.389	97.907	88.842
667	0.067	0.399	97.746	89.193
668	0.065	0.378	97.817	89.694
669	0.065	0.405	97.877	88.492
670	0.064	0.399	97.885	89.113
671	0.067	0.398	97.772	88.962
672	0.062	0.417	98.003	88.862
673	0.065	0.382	97.877	89.533
674	0.063	0.406	97.983	89.022
675	0.062	0.394	97.955	89.002
676	0.061	0.390	97.983	89.073
677	0.059	0.401	98.067	89.213
678	0.061	0.399	97.949	89.373
679	0.060	0.377	97.995	89.363
680	0.065	0.378	97.817	89.964
681	0.059	0.392	98.105	89.052
682	0.056	0.390	98.137	89.123
683	0.058	0.390	98.085	89.373
684	0.058	0.412	98.091	88.932
685	0.060	0.404	98.013	89.373
686	0.058	0.385	98.161	89.694
687	0.058	0.390	98.133	89.032
688	0.058	0.391	98.103	89.383
689	0.061	0.373	98.007	89.263
690	0.060	0.376	98.067	89.403
691	0.058	0.401	98.127	88.722
692	0.058	0.389	98.083	89.183
693	0.057	0.385	98.117	89.353
694	0.059	0.401	98.037	89.062
695	0.056	0.405	98.169	88.962
696	0.058	0.400	98.087	89.243
697	0.055	0.425	98.211	88.692
698	0.060	0.384	98.089	89.042
699	0.059	0.400	98.023	88.922
700	0.056	0.393	98.125	89.223
701	0.055	0.385	98.185	89.083
702	0.053	0.405	98.375	88.892
703	0.055	0.401	98.239	89.042
704	0.052	0.389	98.321	89.343
705	0.054	0.395	98.207	88.722
706	0.056	0.407	98.141	88.992
707	0.053	0.394	98.337	89.253
708	0.058	0.397	98.137	89.253
709	0.053	0.389	98.269	89.123
710	0.051	0.380	98.355	89.443
711	0.051	0.388	98.367	88.962
712	0.053	0.393	98.345	88.862
713	0.056	0.392	98.193	89.042
714	0.054	0.379	98.243	89.563
715	0.053	0.393	98.219	89.113
716	0.054	0.395	98.291	89.403
717	0.055	0.378	98.163	89.203
718	0.049	0.394	98.450	89.303
719	0.053	0.372	98.299	89.153
720	0.055	0.423	98.175	88.852
721	0.048	0.376	98.476	89.333
722	0.053	0.373	98.345	89.643
723	0.051	0.401	98.335	88.862
724	0.050	0.394	98.387	88.992
725	0.052	0.382	98.353	89.553
726	0.052	0.395	98.337	89.203
727	0.050	0.398	98.401	89.032
728	0.047	0.379	98.574	89.563
729	0.050	0.377	98.415	89.513
730	0.047	0.395	98.528	89.123
731	0.045	0.383	98.586	89.453
732	0.047	0.376	98.520	89.653
733	0.044	0.383	98.630	89.093
734	0.044	0.389	98.612	89.193
735	0.046	0.380	98.578	89.213
736	0.049	0.394	98.442	89.123
737	0.046	0.381	98.550	89.563
738	0.048	0.393	98.448	89.343
739	0.048	0.385	98.520	89.353
740	0.047	0.390	98.560	89.363
741	0.046	0.388	98.586	89.613
742	0.049	0.384	98.429	89.483
743	0.051	0.390	98.397	89.473
744	0.045	0.380	98.616	89.653
745	0.046	0.388	98.564	89.453
746	0.048	0.396	98.423	89.473
747	0.047	0.375	98.530	89.643
748	0.047	0.386	98.510	89.623
749	0.047	0.367	98.480	89.714
750	0.043	0.385	98.712	89.553
751	0.043	0.396	98.664	89.163
752	0.046	0.365	98.588	89.303
753	0.043	0.361	98.636	89.543
754	0.045	0.365	98.590	89.643
755	0.043	0.380	98.688	89.383
756	0.045	0.382	98.642	89.683
757	0.042	0.394	98.748	89.683
758	0.044	0.388	98.588	89.463
759	0.042	0.388	98.686	89.553
760	0.043	0.380	98.728	89.573
761	0.041	0.374	98.708	89.764
762	0.043	0.364	98.656	89.603
763	0.041	0.383	98.732	89.764
764	0.041	0.395	98.740	89.673
765	0.042	0.359	98.664	89.884
766	0.045	0.370	98.622	89.383
767	0.040	0.379	98.790	89.724
768	0.040	0.379	98.764	89.543
769	0.038	0.375	98.852	89.423
770	0.039	0.373	98.770	89.814
771	0.039	0.381	98.836	89.273
772	0.039	0.381	98.806	89.503
773	0.040	0.385	98.770	89.553
774	0.038	0.373	98.838	89.714
775	0.038	0.381	98.846	89.403
776	0.039	0.378	98.766	89.854
777	0.036	0.370	98.910	89.663
778	0.038	0.380	98.848	89.423
779	0.037	0.368	98.916	89.984
780	0.037	0.387	98.912	89.333
781	0.037	0.375	98.910	89.704
782	0.035	0.386	98.964	89.423
783	0.036	0.371	98.922	89.834
784	0.037	0.372	98.914	89.734
785	0.036	0.377	98.942	89.353
786	0.036	0.385	98.898	89.694
787	0.034	0.377	98.996	89.633
788	0.036	0.386	98.860	89.423
789	0.035	0.370	98.948	90.054
790	0.034	0.374	98.978	89.844
791	0.034	0.370	99.026	89.573
792	0.034	0.364	99.008	89.523
793	0.034	0.371	98.994	89.734
794	0.033	0.370	99.024	89.824
795	0.033	0.364	99.081	90.194
796	0.033	0.368	99.042	89.734
797	0.032	0.358	99.008	89.784
798	0.032	0.375	99.067	89.784
799	0.031	0.368	99.079	89.864
800	0.033	0.353	99.042	90.224
801	0.030	0.368	99.151	89.834
802	0.032	0.368	99.052	89.744
803	0.030	0.374	99.173	89.724
804	0.030	0.378	99.125	89.754
805	0.034	0.376	98.988	89.673
806	0.033	0.372	99.054	89.764
807	0.034	0.380	99.020	89.683
808	0.033	0.380	99.065	89.513
809	0.035	0.370	99.008	89.814
810	0.032	0.381	99.091	89.593
811	0.032	0.371	99.079	89.824
812	0.032	0.371	99.109	89.744
813	0.033	0.373	99.034	89.573
814	0.032	0.363	99.115	89.974
815	0.030	0.361	99.157	89.874
816	0.030	0.367	99.173	89.954
817	0.031	0.371	99.099	89.673
818	0.030	0.370	99.165	89.704
819	0.031	0.372	99.133	89.744
820	0.030	0.382	99.155	89.694
821	0.030	0.375	99.163	89.834
822	0.031	0.372	99.101	89.794
823	0.030	0.377	99.183	90.064
824	0.028	0.378	99.247	89.443
825	0.028	0.366	99.251	90.074
826	0.029	0.367	99.173	90.144
827	0.028	0.382	99.225	89.613
828	0.029	0.376	99.145	89.623
829	0.028	0.372	99.237	89.633
830	0.030	0.376	99.157	89.603
831	0.028	0.367	99.213	89.894
832	0.028	0.360	99.233	90.024
833	0.029	0.368	99.215	89.804
834	0.028	0.370	99.229	89.714
835	0.028	0.386	99.237	89.694
836	0.027	0.373	99.263	89.974
837	0.027	0.374	99.271	89.734
838	0.027	0.360	99.279	90.114
839	0.027	0.370	99.279	89.904
840	0.026	0.370	99.285	89.824
841	0.028	0.368	99.233	89.653
842	0.028	0.367	99.229	89.593
843	0.027	0.374	99.263	89.794
844	0.026	0.368	99.301	89.794
845	0.029	0.364	99.197	90.124
846	0.026	0.376	99.321	89.834
847	0.026	0.367	99.335	89.914
848	0.025	0.368	99.401	90.134
849	0.025	0.371	99.337	89.663
850	0.025	0.359	99.351	90.244
851	0.027	0.361	99.213	90.044
852	0.027	0.358	99.271	90.064
853	0.025	0.359	99.337	90.375
854	0.025	0.355	99.365	90.224
855	0.024	0.347	99.385	90.284
856	0.024	0.373	99.373	90.074
857	0.025	0.370	99.385	89.764
858	0.027	0.371	99.273	89.533
859	0.025	0.382	99.365	89.483
860	0.026	0.368	99.329	90.034
861	0.024	0.364	99.383	89.874
862	0.026	0.355	99.303	90.505
863	0.024	0.368	99.381	90.194
864	0.024	0.374	99.327	89.844
865	0.024	0.365	99.401	89.964
866	0.024	0.370	99.369	90.074
867	0.023	0.366	99.425	89.844
868	0.024	0.359	99.327	89.984
869	0.024	0.359	99.393	90.044
870	0.025	0.373	99.303	90.054
871	0.023	0.376	99.405	89.894
872	0.025	0.358	99.301	90.214
873	0.023	0.376	99.409	89.593
874	0.025	0.366	99.347	90.034
875	0.024	0.362	99.405	89.934
876	0.023	0.376	99.387	89.744
877	0.025	0.361	99.311	89.924
878	0.026	0.364	99.295	89.934
879	0.023	0.363	99.419	89.954
880	0.025	0.361	99.359	90.375
881	0.024	0.374	99.407	89.884
882	0.025	0.367	99.321	89.954
883	0.024	0.375	99.329	89.844
884	0.023	0.361	99.411	89.884
885	0.024	0.367	99.393	89.914
886	0.023	0.366	99.377	89.974
887	0.025	0.376	99.341	89.874
888	0.024	0.362	99.369	89.814
889	0.024	0.359	99.379	89.914
890	0.022	0.357	99.481	90.174
891	0.022	0.356	99.463	90.284
892	0.023	0.358	99.421	90.144
893	0.023	0.365	99.401	90.064
894	0.022	0.364	99.429	89.623
895	0.022	0.358	99.429	90.214
896	0.022	0.362	99.441	90.104
897	0.023	0.359	99.405	90.164
898	0.022	0.365	99.443	90.034
899	0.023	0.361	99.413	90.345
900	0.021	0.356	99.503	90.365
901	0.021	0.358	99.471	90.114
902	0.020	0.363	99.487	90.294
903	0.020	0.369	99.513	89.974
904	0.020	0.360	99.519	90.094
905	0.022	0.372	99.409	89.954
906	0.020	0.368	99.507	90.144
907	0.022	0.363	99.471	90.234
908	0.021	0.366	99.471	90.254
909	0.021	0.355	99.469	90.455
910	0.020	0.358	99.529	90.174
911	0.021	0.362	99.507	90.224
912	0.022	0.367	99.443	89.844
913	0.020	0.366	99.505	90.044
914	0.022	0.369	99.461	90.054
915	0.021	0.367	99.529	90.134
916	0.021	0.369	99.477	90.044
917	0.021	0.372	99.485	89.844
918	0.020	0.357	99.505	90.034
919	0.021	0.362	99.503	90.234
920	0.020	0.377	99.487	89.934
921	0.022	0.373	99.471	89.714
922	0.020	0.360	99.517	90.094
923	0.020	0.353	99.539	90.184
924	0.021	0.364	99.481	90.014
925	0.019	0.365	99.565	90.024
926	0.020	0.360	99.503	90.395
927	0.019	0.366	99.547	90.004
928	0.020	0.362	99.477	89.944
929	0.019	0.354	99.515	90.174
930	0.019	0.364	99.533	90.425
931	0.019	0.374	99.533	89.663
932	0.019	0.378	99.569	89.754
933	0.019	0.380	99.537	89.683
934	0.020	0.371	99.539	90.074
935	0.020	0.357	99.491	89.914
936	0.019	0.356	99.613	90.044
937	0.019	0.370	99.539	90.034
938	0.019	0.360	99.541	89.974
939	0.019	0.367	99.547	89.553
940	0.019	0.367	99.571	89.834
941	0.019	0.373	99.587	89.974
942	0.019	0.367	99.519	89.974
943	0.019	0.374	99.555	89.904
944	0.018	0.375	99.597	89.633
945	0.019	0.367	99.545	90.164
946	0.018	0.358	99.575	90.024
947	0.017	0.360	99.617	90.084
948	0.019	0.367	99.535	90.054
949	0.018	0.367	99.599	90.114
950	0.018	0.368	99.583	90.114
951	0.018	0.361	99.595	90.144
952	0.018	0.356	99.599	90.325
953	0.019	0.360	99.565	89.984
954	0.018	0.359	99.627	90.525
955	0.018	0.368	99.597	90.074
956	0.018	0.364	99.561	89.954
957	0.017	0.365	99.607	90.184
958	0.018	0.368	99.589	90.014
959	0.018	0.365	99.591	90.004
960	0.016	0.362	99.637	89.984
961	0.018	0.356	99.621	90.304
962	0.018	0.361	99.607	90.204
963	0.017	0.362	99.633	90.345
964	0.017	0.362	99.627	89.894
965	0.017	0.371	99.615	90.084
966	0.017	0.360	99.621	90.254
967	0.017	0.354	99.639	90.034
968	0.018	0.353	99.587	90.274
969	0.017	0.354	99.621	90.365
970	0.017	0.360	99.645	90.214
971	0.016	0.364	99.627	90.224
972	0.016	0.358	99.663	89.984
973	0.017	0.351	99.617	90.375
974	0.016	0.349	99.647	90.084
975	0.017	0.362	99.645	90.104
976	0.016	0.357	99.653	90.214
977	0.017	0.366	99.627	90.345
978	0.017	0.353	99.637	90.254
979	0.016	0.367	99.645	89.954
980	0.016	0.361	99.635	89.954
981	0.016	0.357	99.639	90.154
982	0.017	0.355	99.655	90.365
983	0.017	0.358	99.631	90.435
984	0.017	0.357	99.631	90.134
985	0.016	0.357	99.641	90.264
986	0.017	0.358	99.641	90.174
987	0.017	0.358	99.601	90.144
988	0.017	0.364	99.647	90.335
989	0.016	0.353	99.635	90.395
990	0.016	0.359	99.647	90.154
991	0.016	0.356	99.657	90.294
992	0.017	0.352	99.631	90.425
993	0.017	0.361	99.609	90.084
994	0.017	0.358	99.589	90.054
995	0.017	0.369	99.619	89.994
996	0.016	0.359	99.669	90.104
997	0.017	0.361	99.617	90.294
998	0.016	0.354	99.609	90.405
999	0.017	0.362	99.629	90.024
