Namespace(arch='vgg_small_1w1a', workers=4, epochs=1000, warm_up_epochs=16, start_epoch=0, batch_size=256, lr=0.1, momentum=0.9, weight_decay=0.0001, num_classes=10, seed=2023, dynamic_range=[0.8, 0.0], resume='', evaluate=False, save_dir='saveModel-XXX', print_freq=200, save_every=200)
Epoch	train_loss	val_loss	train_acc	val_acc	
0	1.848	1.537	37.853	48.778
Namespace(arch='vgg_small_1w1a', workers=4, epochs=1000, warm_up_epochs=16, start_epoch=0, batch_size=256, lr=0.1, momentum=0.9, weight_decay=0.0001, num_classes=10, seed=2023, dynamic_range=[0.8, 0.0], resume='/home/kmyh/myCode/IM-BNN/IM-BNN/VGG-Small/saveModel-003/best-checkpoint.th', evaluate=True, save_dir='saveModel-XXX', print_freq=200, save_every=200)
Epoch	train_loss	val_loss	train_acc	val_acc	
Namespace(arch='vgg_small_1w1a', workers=4, epochs=1000, warm_up_epochs=16, start_epoch=0, batch_size=256, lr=0.1, momentum=0.9, weight_decay=0.0001, num_classes=10, seed=2023, dynamic_range=[0.8, 0.0], resume='/home/kmyh/myCode/IM-BNN/IM-BNN/VGG-Small/saveModel-003/best-checkpoint.th', evaluate=True, save_dir='saveModel-XXX', print_freq=200, save_every=200)
Epoch	train_loss	val_loss	train_acc	val_acc	
Namespace(arch='vgg_small_1w1a', workers=4, epochs=1000, warm_up_epochs=16, start_epoch=0, batch_size=256, lr=0.1, momentum=0.9, weight_decay=0.0001, num_classes=10, seed=2023, dynamic_range=[0.8, 0.0], resume='/home/kmyh/myCode/IM-BNN/IM-BNN/VGG-Small/saveModel-003/best-checkpoint.th', evaluate=True, save_dir='saveModel-XXX', print_freq=200, save_every=200)
Epoch	train_loss	val_loss	train_acc	val_acc	
Namespace(arch='vgg_small_1w1a', workers=4, epochs=1000, warm_up_epochs=16, start_epoch=0, batch_size=256, lr=0.1, momentum=0.9, weight_decay=0.0001, num_classes=10, seed=2023, dynamic_range=[0.8, 0.0], resume='/home/kmyh/myCode/IM-BNN/IM-BNN/VGG-Small/saveModel-003/best-checkpoint.th', evaluate=True, save_dir='saveModel-XXX', print_freq=200, save_every=200)
Epoch	train_loss	val_loss	train_acc	val_acc	
Namespace(arch='vgg_small_1w1a', workers=4, epochs=1000, warm_up_epochs=16, start_epoch=0, batch_size=256, lr=0.1, momentum=0.9, weight_decay=0.0001, num_classes=10, seed=2023, dynamic_range=[0.8, 0.0], resume='', evaluate=False, save_dir='saveModel-XXX', print_freq=200, save_every=200)
Epoch	train_loss	val_loss	train_acc	val_acc	
Namespace(arch='vgg_small_1w1a', workers=4, epochs=1000, warm_up_epochs=16, start_epoch=0, batch_size=256, lr=0.1, momentum=0.9, weight_decay=0.0001, num_classes=10, seed=2023, dynamic_range=[0.8, 0.0], resume='/home/kmyh/myCode/IM-BNN/IM-BNN/VGG-Small/saveModel-003/best-checkpoint.th', evaluate=True, save_dir='saveModel-XXX', print_freq=200, save_every=200)
Epoch	train_loss	val_loss	train_acc	val_acc	
Namespace(arch='vgg_small_1w1a', workers=4, epochs=1000, warm_up_epochs=16, start_epoch=0, batch_size=256, lr=0.1, momentum=0.9, weight_decay=0.0001, num_classes=10, seed=2023, dynamic_range=[0.8, 0.0], resume='/home/kmyh/myCode/IM-BNN/IM-BNN/VGG-Small/saveModel-003/best-checkpoint.th', evaluate=True, save_dir='saveModel-XXX', print_freq=200, save_every=200)
Epoch	train_loss	val_loss	train_acc	val_acc	
Namespace(arch='vgg_small_1w1a', workers=4, epochs=1000, warm_up_epochs=16, start_epoch=0, batch_size=256, lr=0.1, momentum=0.9, weight_decay=0.0001, num_classes=10, seed=2023, dynamic_range=[0.8, 0.0], resume='none', evaluate=True, save_dir='saveModel-XXX', print_freq=200, save_every=200)
Epoch	train_loss	val_loss	train_acc	val_acc	
Namespace(arch='vgg_small_1w1a', workers=4, epochs=1000, warm_up_epochs=16, start_epoch=0, batch_size=256, lr=0.1, momentum=0.9, weight_decay=0.0001, num_classes=10, seed=2023, dynamic_range=[0.8, 0.0], resume='none', evaluate=True, save_dir='saveModel-XXX', print_freq=200, save_every=200)
Epoch	train_loss	val_loss	train_acc	val_acc	
Namespace(arch='vgg_small_1w1a', workers=4, epochs=1000, warm_up_epochs=16, start_epoch=0, batch_size=256, lr=0.1, momentum=0.9, weight_decay=0.0001, num_classes=10, seed=2023, dynamic_range=[0.8, 0.0], resume='none', evaluate=True, save_dir='saveModel-XXX', print_freq=200, save_every=200)
Epoch	train_loss	val_loss	train_acc	val_acc	
Namespace(arch='vgg_small_1w1a', workers=4, epochs=1000, warm_up_epochs=16, start_epoch=0, batch_size=256, lr=0.1, momentum=0.9, weight_decay=0.0001, num_classes=10, seed=2023, dynamic_range=[0.8, 0.0], resume='none', evaluate=True, save_dir='saveModel-XXX', print_freq=200, save_every=200)
Epoch	train_loss	val_loss	train_acc	val_acc	
Namespace(arch='vgg_small_1w1a', workers=4, epochs=1000, warm_up_epochs=16, start_epoch=0, batch_size=256, lr=0.1, momentum=0.9, weight_decay=0.0001, num_classes=10, seed=2023, dynamic_range=[0.8, 0.0], resume='none', evaluate=True, save_dir='saveModel-XXX', print_freq=200, save_every=200)
Epoch	train_loss	val_loss	train_acc	val_acc	
Namespace(arch='vgg_small_1w1a', workers=4, epochs=1000, warm_up_epochs=16, start_epoch=0, batch_size=256, lr=0.1, momentum=0.9, weight_decay=0.0001, num_classes=10, seed=2023, dynamic_range=[0.8, 0.0], resume='none', evaluate=True, save_dir='saveModel-XXX', print_freq=200, save_every=200)
Epoch	train_loss	val_loss	train_acc	val_acc	
Namespace(arch='vgg_small_1w1a', workers=4, epochs=1000, warm_up_epochs=16, start_epoch=0, batch_size=256, lr=0.1, momentum=0.9, weight_decay=0.0001, num_classes=10, seed=2023, dynamic_range=[0.8, 0.0], resume='none', evaluate=True, save_dir='saveModel-XXX', print_freq=200, save_every=200)
Epoch	train_loss	val_loss	train_acc	val_acc	
Namespace(arch='vgg_small_1w1a', workers=4, epochs=1000, warm_up_epochs=16, start_epoch=0, batch_size=256, lr=0.1, momentum=0.9, weight_decay=0.0001, num_classes=10, seed=2023, dynamic_range=[0.8, 0.0], resume='none', evaluate=True, save_dir='saveModel-XXX', print_freq=200, save_every=200)
Epoch	train_loss	val_loss	train_acc	val_acc	
Namespace(arch='vgg_small_1w1a', workers=4, epochs=1000, warm_up_epochs=16, start_epoch=0, batch_size=256, lr=0.1, momentum=0.9, weight_decay=0.0001, num_classes=10, seed=2023, dynamic_range=[0.8, 0.0], resume='none', evaluate=True, save_dir='saveModel-XXX', print_freq=200, save_every=200)
Epoch	train_loss	val_loss	train_acc	val_acc	
Namespace(arch='vgg_small_1w1a', workers=4, epochs=1000, warm_up_epochs=16, start_epoch=0, batch_size=256, lr=0.1, momentum=0.9, weight_decay=0.0001, num_classes=10, seed=2023, dynamic_range=[0.8, 0.0], resume='none', evaluate=True, save_dir='saveModel-XXX', print_freq=200, save_every=200)
Epoch	train_loss	val_loss	train_acc	val_acc	
Namespace(arch='vgg_small_1w1a', workers=4, epochs=1000, warm_up_epochs=16, start_epoch=0, batch_size=256, lr=0.1, momentum=0.9, weight_decay=0.0001, num_classes=10, seed=2023, dynamic_range=[0.8, 0.0], resume='none', evaluate=True, save_dir='saveModel-XXX', print_freq=200, save_every=200)
Epoch	train_loss	val_loss	train_acc	val_acc	
