Namespace(arch='vgg_small_1w1a', workers=4, epochs=1000, warm_up_epochs=16, start_epoch=0, batch_size=256, lr=0.1, momentum=0.9, weight_decay=0.0001, num_classes=10, seed=2023, dynamic_range=[0.8, 0.0], resume='', evaluate=False, save_dir='saveModel-000', print_freq=200, save_every=200)
Epoch	train_loss	val_loss	train_acc	val_acc	
0	1.705	1.403	39.305	50.521
1	1.512	1.225	48.770	58.654
2	1.385	1.090	55.140	64.032
3	1.206	1.075	61.446	66.757
4	1.019	0.852	66.278	72.165
5	0.861	0.778	70.607	73.427
6	0.759	0.709	73.982	76.002
7	0.673	0.622	76.671	78.716
8	0.619	0.581	78.377	80.409
9	0.579	0.603	79.812	79.858
10	0.556	0.563	80.547	80.970
11	0.535	0.531	81.448	82.622
12	0.507	0.547	82.141	82.041
13	0.495	0.539	82.875	82.302
14	0.487	0.565	82.949	81.540
15	0.473	0.582	83.564	81.761
16	0.464	0.513	83.946	83.584
17	0.442	0.535	84.696	83.193
18	0.419	0.512	85.523	83.844
19	0.410	0.520	85.809	83.994
20	0.391	0.530	86.534	84.075
21	0.383	0.523	86.683	83.824
22	0.377	0.575	86.857	83.003
23	0.358	0.561	87.456	83.233
24	0.348	0.571	87.891	83.714
25	0.340	0.549	87.837	83.534
26	0.322	0.553	88.760	83.844
27	0.321	0.498	88.796	84.886
28	0.310	0.566	89.105	83.954
29	0.307	0.563	89.239	84.465
30	0.297	0.462	89.529	86.558
31	0.301	0.474	89.559	85.988
32	0.290	0.522	89.924	85.176
33	0.287	0.511	90.002	84.896
34	0.276	0.500	90.268	85.697
35	0.272	0.544	90.333	85.236
36	0.272	0.589	90.605	83.994
37	0.267	0.559	90.605	84.425
38	0.260	0.554	90.964	84.555
39	0.255	0.510	90.968	86.258
40	0.250	0.481	91.172	86.258
41	0.247	0.560	91.292	85.056
42	0.245	0.593	91.406	84.065
43	0.241	0.532	91.518	85.166
44	0.241	0.496	91.579	85.968
45	0.240	0.520	91.599	85.317
46	0.239	0.543	91.504	85.667
47	0.236	0.602	91.657	84.736
48	0.224	0.523	92.163	86.258
49	0.227	0.499	92.047	85.867
50	0.224	0.511	91.967	86.518
51	0.224	0.496	92.107	86.408
52	0.220	0.555	92.274	85.998
53	0.211	0.466	92.408	87.129
54	0.216	0.612	92.396	84.665
55	0.209	0.472	92.650	86.839
56	0.212	0.585	92.472	84.796
57	0.208	0.468	92.516	86.729
58	0.208	0.505	92.602	86.789
59	0.208	0.636	92.702	83.904
60	0.204	0.544	92.859	85.016
61	0.199	0.478	92.831	87.069
62	0.197	0.427	93.137	87.280
63	0.195	0.502	93.085	86.789
64	0.192	0.455	93.279	87.861
65	0.198	0.433	93.021	87.320
66	0.195	0.418	93.049	87.881
67	0.196	0.430	93.141	87.520
68	0.194	0.437	93.103	87.480
69	0.181	0.510	93.694	86.959
70	0.184	0.420	93.389	87.029
71	0.188	0.477	93.319	86.478
72	0.185	0.404	93.436	88.452
73	0.184	0.477	93.458	87.119
74	0.188	0.552	93.421	85.156
75	0.175	0.533	93.802	86.228
76	0.181	0.424	93.626	86.869
77	0.176	0.445	93.794	87.690
78	0.185	0.417	93.440	87.630
79	0.175	0.516	93.764	86.729
80	0.174	0.432	93.832	87.780
81	0.173	0.437	93.858	87.059
82	0.168	0.427	94.095	87.460
83	0.174	0.458	93.894	87.049
84	0.164	0.443	94.135	87.861
85	0.171	0.444	94.010	87.570
86	0.170	0.475	93.970	86.869
87	0.164	0.504	94.185	86.378
88	0.167	0.469	94.044	87.430
89	0.164	0.481	94.153	86.639
90	0.165	0.454	94.115	87.490
91	0.160	0.441	94.311	88.021
92	0.158	0.474	94.487	87.079
93	0.163	0.450	94.195	87.510
94	0.162	0.409	94.265	88.061
95	0.162	0.400	94.299	88.011
96	0.162	0.452	94.255	87.530
97	0.164	0.444	94.139	87.310
98	0.157	0.418	94.419	87.871
99	0.154	0.449	94.551	87.640
100	0.148	0.545	94.788	86.418
101	0.152	0.466	94.663	87.019
102	0.152	0.455	94.587	87.430
103	0.150	0.465	94.637	87.650
104	0.148	0.406	94.718	87.560
105	0.151	0.406	94.579	88.151
106	0.147	0.425	94.724	88.021
107	0.153	0.428	94.609	88.121
108	0.150	0.414	94.593	87.179
109	0.149	0.468	94.778	86.829
110	0.149	0.411	94.704	87.440
111	0.148	0.428	94.782	87.851
112	0.143	0.408	94.868	87.740
113	0.147	0.562	94.786	85.897
114	0.151	0.437	94.579	88.071
115	0.145	0.446	94.896	87.760
116	0.145	0.441	94.738	87.901
117	0.139	0.403	95.230	88.632
118	0.138	0.446	95.140	87.380
119	0.143	0.432	94.944	88.001
120	0.147	0.460	94.774	87.410
121	0.139	0.468	95.064	87.099
122	0.134	0.515	95.284	87.039
123	0.144	0.455	94.862	87.380
124	0.147	0.441	94.716	87.450
125	0.139	0.414	95.082	86.909
126	0.140	0.451	94.928	87.550
127	0.135	0.482	95.216	87.470
128	0.136	0.454	95.190	87.490
129	0.133	0.439	95.190	88.191
130	0.140	0.445	95.074	87.750
131	0.137	0.474	95.220	87.089
132	0.135	0.460	95.184	86.949
133	0.129	0.410	95.447	88.642
134	0.132	0.502	95.371	87.440
135	0.126	0.405	95.619	88.331
136	0.129	0.437	95.453	87.790
137	0.135	0.415	95.226	87.660
138	0.133	0.460	95.192	86.819
139	0.134	0.400	95.262	88.341
140	0.131	0.395	95.308	89.463
141	0.135	0.415	95.256	88.281
142	0.130	0.484	95.401	87.410
143	0.135	0.424	95.150	87.089
144	0.124	0.477	95.571	86.829
145	0.126	0.418	95.529	87.951
146	0.126	0.505	95.511	86.338
147	0.123	0.438	95.587	87.640
148	0.128	0.546	95.469	86.909
149	0.127	0.480	95.393	87.670
150	0.124	0.501	95.593	86.839
151	0.133	0.412	95.218	88.401
152	0.126	0.503	95.531	86.959
153	0.130	0.560	95.435	84.926
154	0.123	0.417	95.537	88.121
155	0.120	0.474	95.737	88.011
156	0.122	0.421	95.659	88.201
157	0.125	0.511	95.557	87.139
158	0.128	0.530	95.513	86.168
159	0.124	0.466	95.593	87.059
160	0.124	0.470	95.527	86.969
161	0.121	0.430	95.731	88.291
162	0.122	0.444	95.703	86.929
163	0.123	0.424	95.669	88.181
164	0.123	0.442	95.663	87.941
165	0.118	0.456	95.807	88.131
166	0.119	0.445	95.717	87.831
167	0.121	0.499	95.765	86.859
168	0.115	0.423	95.873	88.672
169	0.122	0.435	95.645	88.552
170	0.123	0.516	95.741	86.599
171	0.117	0.505	95.781	86.789
172	0.118	0.402	95.739	88.582
173	0.121	0.428	95.811	88.261
174	0.121	0.397	95.711	88.912
175	0.113	0.490	95.917	87.149
176	0.113	0.467	96.036	88.221
177	0.120	0.435	95.817	88.442
178	0.123	0.423	95.465	88.612
179	0.119	0.412	95.737	87.971
180	0.115	0.396	95.972	88.972
181	0.114	0.415	95.986	87.921
182	0.110	0.452	96.048	87.460
183	0.111	0.449	96.066	87.871
184	0.116	0.432	95.861	88.572
185	0.114	0.506	96.000	87.831
186	0.116	0.459	95.915	87.841
187	0.118	0.442	95.857	87.720
188	0.111	0.405	96.076	88.862
189	0.114	0.431	96.012	87.490
190	0.111	0.457	96.176	87.640
191	0.118	0.422	95.749	87.841
192	0.113	0.435	95.994	87.821
193	0.117	0.416	95.805	88.552
194	0.111	0.440	96.022	87.981
195	0.112	0.450	96.020	87.139
196	0.112	0.478	96.018	87.620
197	0.112	0.483	96.034	87.230
198	0.117	0.496	95.861	87.390
199	0.105	0.488	96.202	88.331
200	0.113	0.445	95.948	88.792
201	0.112	0.406	96.076	88.722
202	0.110	0.417	96.114	88.051
203	0.109	0.483	96.150	87.650
204	0.105	0.461	96.232	88.111
205	0.105	0.442	96.326	87.991
206	0.108	0.497	96.084	87.300
207	0.119	0.443	95.805	87.650
208	0.109	0.464	96.158	88.051
209	0.108	0.404	96.206	88.772
210	0.110	0.488	96.112	86.839
211	0.112	0.444	96.040	87.290
212	0.110	0.467	96.064	87.670
213	0.123	0.441	95.659	87.430
214	0.107	0.523	96.178	87.260
215	0.103	0.416	96.324	88.181
216	0.105	0.435	96.306	88.081
217	0.110	0.506	96.146	87.240
218	0.106	0.423	96.150	88.141
219	0.116	0.492	95.893	86.909
220	0.109	0.505	96.078	86.579
221	0.107	0.433	96.212	88.482
222	0.100	0.530	96.474	85.867
223	0.107	0.582	96.254	85.877
224	0.113	0.420	96.056	88.371
225	0.104	0.471	96.288	87.600
226	0.104	0.503	96.292	88.191
227	0.106	0.427	96.224	88.431
228	0.104	0.458	96.288	87.540
229	0.106	0.441	96.232	88.241
230	0.101	0.428	96.494	87.841
231	0.105	0.471	96.160	87.690
232	0.105	0.451	96.280	87.320
233	0.103	0.438	96.356	88.131
234	0.106	0.508	96.244	86.599
235	0.105	0.433	96.248	88.452
236	0.109	0.430	96.076	88.492
237	0.094	0.490	96.619	88.061
238	0.105	0.442	96.274	88.281
239	0.109	0.469	96.210	88.051
240	0.103	0.537	96.410	85.707
241	0.107	0.425	96.216	87.600
242	0.099	0.395	96.446	88.842
243	0.105	0.450	96.254	87.981
244	0.100	0.518	96.482	86.619
245	0.104	0.482	96.250	87.300
246	0.107	0.459	96.186	87.941
247	0.103	0.504	96.346	86.769
248	0.109	0.438	96.110	88.051
249	0.108	0.400	96.012	88.832
250	0.097	0.410	96.476	88.041
251	0.102	0.447	96.352	87.680
252	0.104	0.402	96.282	88.431
253	0.096	0.430	96.569	88.462
254	0.103	0.444	96.224	87.780
255	0.103	0.510	96.428	86.829
256	0.099	0.434	96.488	88.752
257	0.106	0.437	96.168	88.582
258	0.095	0.404	96.669	89.042
259	0.095	0.405	96.729	88.932
260	0.096	0.444	96.617	87.780
261	0.089	0.412	96.881	88.762
262	0.098	0.521	96.490	87.400
263	0.094	0.435	96.691	88.632
264	0.095	0.437	96.617	88.171
265	0.102	0.472	96.404	86.909
266	0.100	0.439	96.474	87.310
267	0.096	0.471	96.579	87.089
268	0.097	0.395	96.542	89.123
269	0.091	0.476	96.735	87.931
270	0.093	0.459	96.661	88.281
271	0.090	0.455	96.777	87.159
272	0.090	0.497	96.867	86.689
273	0.095	0.453	96.554	88.151
274	0.092	0.426	96.741	89.173
275	0.093	0.434	96.685	88.762
276	0.091	0.437	96.733	88.191
277	0.096	0.430	96.595	88.452
278	0.085	0.469	96.957	88.291
279	0.091	0.415	96.807	89.183
280	0.092	0.529	96.735	87.019
281	0.088	0.451	96.895	87.680
282	0.093	0.424	96.761	88.231
283	0.086	0.443	96.987	88.462
284	0.087	0.396	96.987	89.163
285	0.090	0.402	96.847	88.732
286	0.087	0.398	96.977	88.702
287	0.082	0.450	97.047	88.371
288	0.085	0.405	97.003	88.812
289	0.092	0.469	96.783	87.420
290	0.092	0.414	96.727	89.483
291	0.092	0.484	96.821	87.129
292	0.095	0.557	96.697	85.537
293	0.090	0.503	96.803	85.978
294	0.091	0.460	96.801	86.599
295	0.084	0.466	97.013	88.091
296	0.090	0.427	96.859	88.251
297	0.096	0.446	96.542	87.971
298	0.085	0.414	97.025	88.001
299	0.092	0.433	96.817	87.730
300	0.088	0.443	96.901	87.590
301	0.086	0.489	97.015	87.169
302	0.093	0.463	96.729	87.360
303	0.087	0.408	97.009	88.892
304	0.086	0.399	97.005	88.782
305	0.082	0.512	97.115	86.418
306	0.082	0.433	97.119	87.630
307	0.087	0.429	96.937	88.231
308	0.079	0.411	97.278	88.151
309	0.081	0.438	97.103	88.442
310	0.077	0.414	97.214	88.371
311	0.085	0.436	97.051	87.981
312	0.086	0.423	96.951	88.361
313	0.084	0.464	96.983	88.371
314	0.086	0.411	96.855	88.131
315	0.083	0.412	97.059	88.842
316	0.089	0.428	96.765	88.341
317	0.084	0.465	97.057	87.590
318	0.077	0.421	97.296	89.163
319	0.080	0.451	97.173	88.151
320	0.082	0.406	97.183	89.363
321	0.080	0.430	97.218	88.892
322	0.082	0.454	97.107	88.652
323	0.075	0.424	97.438	88.732
324	0.078	0.478	97.290	88.321
325	0.077	0.436	97.318	88.201
326	0.080	0.460	97.119	88.802
327	0.090	0.454	96.809	87.480
328	0.084	0.413	97.057	88.271
329	0.072	0.413	97.536	88.502
330	0.076	0.471	97.400	87.210
331	0.078	0.392	97.284	89.794
332	0.074	0.454	97.402	87.931
333	0.071	0.408	97.534	89.213
334	0.075	0.377	97.416	89.393
335	0.073	0.420	97.450	88.862
336	0.077	0.530	97.312	87.059
337	0.082	0.500	97.115	86.458
338	0.078	0.440	97.306	88.141
339	0.076	0.422	97.386	89.133
340	0.077	0.433	97.322	87.270
341	0.074	0.390	97.380	89.393
342	0.070	0.449	97.558	88.291
343	0.072	0.524	97.422	86.418
344	0.069	0.423	97.520	89.263
345	0.074	0.475	97.414	87.780
346	0.070	0.442	97.624	88.331
347	0.073	0.538	97.462	86.468
348	0.080	0.418	97.244	88.271
349	0.074	0.401	97.418	88.151
350	0.071	0.403	97.502	89.143
351	0.071	0.440	97.518	88.682
352	0.071	0.440	97.448	88.181
353	0.078	0.417	97.236	88.231
354	0.071	0.423	97.534	88.201
355	0.074	0.456	97.396	87.530
356	0.070	0.410	97.554	88.902
357	0.074	0.456	97.388	87.730
358	0.072	0.480	97.584	86.999
359	0.079	0.483	97.177	86.599
360	0.073	0.452	97.476	88.041
361	0.067	0.401	97.576	88.361
362	0.070	0.377	97.472	88.852
363	0.065	0.419	97.728	88.482
364	0.067	0.438	97.686	87.931
365	0.066	0.429	97.626	88.712
366	0.072	0.518	97.422	88.071
367	0.069	0.479	97.594	87.480
368	0.067	0.432	97.728	88.792
369	0.075	0.457	97.356	87.580
370	0.070	0.396	97.592	89.243
371	0.068	0.433	97.696	88.842
372	0.076	0.482	97.426	87.670
373	0.071	0.395	97.484	88.822
374	0.069	0.446	97.556	88.592
375	0.065	0.379	97.706	89.603
376	0.067	0.496	97.646	87.800
377	0.067	0.458	97.680	88.872
378	0.064	0.405	97.684	89.052
379	0.065	0.452	97.764	87.360
380	0.066	0.425	97.714	88.101
381	0.065	0.442	97.788	88.712
382	0.063	0.411	97.754	88.371
383	0.068	0.459	97.618	87.670
384	0.062	0.461	97.778	87.480
385	0.061	0.441	97.831	88.942
386	0.061	0.469	97.855	87.901
387	0.063	0.413	97.700	88.351
388	0.065	0.461	97.684	88.782
389	0.066	0.430	97.730	88.111
390	0.065	0.432	97.716	89.002
391	0.067	0.499	97.620	87.079
392	0.066	0.466	97.656	88.371
393	0.065	0.412	97.748	87.921
394	0.067	0.439	97.622	87.881
395	0.068	0.415	97.632	88.321
396	0.062	0.415	97.893	88.612
397	0.063	0.420	97.746	88.812
398	0.061	0.431	97.923	88.011
399	0.064	0.432	97.722	88.812
400	0.058	0.466	97.991	87.500
401	0.061	0.460	97.895	87.740
402	0.061	0.399	97.893	89.103
403	0.061	0.429	97.891	88.512
404	0.060	0.454	97.841	88.442
405	0.062	0.421	97.798	88.962
406	0.065	0.464	97.722	88.361
407	0.061	0.487	97.847	87.750
408	0.067	0.483	97.706	87.410
409	0.062	0.425	97.897	88.812
410	0.058	0.464	97.999	88.552
411	0.061	0.406	97.881	89.413
412	0.060	0.413	97.859	89.113
413	0.059	0.395	97.915	89.794
414	0.058	0.481	97.907	88.171
415	0.057	0.470	98.061	87.780
416	0.060	0.519	97.943	86.949
417	0.062	0.465	97.865	88.091
418	0.060	0.425	97.927	88.712
419	0.058	0.403	97.981	89.303
420	0.063	0.398	97.766	88.431
421	0.059	0.440	97.931	88.381
422	0.061	0.429	97.913	88.421
423	0.060	0.432	97.963	88.712
424	0.062	0.428	97.776	89.203
425	0.063	0.437	97.808	88.612
426	0.059	0.430	97.905	88.742
427	0.060	0.430	97.959	88.462
428	0.055	0.386	98.049	89.513
429	0.055	0.389	98.075	89.623
430	0.052	0.408	98.149	89.814
431	0.053	0.457	98.203	88.442
432	0.052	0.399	98.257	89.714
433	0.055	0.495	98.161	87.580
434	0.058	0.474	97.983	87.901
435	0.057	0.396	97.973	89.173
436	0.058	0.505	97.989	87.190
437	0.056	0.462	98.057	88.371
438	0.063	0.531	97.770	86.188
439	0.055	0.471	98.003	88.141
440	0.053	0.398	98.189	89.353
441	0.059	0.400	97.983	88.391
442	0.055	0.428	98.111	88.522
443	0.053	0.422	98.169	88.261
444	0.054	0.386	98.167	89.073
445	0.054	0.439	98.117	89.213
446	0.058	0.420	97.947	89.173
447	0.057	0.385	98.017	89.874
448	0.058	0.404	97.961	89.083
449	0.051	0.408	98.225	89.273
450	0.053	0.467	98.215	88.442
451	0.054	0.442	98.129	88.411
452	0.053	0.399	98.229	89.643
453	0.051	0.440	98.233	89.193
454	0.054	0.422	98.131	88.702
455	0.052	0.412	98.203	89.303
456	0.050	0.378	98.307	89.593
457	0.052	0.452	98.189	87.991
458	0.052	0.399	98.263	89.183
459	0.051	0.449	98.259	88.341
460	0.047	0.395	98.423	89.663
461	0.047	0.390	98.393	89.483
462	0.050	0.456	98.213	88.051
463	0.046	0.406	98.407	89.874
464	0.048	0.450	98.357	88.271
465	0.052	0.426	98.175	89.213
466	0.050	0.422	98.225	89.073
467	0.048	0.441	98.373	88.902
468	0.048	0.410	98.355	89.423
469	0.050	0.406	98.267	89.553
470	0.050	0.421	98.283	89.563
471	0.052	0.460	98.251	87.069
472	0.049	0.431	98.275	88.692
473	0.050	0.466	98.261	88.291
474	0.044	0.416	98.508	89.002
475	0.051	0.465	98.167	88.722
476	0.047	0.423	98.361	89.143
477	0.050	0.419	98.289	89.042
478	0.045	0.402	98.442	89.393
479	0.045	0.427	98.419	88.992
480	0.046	0.453	98.442	88.752
481	0.046	0.429	98.436	89.042
482	0.048	0.463	98.299	88.792
483	0.047	0.432	98.429	89.073
484	0.044	0.382	98.506	89.613
485	0.047	0.411	98.373	89.413
486	0.045	0.512	98.544	87.901
487	0.047	0.413	98.436	89.643
488	0.049	0.394	98.249	89.593
489	0.045	0.436	98.482	88.702
490	0.047	0.555	98.401	85.968
491	0.045	0.419	98.456	89.473
492	0.045	0.409	98.482	89.083
493	0.043	0.532	98.536	87.230
494	0.046	0.431	98.417	88.882
495	0.046	0.392	98.474	89.784
496	0.042	0.427	98.586	89.223
497	0.044	0.436	98.460	89.052
498	0.044	0.393	98.488	89.653
499	0.042	0.426	98.550	89.283
500	0.045	0.419	98.506	89.283
501	0.043	0.397	98.564	89.293
502	0.044	0.441	98.508	89.203
503	0.046	0.437	98.450	88.802
504	0.042	0.432	98.604	89.263
505	0.044	0.573	98.476	86.278
506	0.046	0.437	98.438	88.822
507	0.048	0.399	98.387	89.734
508	0.043	0.429	98.584	89.273
509	0.039	0.364	98.716	90.194
510	0.041	0.459	98.600	88.842
511	0.042	0.426	98.578	89.383
512	0.045	0.440	98.413	89.413
513	0.046	0.423	98.415	89.183
514	0.044	0.408	98.522	89.663
515	0.043	0.437	98.590	88.532
516	0.041	0.388	98.646	89.633
517	0.041	0.416	98.598	89.183
518	0.040	0.406	98.692	89.754
519	0.044	0.405	98.556	89.073
520	0.043	0.466	98.594	88.051
521	0.042	0.421	98.580	89.613
522	0.040	0.431	98.618	88.812
523	0.041	0.412	98.542	89.223
524	0.037	0.425	98.778	89.113
525	0.038	0.409	98.776	88.932
526	0.041	0.434	98.640	89.463
527	0.040	0.408	98.628	89.533
528	0.041	0.395	98.614	89.704
529	0.038	0.409	98.754	89.403
530	0.036	0.389	98.822	90.315
531	0.038	0.429	98.716	89.623
532	0.037	0.463	98.780	88.842
533	0.035	0.381	98.824	89.754
534	0.036	0.424	98.850	89.493
535	0.039	0.398	98.748	89.904
536	0.037	0.434	98.776	89.593
537	0.035	0.404	98.786	89.673
538	0.033	0.417	98.966	89.213
539	0.038	0.418	98.754	89.353
540	0.040	0.432	98.626	89.493
541	0.039	0.412	98.744	89.483
542	0.035	0.399	98.802	89.533
543	0.038	0.387	98.720	89.774
544	0.041	0.465	98.644	88.271
545	0.039	0.480	98.684	88.371
546	0.038	0.412	98.704	88.852
547	0.036	0.414	98.744	89.463
548	0.036	0.403	98.782	89.513
549	0.037	0.419	98.798	89.573
550	0.034	0.383	98.874	89.824
551	0.033	0.430	98.896	89.373
552	0.033	0.391	98.916	89.894
553	0.036	0.411	98.796	89.193
554	0.033	0.422	98.950	88.912
555	0.034	0.458	98.890	89.103
556	0.036	0.374	98.844	90.375
557	0.035	0.440	98.858	88.952
558	0.033	0.383	98.916	89.994
559	0.035	0.405	98.854	89.864
560	0.032	0.411	98.928	89.884
561	0.035	0.422	98.824	89.573
562	0.033	0.415	98.874	89.553
563	0.033	0.427	98.936	89.523
564	0.037	0.406	98.768	89.643
565	0.037	0.392	98.732	89.734
566	0.035	0.415	98.846	89.583
567	0.033	0.408	98.874	90.084
568	0.032	0.429	98.972	88.582
569	0.030	0.419	99.067	89.603
570	0.030	0.382	99.038	90.455
571	0.030	0.416	99.034	89.663
572	0.037	0.405	98.758	90.074
573	0.031	0.407	99.000	89.794
574	0.031	0.385	98.988	90.254
575	0.031	0.404	99.036	89.854
576	0.032	0.404	98.962	89.794
577	0.032	0.411	98.966	89.433
578	0.033	0.398	98.856	90.224
579	0.031	0.391	99.020	90.214
580	0.031	0.376	98.986	89.844
581	0.030	0.385	99.062	90.074
582	0.031	0.355	99.044	90.134
583	0.035	0.413	98.876	89.563
584	0.033	0.450	98.922	88.782
585	0.034	0.421	98.818	89.533
586	0.031	0.447	99.002	89.373
587	0.032	0.422	98.934	89.523
588	0.035	0.417	98.814	89.493
589	0.032	0.423	98.952	89.403
590	0.030	0.399	99.111	90.184
591	0.032	0.415	98.910	89.353
592	0.032	0.400	98.946	89.894
593	0.032	0.394	98.952	89.623
594	0.030	0.419	99.038	89.744
595	0.030	0.402	99.014	90.114
596	0.030	0.386	98.998	90.074
597	0.030	0.389	99.014	90.264
598	0.030	0.395	99.046	89.954
599	0.029	0.363	99.099	90.294
600	0.030	0.450	98.998	89.283
601	0.030	0.376	99.022	90.645
602	0.030	0.365	99.034	90.375
603	0.029	0.404	99.073	89.533
604	0.032	0.384	98.952	89.914
605	0.029	0.415	99.044	89.663
606	0.030	0.424	99.022	89.193
607	0.027	0.409	99.165	89.754
608	0.029	0.404	99.061	89.663
609	0.027	0.416	99.137	89.413
610	0.029	0.390	99.099	89.834
611	0.029	0.396	99.099	89.904
612	0.029	0.446	99.048	89.383
613	0.031	0.393	98.978	90.004
614	0.031	0.370	99.034	90.445
615	0.030	0.461	99.024	89.083
616	0.030	0.441	99.034	89.683
617	0.028	0.385	99.105	89.934
618	0.027	0.400	99.159	89.734
619	0.025	0.376	99.271	90.415
620	0.028	0.385	99.153	90.154
621	0.027	0.394	99.169	89.864
622	0.027	0.395	99.183	89.944
623	0.025	0.402	99.253	89.573
624	0.026	0.420	99.139	89.413
625	0.027	0.373	99.131	90.345
626	0.028	0.420	99.127	88.862
627	0.028	0.397	99.111	89.774
628	0.026	0.399	99.147	90.445
629	0.027	0.402	99.123	89.754
630	0.026	0.397	99.203	89.954
631	0.027	0.428	99.185	89.032
632	0.028	0.405	99.159	89.714
633	0.023	0.443	99.247	89.373
634	0.026	0.431	99.223	90.154
635	0.025	0.405	99.223	90.505
636	0.024	0.370	99.273	90.635
637	0.024	0.438	99.257	89.223
638	0.022	0.373	99.341	90.294
639	0.021	0.379	99.373	90.375
640	0.021	0.357	99.377	90.805
641	0.021	0.396	99.343	90.254
642	0.022	0.377	99.339	90.194
643	0.022	0.362	99.299	90.805
644	0.021	0.402	99.359	90.104
645	0.020	0.368	99.357	90.735
646	0.020	0.379	99.433	90.565
647	0.021	0.394	99.371	90.154
648	0.020	0.385	99.371	90.244
649	0.020	0.375	99.429	90.745
650	0.018	0.362	99.491	90.865
651	0.018	0.365	99.485	90.535
652	0.017	0.390	99.513	90.044
653	0.018	0.374	99.507	90.865
654	0.017	0.367	99.491	90.765
655	0.017	0.385	99.469	90.665
656	0.018	0.372	99.505	90.445
657	0.017	0.365	99.529	91.046
658	0.017	0.387	99.489	90.565
659	0.016	0.345	99.599	91.176
660	0.017	0.411	99.531	90.345
661	0.017	0.393	99.513	90.635
662	0.016	0.358	99.579	91.126
663	0.015	0.402	99.579	90.825
664	0.017	0.369	99.511	90.725
665	0.015	0.444	99.575	89.744
666	0.014	0.368	99.629	90.966
667	0.016	0.376	99.515	90.765
668	0.015	0.433	99.605	89.293
669	0.016	0.380	99.543	90.805
670	0.014	0.353	99.629	91.116
671	0.014	0.433	99.603	89.653
672	0.015	0.347	99.563	91.486
673	0.015	0.355	99.601	91.176
674	0.015	0.360	99.631	91.216
675	0.014	0.359	99.619	91.196
676	0.014	0.351	99.651	91.336
677	0.014	0.376	99.607	90.875
678	0.014	0.362	99.603	90.895
679	0.013	0.375	99.653	91.026
680	0.015	0.368	99.587	91.146
681	0.014	0.346	99.603	91.186
682	0.014	0.367	99.621	90.956
683	0.014	0.388	99.651	90.855
684	0.013	0.398	99.667	90.355
685	0.013	0.397	99.677	90.264
686	0.013	0.358	99.683	91.166
687	0.012	0.375	99.722	90.845
688	0.012	0.360	99.716	90.735
689	0.012	0.384	99.706	90.946
690	0.012	0.368	99.702	91.056
691	0.012	0.375	99.716	90.885
692	0.012	0.370	99.712	90.956
693	0.010	0.358	99.782	91.016
694	0.011	0.379	99.712	91.156
695	0.011	0.347	99.718	91.146
696	0.011	0.384	99.732	90.585
697	0.011	0.404	99.738	90.495
698	0.012	0.360	99.710	91.176
699	0.010	0.353	99.770	91.136
700	0.011	0.404	99.730	90.575
701	0.011	0.369	99.738	90.785
702	0.010	0.386	99.786	90.585
703	0.011	0.371	99.752	90.775
704	0.010	0.402	99.782	90.315
705	0.010	0.381	99.752	90.996
706	0.010	0.368	99.820	90.905
707	0.009	0.385	99.774	91.036
708	0.010	0.350	99.770	91.256
709	0.009	0.391	99.792	90.905
710	0.010	0.356	99.760	91.206
711	0.009	0.342	99.822	91.607
712	0.009	0.349	99.796	91.426
713	0.010	0.344	99.774	91.316
714	0.010	0.352	99.808	91.236
715	0.010	0.347	99.794	91.326
716	0.010	0.341	99.788	91.266
717	0.009	0.387	99.798	91.246
718	0.009	0.362	99.854	91.296
719	0.010	0.370	99.772	91.106
720	0.009	0.340	99.800	91.597
721	0.009	0.362	99.824	91.396
722	0.009	0.363	99.800	91.176
723	0.009	0.340	99.806	91.757
724	0.008	0.351	99.804	91.326
725	0.010	0.360	99.798	90.905
726	0.008	0.322	99.830	91.637
727	0.008	0.352	99.876	91.506
728	0.008	0.380	99.848	91.006
729	0.008	0.362	99.854	91.106
730	0.008	0.373	99.826	91.116
731	0.007	0.348	99.868	91.587
732	0.008	0.434	99.834	89.483
733	0.009	0.338	99.810	91.707
734	0.008	0.335	99.864	91.777
735	0.008	0.353	99.858	91.476
736	0.008	0.341	99.862	91.917
737	0.007	0.351	99.874	91.516
738	0.007	0.316	99.874	91.927
739	0.007	0.360	99.862	91.466
740	0.007	0.333	99.864	91.887
741	0.007	0.356	99.876	91.376
742	0.007	0.343	99.854	91.607
743	0.007	0.388	99.864	90.685
744	0.008	0.327	99.842	92.017
745	0.007	0.346	99.884	91.617
746	0.007	0.347	99.874	91.647
747	0.007	0.344	99.870	91.587
748	0.007	0.333	99.870	91.707
749	0.007	0.345	99.902	91.767
750	0.006	0.362	99.908	91.246
751	0.007	0.347	99.880	91.587
752	0.007	0.341	99.872	91.657
753	0.006	0.355	99.900	91.607
754	0.006	0.337	99.890	91.647
755	0.006	0.335	99.906	91.947
756	0.006	0.335	99.884	91.597
757	0.008	0.332	99.834	91.807
758	0.007	0.341	99.886	91.647
759	0.007	0.352	99.882	91.567
760	0.006	0.329	99.904	92.097
761	0.006	0.337	99.918	91.787
762	0.005	0.340	99.938	91.436
763	0.006	0.351	99.900	91.637
764	0.006	0.345	99.894	92.177
765	0.006	0.349	99.912	91.637
766	0.006	0.317	99.904	91.817
767	0.006	0.373	99.922	90.956
768	0.006	0.349	99.906	91.436
769	0.005	0.321	99.922	92.157
770	0.006	0.332	99.916	91.737
771	0.005	0.345	99.916	91.707
772	0.005	0.334	99.934	91.807
773	0.005	0.336	99.928	91.797
774	0.006	0.346	99.918	91.677
775	0.005	0.326	99.930	92.107
776	0.006	0.326	99.910	91.927
777	0.005	0.342	99.942	91.587
778	0.006	0.321	99.912	92.097
779	0.006	0.321	99.906	92.007
780	0.005	0.349	99.920	91.366
781	0.005	0.323	99.926	91.997
782	0.005	0.309	99.906	92.608
783	0.005	0.334	99.940	91.877
784	0.005	0.325	99.950	91.847
785	0.005	0.326	99.922	92.027
786	0.005	0.341	99.908	91.577
787	0.005	0.341	99.920	91.516
788	0.005	0.325	99.946	91.897
789	0.005	0.332	99.922	91.867
790	0.005	0.332	99.926	91.637
791	0.005	0.332	99.908	92.137
792	0.005	0.346	99.930	91.256
793	0.005	0.329	99.934	91.847
794	0.005	0.319	99.932	91.977
795	0.004	0.326	99.950	91.897
796	0.005	0.319	99.924	91.927
797	0.005	0.329	99.928	92.087
798	0.005	0.330	99.922	91.977
799	0.005	0.345	99.950	91.506
800	0.005	0.320	99.938	91.877
801	0.004	0.311	99.944	92.067
802	0.004	0.313	99.954	92.177
803	0.004	0.332	99.940	92.228
804	0.004	0.322	99.952	92.218
805	0.004	0.352	99.954	91.697
806	0.004	0.339	99.956	91.927
807	0.004	0.321	99.962	91.987
808	0.004	0.317	99.970	92.258
809	0.004	0.329	99.942	91.857
810	0.004	0.315	99.952	91.987
811	0.004	0.333	99.942	91.787
812	0.004	0.342	99.948	91.877
813	0.004	0.321	99.942	91.707
814	0.004	0.337	99.946	91.767
815	0.004	0.334	99.940	91.727
816	0.004	0.322	99.936	92.037
817	0.004	0.338	99.952	91.887
818	0.004	0.317	99.962	92.298
819	0.004	0.322	99.932	92.087
820	0.004	0.316	99.942	92.027
821	0.004	0.323	99.954	92.218
822	0.004	0.323	99.970	92.298
823	0.004	0.322	99.968	92.147
824	0.004	0.340	99.974	91.897
825	0.004	0.320	99.958	92.218
826	0.004	0.323	99.950	92.258
827	0.004	0.321	99.960	92.328
828	0.004	0.336	99.962	91.657
829	0.004	0.332	99.970	92.097
830	0.004	0.311	99.968	92.107
831	0.004	0.313	99.960	92.167
832	0.004	0.319	99.962	92.057
833	0.004	0.329	99.962	91.717
834	0.004	0.312	99.962	92.198
835	0.004	0.305	99.950	92.167
836	0.004	0.310	99.960	92.428
837	0.004	0.324	99.970	92.107
838	0.004	0.311	99.964	92.298
839	0.004	0.351	99.954	91.707
840	0.004	0.319	99.960	92.027
841	0.004	0.327	99.962	92.007
842	0.003	0.321	99.966	92.318
843	0.003	0.314	99.982	92.147
844	0.004	0.307	99.954	92.328
845	0.003	0.336	99.974	91.637
846	0.003	0.330	99.978	91.707
847	0.003	0.323	99.958	92.137
848	0.003	0.335	99.956	91.937
849	0.003	0.317	99.968	92.408
850	0.003	0.319	99.972	92.147
851	0.003	0.331	99.972	92.087
852	0.003	0.325	99.970	92.027
853	0.003	0.320	99.970	92.037
854	0.004	0.320	99.960	92.047
855	0.003	0.321	99.972	91.897
856	0.003	0.323	99.964	92.107
857	0.003	0.329	99.972	91.977
858	0.003	0.319	99.974	92.077
859	0.003	0.314	99.972	92.428
860	0.003	0.322	99.966	92.067
861	0.003	0.317	99.982	92.308
862	0.003	0.309	99.968	92.228
863	0.003	0.305	99.972	92.127
864	0.003	0.308	99.976	92.438
865	0.003	0.321	99.978	92.428
866	0.003	0.311	99.980	92.418
867	0.003	0.315	99.982	92.328
868	0.003	0.313	99.970	92.238
869	0.003	0.317	99.962	92.328
870	0.003	0.316	99.962	92.107
871	0.003	0.306	99.972	92.488
872	0.003	0.310	99.984	92.308
873	0.003	0.325	99.964	92.308
874	0.003	0.306	99.984	92.468
875	0.003	0.314	99.970	92.198
876	0.003	0.326	99.982	91.897
877	0.003	0.312	99.978	92.147
878	0.003	0.315	99.986	92.468
879	0.003	0.306	99.976	92.278
880	0.003	0.303	99.986	92.558
881	0.003	0.313	99.978	92.258
882	0.003	0.325	99.974	92.127
883	0.003	0.312	99.978	92.308
884	0.003	0.328	99.974	92.027
885	0.003	0.319	99.974	92.388
886	0.003	0.301	99.980	92.538
887	0.003	0.313	99.976	92.418
888	0.003	0.308	99.966	92.258
889	0.003	0.317	99.962	92.338
890	0.003	0.309	99.972	92.348
891	0.003	0.319	99.988	91.887
892	0.003	0.311	99.986	92.328
893	0.003	0.303	99.982	92.428
894	0.003	0.306	99.972	92.648
895	0.003	0.321	99.970	92.338
896	0.003	0.312	99.972	92.258
897	0.003	0.308	99.986	92.288
898	0.003	0.325	99.980	91.987
899	0.003	0.318	99.980	92.157
900	0.002	0.321	99.992	92.087
901	0.003	0.301	99.984	92.448
902	0.003	0.306	99.980	92.358
903	0.003	0.322	99.978	92.137
904	0.003	0.299	99.982	92.478
905	0.003	0.305	99.988	92.408
906	0.003	0.313	99.978	92.338
907	0.003	0.311	99.972	92.588
908	0.003	0.304	99.974	92.698
909	0.003	0.317	99.986	92.538
910	0.003	0.309	99.984	92.348
911	0.003	0.306	99.976	92.438
912	0.003	0.310	99.986	92.468
913	0.002	0.332	99.990	92.137
914	0.002	0.318	99.992	92.288
915	0.003	0.308	99.974	92.398
916	0.003	0.306	99.980	92.648
917	0.003	0.308	99.986	92.318
918	0.003	0.310	99.988	92.278
919	0.003	0.325	99.980	92.047
920	0.003	0.315	99.982	92.318
921	0.003	0.304	99.982	92.458
922	0.003	0.316	99.978	92.398
923	0.002	0.314	99.990	92.198
924	0.003	0.305	99.984	92.428
925	0.003	0.312	99.986	92.568
926	0.002	0.301	99.982	92.638
927	0.003	0.309	99.986	92.478
928	0.003	0.307	99.986	92.548
929	0.003	0.310	99.978	92.398
930	0.003	0.298	99.982	92.438
931	0.003	0.309	99.986	92.548
932	0.002	0.306	99.990	92.618
933	0.003	0.307	99.980	92.348
934	0.002	0.321	99.984	92.177
935	0.003	0.306	99.982	92.318
936	0.002	0.310	99.986	92.308
937	0.002	0.305	99.984	92.488
938	0.002	0.301	99.992	92.568
939	0.002	0.311	99.992	92.368
940	0.003	0.316	99.978	92.238
941	0.002	0.309	99.986	92.408
942	0.003	0.302	99.980	92.688
943	0.003	0.307	99.984	92.438
944	0.002	0.304	99.984	92.558
945	0.003	0.299	99.978	92.819
946	0.002	0.311	99.986	92.558
947	0.002	0.303	99.990	92.468
948	0.002	0.313	99.984	92.298
949	0.003	0.308	99.984	92.478
950	0.003	0.307	99.980	92.618
951	0.003	0.301	99.982	92.819
952	0.002	0.296	99.986	92.528
953	0.002	0.308	99.992	92.388
954	0.002	0.303	99.978	92.558
955	0.002	0.301	99.996	92.668
956	0.002	0.303	99.994	92.538
957	0.002	0.301	99.988	92.638
958	0.002	0.306	99.990	92.498
959	0.002	0.311	99.986	92.288
960	0.002	0.305	99.988	92.458
961	0.003	0.303	99.986	92.698
962	0.002	0.301	99.982	92.548
963	0.002	0.310	99.990	92.368
964	0.002	0.304	99.986	92.618
965	0.002	0.308	99.982	92.388
966	0.002	0.306	99.986	92.408
967	0.002	0.310	99.990	92.498
968	0.002	0.309	99.992	92.438
969	0.002	0.305	99.984	92.528
970	0.002	0.304	99.986	92.368
971	0.002	0.304	99.978	92.688
972	0.002	0.308	99.986	92.518
973	0.002	0.298	99.990	92.568
974	0.002	0.301	99.988	92.468
975	0.002	0.304	99.986	92.508
976	0.002	0.299	99.984	92.518
977	0.002	0.305	99.988	92.548
978	0.002	0.300	99.994	92.588
979	0.002	0.304	99.986	92.638
980	0.002	0.307	99.992	92.398
981	0.002	0.305	99.990	92.328
982	0.002	0.301	99.980	92.538
983	0.002	0.303	99.990	92.528
984	0.002	0.299	99.994	92.578
985	0.002	0.297	99.982	92.568
986	0.002	0.305	99.990	92.398
987	0.002	0.307	99.984	92.268
988	0.002	0.299	99.992	92.698
989	0.002	0.298	99.982	92.468
990	0.002	0.302	99.990	92.358
991	0.002	0.300	99.982	92.408
992	0.002	0.298	99.986	92.598
993	0.002	0.301	99.990	92.468
994	0.002	0.302	99.986	92.588
995	0.002	0.296	99.982	92.458
996	0.002	0.299	99.986	92.588
997	0.002	0.301	99.990	92.588
998	0.002	0.302	99.982	92.518
999	0.002	0.304	99.990	92.478
